an overview of the results of each solver

iteration,z3-crash,z3-sat,z3-time,mathsat-crash,mathsat-sat,mathsat-time
1,unsat,real 0.02 user 0.02 sys 0.00,unsat,real 0.01 user 0.00 sys 0.00
2,unsat,real 0.36 user 0.34 sys 0.02,unsat,real 0.00 user 0.00 sys 0.00
3,unsat,real 0.05 user 0.04 sys 0.00,unsat,real 0.00 user 0.00 sys 0.00
4,unsat,real 0.04 user 0.04 sys 0.00,unsat,real 0.00 user 0.00 sys 0.00
5,sat,real 0.02 user 0.02 sys 0.00,sat,real 0.00 user 0.00 sys 0.00
6,timeout,real 300.13 user 281.26 sys 18.87,sat,real 0.47 user 0.42 sys 0.04
7,timeout,real 300.01 user 288.32 sys 11.70,sat,real 0.00 user 0.00 sys 0.00
8,sat,real 4.29 user 3.35 sys 0.94,sat,real 0.00 user 0.00 sys 0.00
9,unsat,real 0.10 user 0.09 sys 0.01,unsat,real 0.00 user 0.00 sys 0.00
10,sat,real 0.02 user 0.02 sys 0.00,sat,real 0.04 user 0.03 sys 0.00
11,sat,real 2.14 user 1.85 sys 0.28,sat,real 0.00 user 0.00 sys 0.00
12,sat,real 3.62 user 3.05 sys 0.56,sat,real 0.11 user 0.10 sys 0.01
13,sat,real 27.71 user 25.69 sys 2.02,sat,real 0.00 user 0.00 sys 0.00
14,sat,real 3.34 user 2.89 sys 0.45,sat,real 0.01 user 0.01 sys 0.00
15,timeout,real 300.00 user 255.00 sys 44.96,sat,real 0.00 user 0.00 sys 0.00
16,sat,real 0.42 user 0.32 sys 0.10,sat,real 0.00 user 0.00 sys 0.00
17,sat,real 4.35 user 3.69 sys 0.66,sat,real 0.05 user 0.05 sys 0.00
18,sat,real 15.23 user 12.53 sys 2.69,sat,real 0.67 user 0.59 sys 0.07
19,sat,real 11.63 user 9.41 sys 2.21,sat,real 0.00 user 0.00 sys 0.00
20,unsat,real 0.00 user 0.00 sys 0.00,unsat,real 0.00 user 0.00 sys 0.00
21,sat,real 0.96 user 0.74 sys 0.21,sat,real 0.01 user 0.00 sys 0.00
22,sat,real 0.10 user 0.08 sys 0.02,sat,real 0.00 user 0.00 sys 0.00
23,unsat,real 0.11 user 0.10 sys 0.01,unsat,real 0.00 user 0.00 sys 0.00
24,sat,real 4.79 user 4.25 sys 0.54,sat,real 0.00 user 0.00 sys 0.00
25,unsat,real 0.06 user 0.06 sys 0.00,unsat,real 0.00 user 0.00 sys 0.00
26,sat,real 0.03 user 0.03 sys 0.00,sat,real 0.04 user 0.03 sys 0.00
27,sat,real 8.98 user 8.07 sys 0.91,sat,real 0.32 user 0.30 sys 0.02
28,unsat,real 0.02 user 0.01 sys 0.00,unsat,real 0.00 user 0.00 sys 0.00
29,unsat,real 0.34 user 0.27 sys 0.06,unsat,real 0.01 user 0.01 sys 0.00
30,timeout,real 300.01 user 241.05 sys 58.84,sat,real 0.14 user 0.10 sys 0.01
31,sat,real 1.71 user 1.46 sys 0.24,sat,real 0.03 user 0.01 sys 0.00
32,unsat,real 0.11 user 0.10 sys 0.01,unsat,real 0.00 user 0.00 sys 0.00
33,sat,real 0.11 user 0.08 sys 0.03,sat,real 0.01 user 0.00 sys 0.00
34,sat,real 0.13 user 0.11 sys 0.01,sat,real 0.03 user 0.00 sys 0.00
35,sat,real 0.02 user 0.01 sys 0.00,sat,real 0.01 user 0.00 sys 0.00
36,sat,real 172.84 user 167.92 sys 4.88,sat,real 0.00 user 0.00 sys 0.00
37,sat,real 11.05 user 8.32 sys 2.72,sat,real 0.00 user 0.00 sys 0.00
38,timeout,real 300.00 user 243.79 sys 56.15,sat,real 0.00 user 0.00 sys 0.00
39,sat,real 0.29 user 0.23 sys 0.05,sat,real 0.01 user 0.00 sys 0.00
40,unsat,real 0.04 user 0.04 sys 0.00,unsat,real 0.00 user 0.00 sys 0.00
41,sat,real 1.39 user 1.38 sys 0.01,sat,real 0.62 user 0.57 sys 0.04
42,unsat,real 7.73 user 7.28 sys 0.45,unsat,real 0.00 user 0.00 sys 0.00
43,sat,real 7.69 user 6.70 sys 0.99,sat,real 0.00 user 0.00 sys 0.00
44,sat,real 6.65 user 4.83 sys 1.82,sat,real 0.00 user 0.00 sys 0.00
45,timeout,real 300.04 user 281.73 sys 18.28,sat,real 4.69 user 4.34 sys 0.34
46,sat,real 1.69 user 1.49 sys 0.19,sat,real 0.00 user 0.00 sys 0.00
47,unsat,real 0.73 user 0.66 sys 0.06,unsat,real 0.52 user 0.47 sys 0.05
48,sat,real 1.44 user 1.08 sys 0.36,sat,real 0.04 user 0.04 sys 0.00
49,unsat,real 0.06 user 0.05 sys 0.01,unsat,real 0.00 user 0.00 sys 0.00
50,sat,real 7.81 user 6.52 sys 1.28,sat,real 0.23 user 0.21 sys 0.02
51,timeout,real 300.00 user 280.81 sys 19.14,sat,real 0.39 user 0.36 sys 0.02
52,unsat,real 0.04 user 0.04 sys 0.00,unsat,real 0.00 user 0.00 sys 0.00
53,unsat,real 13.38 user 13.18 sys 0.19,unsat,real 1.94 user 1.78 sys 0.15
54,sat,real 0.77 user 0.62 sys 0.14,sat,real 0.00 user 0.00 sys 0.00
55,sat,real 42.93 user 35.40 sys 7.51,sat,real 0.00 user 0.00 sys 0.00
56,unsat,real 0.22 user 0.20 sys 0.01,unsat,real 0.00 user 0.00 sys 0.00
57,unsat,real 0.16 user 0.14 sys 0.01,unsat,real 0.02 user 0.01 sys 0.00
58,timeout,real 300.00 user 257.46 sys 42.48,sat,real 0.10 user 0.09 sys 0.00
59,sat,real 0.13 user 0.09 sys 0.04,sat,real 0.00 user 0.00 sys 0.00
60,sat,real 22.19 user 20.26 sys 1.92,sat,real 0.04 user 0.03 sys 0.00
61,timeout,real 300.00 user 265.87 sys 34.11,sat,real 0.00 user 0.00 sys 0.00
62,timeout,real 300.03 user 238.05 sys 61.97,sat,real 0.00 user 0.00 sys 0.00
63,sat,real 26.56 user 22.99 sys 3.56,sat,real 0.06 user 0.06 sys 0.00
64,unsat,real 0.00 user 0.00 sys 0.00,unsat,real 0.00 user 0.00 sys 0.00
65,sat,real 16.26 user 14.33 sys 1.92,sat,real 0.00 user 0.00 sys 0.00
66,sat,real 8.01 user 6.65 sys 1.35,sat,real 0.07 user 0.06 sys 0.00
67,sat,real 17.19 user 16.43 sys 0.74,sat,real 0.79 user 0.71 sys 0.08
68,timeout,real 300.11 user 260.88 sys 39.17,sat,real 0.00 user 0.00 sys 0.00
69,sat,real 11.19 user 10.06 sys 1.12,sat,real 0.72 user 0.64 sys 0.08
70,sat,real 0.70 user 0.58 sys 0.11,sat,real 0.04 user 0.04 sys 0.00
71,timeout,real 300.12 user 281.55 sys 18.54,sat,real 0.53 user 0.48 sys 0.04
72,unsat,real 16.17 user 15.44 sys 0.72,unsat,real 0.43 user 0.38 sys 0.04
73,sat,real 9.58 user 8.14 sys 1.44,sat,real 0.23 user 0.21 sys 0.01
74,sat,real 38.01 user 34.77 sys 3.22,sat,real 0.00 user 0.00 sys 0.00
75,unsat,real 0.51 user 0.44 sys 0.07,unsat,real 0.00 user 0.00 sys 0.00
76,unsat,real 0.00 user 0.00 sys 0.00,unsat,real 0.00 user 0.00 sys 0.00
77,sat,real 0.01 user 0.01 sys 0.00,sat,real 0.00 user 0.00 sys 0.00
78,unsat,real 3.96 user 2.81 sys 1.14,unsat,real 0.10 user 0.09 sys 0.01
79,sat,real 6.48 user 6.01 sys 0.46,sat,real 0.00 user 0.00 sys 0.00
80,sat,real 7.54 user 6.47 sys 1.05,sat,real 0.00 user 0.00 sys 0.00
81,sat,real 0.34 user 0.28 sys 0.05,sat,real 0.00 user 0.00 sys 0.00
82,sat,real 13.80 user 12.52 sys 1.27,sat,real 0.00 user 0.00 sys 0.00
83,sat,real 4.14 user 4.09 sys 0.05,sat,real 0.53 user 0.48 sys 0.05
84,sat,real 7.02 user 5.09 sys 1.92,sat,real 0.01 user 0.00 sys 0.00
85,sat,real 15.18 user 13.47 sys 1.70,sat,real 0.40 user 0.36 sys 0.03
86,sat,real 0.43 user 0.43 sys 0.00,sat,real 0.07 user 0.06 sys 0.00
87,unsat,real 0.17 user 0.16 sys 0.01,unsat,real 0.00 user 0.00 sys 0.00
88,sat,real 14.60 user 12.63 sys 1.96,sat,real 0.01 user 0.01 sys 0.00
89,sat,real 1.36 user 0.94 sys 0.42,sat,real 0.00 user 0.00 sys 0.00
90,sat,real 36.51 user 30.08 sys 6.42,sat,real 0.13 user 0.12 sys 0.01
91,sat,real 2.83 user 2.30 sys 0.53,sat,real 0.03 user 0.03 sys 0.00
92,sat,real 11.61 user 10.29 sys 1.32,sat,real 0.03 user 0.02 sys 0.00
93,unsat,real 0.02 user 0.01 sys 0.00,unsat,real 0.00 user 0.00 sys 0.00
94,sat,real 2.06 user 1.53 sys 0.52,sat,real 0.02 user 0.02 sys 0.00
95,sat,real 10.23 user 9.15 sys 1.08,sat,real 0.11 user 0.09 sys 0.01
96,sat,real 0.32 user 0.25 sys 0.07,sat,real 0.04 user 0.03 sys 0.00
97,sat,real 49.93 user 42.82 sys 7.10,sat,real 0.00 user 0.00 sys 0.00
98,unsat,real 0.02 user 0.01 sys 0.00,unsat,real 0.00 user 0.00 sys 0.00
99,sat,real 1.81 user 1.60 sys 0.20,sat,real 0.06 user 0.05 sys 0.00
100,unsat,real 1.00 user 0.79 sys 0.20,unsat,real 0.00 user 0.00 sys 0.00
101,sat,real 4.17 user 3.86 sys 0.31,sat,real 0.00 user 0.00 sys 0.00
102,timeout,real 300.12 user 265.28 sys 34.81,sat,real 0.00 user 0.00 sys 0.00
103,unsat,real 0.00 user 0.00 sys 0.00,unsat,real 0.00 user 0.00 sys 0.00
104,sat,real 273.04 user 261.87 sys 11.14,sat,real 0.00 user 0.00 sys 0.00
105,sat,real 1.05 user 0.85 sys 0.20,sat,real 0.06 user 0.05 sys 0.00
106,sat,real 0.11 user 0.07 sys 0.03,sat,real 0.00 user 0.00 sys 0.00
107,unsat,real 0.04 user 0.03 sys 0.00,unsat,real 0.01 user 0.01 sys 0.00
108,timeout,real 300.00 user 237.94 sys 62.01,sat,real 0.20 user 0.19 sys 0.01
109,sat,real 7.83 user 6.21 sys 1.62,sat,real 0.00 user 0.00 sys 0.00
110,sat,real 0.04 user 0.04 sys 0.00,sat,real 0.09 user 0.08 sys 0.00
111,timeout,real 300.00 user 277.88 sys 22.08,sat,real 0.15 user 0.14 sys 0.01
112,unsat,real 0.08 user 0.06 sys 0.00,unsat,real 0.00 user 0.00 sys 0.00
113,sat,real 5.84 user 4.54 sys 1.29,sat,real 0.01 user 0.01 sys 0.00
114,sat,real 2.00 user 1.72 sys 0.27,sat,real 0.03 user 0.02 sys 0.00
115,sat,real 12.64 user 12.45 sys 0.18,sat,real 0.03 user 0.02 sys 0.00
116,sat,real 0.21 user 0.17 sys 0.04,sat,real 0.00 user 0.00 sys 0.00
117,timeout,real 300.00 user 281.50 sys 18.45,sat,real 0.10 user 0.08 sys 0.02
118,sat,real 0.70 user 0.49 sys 0.20,sat,real 0.01 user 0.01 sys 0.00
119,sat,real 1.55 user 1.09 sys 0.46,sat,real 0.07 user 0.06 sys 0.01
120,sat,real 0.03 user 0.03 sys 0.00,sat,real 0.00 user 0.00 sys 0.00
121,sat,real 1.62 user 1.34 sys 0.28,sat,real 0.01 user 0.00 sys 0.00
122,unsat,real 0.51 user 0.47 sys 0.04,unsat,real 0.00 user 0.00 sys 0.00
123,sat,real 2.65 user 1.92 sys 0.72,sat,real 0.09 user 0.07 sys 0.01
124,sat,real 0.39 user 0.29 sys 0.10,sat,real 0.00 user 0.00 sys 0.00
125,sat,real 0.41 user 0.29 sys 0.12,sat,real 0.00 user 0.00 sys 0.00
126,sat,real 2.27 user 1.94 sys 0.32,sat,real 0.00 user 0.00 sys 0.00
127,sat,real 0.41 user 0.34 sys 0.07,sat,real 0.01 user 0.00 sys 0.00
128,sat,real 72.15 user 53.83 sys 18.30,sat,real 0.07 user 0.06 sys 0.01
129,sat,real 14.69 user 12.26 sys 2.42,sat,real 0.00 user 0.00 sys 0.00
130,sat,real 0.28 user 0.22 sys 0.06,sat,real 0.00 user 0.00 sys 0.00
131,sat,real 69.77 user 61.87 sys 7.87,sat,real 0.00 user 0.00 sys 0.00
132,sat,real 0.01 user 0.01 sys 0.00,sat,real 0.00 user 0.00 sys 0.00
133,sat,real 59.63 user 54.13 sys 5.48,sat,real 0.43 user 0.38 sys 0.04
134,unsat,real 0.18 user 0.16 sys 0.01,unsat,real 0.00 user 0.00 sys 0.00
135,sat,real 0.40 user 0.40 sys 0.00,sat,real 0.06 user 0.05 sys 0.00
136,sat,real 6.09 user 5.42 sys 0.66,sat,real 0.00 user 0.00 sys 0.00
137,sat,real 2.75 user 1.96 sys 0.78,sat,real 0.02 user 0.02 sys 0.00
138,timeout,real 300.17 user 268.57 sys 31.59,sat,real 2.79 user 2.56 sys 0.23
139,unsat,real 0.02 user 0.01 sys 0.00,unsat,real 0.00 user 0.00 sys 0.00
140,unsat,real 0.03 user 0.03 sys 0.00,unsat,real 0.02 user 0.00 sys 0.00
141,sat,real 0.36 user 0.22 sys 0.13,sat,real 0.00 user 0.00 sys 0.00
142,sat,real 64.59 user 56.47 sys 8.11,sat,real 0.02 user 0.01 sys 0.00
143,sat,real 7.17 user 6.44 sys 0.73,sat,real 0.00 user 0.00 sys 0.00
144,timeout,real 300.02 user 244.91 sys 55.08,sat,real 0.03 user 0.02 sys 0.01
145,sat,real 8.89 user 6.45 sys 2.43,sat,real 0.00 user 0.00 sys 0.00
146,sat,real 7.88 user 6.45 sys 1.42,sat,real 0.01 user 0.00 sys 0.00
147,unsat,real 0.02 user 0.02 sys 0.00,unsat,real 0.00 user 0.00 sys 0.00
148,sat,real 0.83 user 0.83 sys 0.00,sat,real 0.38 user 0.36 sys 0.02
149,unsat,real 0.05 user 0.05 sys 0.00,unsat,real 0.09 user 0.08 sys 0.00
150,sat,real 5.27 user 3.65 sys 1.61,sat,real 0.00 user 0.00 sys 0.00
151,sat,real 17.25 user 15.74 sys 1.50,sat,real 0.00 user 0.00 sys 0.00
152,sat,real 1.14 user 0.79 sys 0.35,sat,real 0.00 user 0.00 sys 0.00
153,sat,real 2.66 user 1.96 sys 0.70,sat,real 0.01 user 0.01 sys 0.00
154,unsat,real 0.08 user 0.07 sys 0.01,unsat,real 0.07 user 0.06 sys 0.00
155,sat,real 27.68 user 26.01 sys 1.66,sat,real 0.00 user 0.00 sys 0.00
156,unsat,real 0.08 user 0.07 sys 0.01,unsat,real 0.00 user 0.00 sys 0.00
157,sat,real 2.32 user 2.02 sys 0.29,sat,real 0.00 user 0.00 sys 0.00
158,timeout,real 300.11 user 259.62 sys 40.47,sat,real 0.57 user 0.51 sys 0.05
159,sat,real 2.68 user 2.40 sys 0.27,sat,real 0.02 user 0.01 sys 0.00
160,sat,real 3.01 user 2.46 sys 0.55,sat,real 0.05 user 0.04 sys 0.00
161,sat,real 43.91 user 39.23 sys 4.66,sat,real 0.01 user 0.01 sys 0.00
162,unsat,real 0.02 user 0.02 sys 0.00,unsat,real 0.00 user 0.00 sys 0.00
163,timeout,real 300.00 user 258.23 sys 41.72,sat,real 0.16 user 0.14 sys 0.01
164,unsat,real 1.87 user 1.50 sys 0.37,unsat,real 0.16 user 0.14 sys 0.01
165,sat,real 0.02 user 0.01 sys 0.00,sat,real 0.00 user 0.00 sys 0.00
166,unsat,real 0.00 user 0.00 sys 0.00,unsat,real 0.01 user 0.00 sys 0.00
167,unsat,real 0.04 user 0.04 sys 0.00,unsat,real 0.00 user 0.00 sys 0.00
168,sat,real 65.72 user 55.52 sys 10.18,sat,real 0.04 user 0.03 sys 0.00
169,unsat,real 0.72 user 0.66 sys 0.05,unsat,real 0.51 user 0.46 sys 0.05
170,sat,real 1.07 user 0.70 sys 0.36,sat,real 0.00 user 0.00 sys 0.00
171,unsat,real 0.03 user 0.02 sys 0.00,unsat,real 0.00 user 0.00 sys 0.00
172,sat,real 19.12 user 16.52 sys 2.59,sat,real 0.00 user 0.00 sys 0.00
173,sat,real 5.52 user 4.74 sys 0.77,sat,real 0.03 user 0.03 sys 0.00
174,sat,real 0.21 user 0.20 sys 0.00,sat,real 0.00 user 0.00 sys 0.00
175,sat,real 3.71 user 2.86 sys 0.84,sat,real 0.00 user 0.00 sys 0.00
176,unsat,real 0.03 user 0.02 sys 0.00,unsat,real 0.00 user 0.00 sys 0.00
177,sat,real 2.90 user 1.78 sys 1.11,sat,real 0.07 user 0.06 sys 0.00
178,sat,real 0.09 user 0.06 sys 0.02,sat,real 0.02 user 0.01 sys 0.00
179,sat,real 0.61 user 0.58 sys 0.00,sat,real 0.00 user 0.00 sys 0.00
180,unsat,real 0.00 user 0.00 sys 0.00,unsat,real 0.00 user 0.00 sys 0.00
181,timeout,real 300.00 user 257.62 sys 42.34,sat,real 0.10 user 0.08 sys 0.01
182,sat,real 7.02 user 5.39 sys 1.62,sat,real 0.00 user 0.00 sys 0.00
183,unsat,real 3.60 user 2.55 sys 1.04,unsat,real 0.00 user 0.00 sys 0.00
184,sat,real 2.26 user 1.46 sys 0.79,sat,real 0.00 user 0.00 sys 0.00
185,timeout,real 300.00 user 235.07 sys 64.88,sat,real 0.00 user 0.00 sys 0.00
186,timeout,real 300.01 user 256.11 sys 43.85,sat,real 0.02 user 0.02 sys 0.00
187,sat,real 0.22 user 0.21 sys 0.00,sat,real 0.04 user 0.03 sys 0.00
188,timeout,real 300.14 user 271.88 sys 28.23,sat,real 0.00 user 0.00 sys 0.00
189,sat,real 20.47 user 18.16 sys 2.30,sat,real 0.49 user 0.45 sys 0.04
190,timeout,real 300.00 user 238.29 sys 61.67,sat,real 0.00 user 0.00 sys 0.00
191,sat,real 5.60 user 4.63 sys 0.96,sat,real 0.01 user 0.00 sys 0.00
192,sat,real 4.26 user 3.22 sys 1.04,sat,real 0.02 user 0.01 sys 0.00
193,timeout,real 300.02 user 266.64 sys 33.39,sat,real 0.01 user 0.00 sys 0.00
194,unsat,real 0.03 user 0.03 sys 0.00,unsat,real 0.00 user 0.00 sys 0.00
195,sat,real 18.94 user 16.59 sys 2.34,sat,real 0.26 user 0.23 sys 0.02
196,unsat,real 0.13 user 0.12 sys 0.00,unsat,real 0.03 user 0.03 sys 0.00
197,sat,real 2.33 user 1.76 sys 0.57,sat,real 0.02 user 0.01 sys 0.00
198,sat,real 0.96 user 0.78 sys 0.17,sat,real 0.00 user 0.00 sys 0.00
199,unsat,real 0.04 user 0.03 sys 0.00,unsat,real 0.00 user 0.00 sys 0.00
200,sat,real 1.86 user 1.55 sys 0.31,sat,real 0.00 user 0.00 sys 0.00
201,sat,real 4.39 user 3.83 sys 0.56,sat,real 0.03 user 0.02 sys 0.00
202,sat,real 1.11 user 0.94 sys 0.16,sat,real 0.01 user 0.01 sys 0.00
203,unsat,real 0.06 user 0.05 sys 0.01,unsat,real 0.00 user 0.00 sys 0.00
204,sat,real 0.10 user 0.10 sys 0.00,sat,real 0.00 user 0.00 sys 0.00
205,sat,real 78.35 user 64.68 sys 13.67,sat,real 0.03 user 0.02 sys 0.00
206,sat,real 107.80 user 103.30 sys 4.51,sat,real 0.01 user 0.00 sys 0.00
207,sat,real 1.65 user 1.46 sys 0.18,sat,real 0.00 user 0.00 sys 0.00
208,timeout,real 300.12 user 263.11 sys 37.01,sat,real 0.00 user 0.00 sys 0.00
209,sat,real 0.75 user 0.63 sys 0.11,sat,real 0.02 user 0.02 sys 0.00
210,unsat,real 0.02 user 0.02 sys 0.00,unsat,real 0.00 user 0.00 sys 0.00
211,sat,real 0.20 user 0.12 sys 0.07,sat,real 0.08 user 0.07 sys 0.01
212,unsat,real 0.10 user 0.09 sys 0.00,unsat,real 0.00 user 0.00 sys 0.00
213,sat,real 0.26 user 0.18 sys 0.08,sat,real 0.02 user 0.02 sys 0.00
214,sat,real 5.64 user 4.40 sys 1.23,sat,real 0.00 user 0.00 sys 0.00
215,timeout,real 300.00 user 245.60 sys 54.35,sat,real 0.04 user 0.04 sys 0.00
216,sat,real 0.71 user 0.49 sys 0.22,sat,real 0.00 user 0.00 sys 0.00
217,unsat,real 0.06 user 0.05 sys 0.00,unsat,real 0.19 user 0.17 sys 0.01
218,sat,real 18.48 user 14.59 sys 3.88,sat,real 0.12 user 0.10 sys 0.02
219,sat,real 18.41 user 16.01 sys 2.39,sat,real 0.05 user 0.04 sys 0.00
220,sat,real 3.01 user 2.73 sys 0.27,sat,real 0.54 user 0.48 sys 0.06
221,unsat,real 0.11 user 0.10 sys 0.01,unsat,real 0.00 user 0.00 sys 0.00
222,unsat,real 0.00 user 0.00 sys 0.00,unsat,real 0.00 user 0.00 sys 0.00
223,unsat,real 0.04 user 0.03 sys 0.01,unsat,real 0.00 user 0.00 sys 0.00
224,sat,real 2.02 user 1.42 sys 0.59,sat,real 0.00 user 0.00 sys 0.00
225,sat,real 3.22 user 2.64 sys 0.57,sat,real 0.01 user 0.01 sys 0.00
226,sat,real 88.42 user 85.25 sys 3.15,sat,real 0.00 user 0.00 sys 0.00
227,sat,real 2.33 user 1.87 sys 0.45,sat,real 0.00 user 0.00 sys 0.00
228,sat,real 136.74 user 111.46 sys 25.27,sat,real 0.03 user 0.02 sys 0.00
229,sat,real 9.41 user 6.78 sys 2.62,sat,real 0.06 user 0.05 sys 0.00
230,sat,real 14.01 user 12.62 sys 1.39,sat,real 0.00 user 0.00 sys 0.00
231,timeout,real 300.03 user 285.12 sys 14.92,sat,real 0.00 user 0.00 sys 0.00
232,sat,real 0.34 user 0.24 sys 0.09,sat,real 0.00 user 0.00 sys 0.00
233,timeout,real 300.12 user 234.35 sys 65.78,sat,real 0.00 user 0.00 sys 0.00
234,timeout,real 300.11 user 278.14 sys 21.95,sat,real 0.50 user 0.45 sys 0.04
235,sat,real 21.27 user 21.05 sys 0.21,sat,real 1.07 user 0.97 sys 0.10
236,unsat,real 3.87 user 3.61 sys 0.26,unsat,real 0.01 user 0.01 sys 0.00
237,sat,real 81.21 user 68.11 sys 13.08,sat,real 0.00 user 0.00 sys 0.00
238,sat,real 4.06 user 3.12 sys 0.94,sat,real 0.00 user 0.00 sys 0.00
239,sat,real 7.06 user 6.14 sys 0.91,sat,real 0.05 user 0.04 sys 0.01
240,sat,real 7.92 user 6.25 sys 1.66,sat,real 0.00 user 0.00 sys 0.00
241,timeout,real 300.13 user 233.75 sys 66.39,sat,real 0.76 user 0.68 sys 0.08
242,timeout,real 300.15 user 298.02 sys 2.14,sat,real 1.01 user 0.93 sys 0.07
243,unsat,real 0.03 user 0.03 sys 0.00,unsat,real 0.00 user 0.00 sys 0.00
244,sat,real 43.16 user 40.49 sys 2.67,sat,real 0.01 user 0.00 sys 0.00
245,sat,real 4.99 user 3.38 sys 1.60,sat,real 0.00 user 0.00 sys 0.00
246,sat,real 5.94 user 4.26 sys 1.67,sat,real 0.00 user 0.00 sys 0.00
247,sat,real 17.39 user 15.38 sys 2.01,sat,real 0.00 user 0.00 sys 0.00
248,sat,real 7.61 user 5.48 sys 2.12,sat,real 0.00 user 0.00 sys 0.00
249,sat,real 6.25 user 4.88 sys 1.36,sat,real 0.16 user 0.14 sys 0.01
250,sat,real 2.12 user 1.32 sys 0.80,sat,real 0.00 user 0.00 sys 0.00
251,sat,real 4.39 user 3.34 sys 1.05,sat,real 0.00 user 0.00 sys 0.00
252,unsat,real 0.00 user 0.00 sys 0.00,unsat,real 0.03 user 0.02 sys 0.00
253,timeout,real 300.03 user 285.69 sys 14.32,sat,real 5.58 user 5.34 sys 0.24
254,sat,real 41.72 user 36.20 sys 5.51,sat,real 0.00 user 0.00 sys 0.00
255,sat,real 36.56 user 32.15 sys 4.39,sat,real 0.00 user 0.00 sys 0.00
256,sat,real 8.88 user 6.71 sys 2.16,sat,real 0.01 user 0.00 sys 0.00
257,sat,real 21.54 user 15.65 sys 5.88,sat,real 0.00 user 0.00 sys 0.00
258,timeout,real 300.11 user 241.36 sys 58.72,sat,real 0.01 user 0.00 sys 0.00
259,sat,real 3.87 user 3.30 sys 0.57,sat,real 0.00 user 0.00 sys 0.00
260,unsat,real 0.07 user 0.06 sys 0.00,unsat,real 0.00 user 0.00 sys 0.00
261,sat,real 2.08 user 1.74 sys 0.34,sat,real 0.10 user 0.09 sys 0.01
262,sat,real 7.26 user 5.46 sys 1.79,sat,real 0.17 user 0.15 sys 0.01
263,unsat,real 0.06 user 0.05 sys 0.01,unsat,real 0.00 user 0.00 sys 0.00
264,unsat,real 0.07 user 0.06 sys 0.00,unsat,real 0.00 user 0.00 sys 0.00
265,unsat,real 1.58 user 1.40 sys 0.18,unsat,real 0.02 user 0.02 sys 0.00
266,sat,real 14.69 user 13.09 sys 1.60,sat,real 0.02 user 0.01 sys 0.00
267,unsat,real 0.00 user 0.00 sys 0.00,unsat,real 0.00 user 0.00 sys 0.00
268,sat,real 0.26 user 0.20 sys 0.05,sat,real 0.00 user 0.00 sys 0.00
269,sat,real 2.58 user 2.27 sys 0.30,sat,real 0.04 user 0.03 sys 0.00
270,sat,real 6.96 user 6.28 sys 0.68,sat,real 0.00 user 0.00 sys 0.00
271,sat,real 0.35 user 0.23 sys 0.11,sat,real 0.00 user 0.00 sys 0.00
272,sat,real 11.20 user 9.19 sys 2.01,sat,real 0.12 user 0.11 sys 0.01
273,sat,real 14.13 user 10.11 sys 4.02,sat,real 0.00 user 0.00 sys 0.00
274,unsat,real 0.07 user 0.06 sys 0.01,unsat,real 0.01 user 0.01 sys 0.00
275,sat,real 1.88 user 1.50 sys 0.37,sat,real 0.00 user 0.00 sys 0.00
276,sat,real 44.52 user 37.29 sys 7.22,sat,real 0.13 user 0.11 sys 0.02
277,sat,real 12.51 user 9.70 sys 2.80,sat,real 0.02 user 0.01 sys 0.00
278,sat,real 0.05 user 0.04 sys 0.00,sat,real 0.08 user 0.07 sys 0.01
279,sat,real 0.74 user 0.49 sys 0.24,sat,real 0.00 user 0.00 sys 0.00
280,sat,real 5.25 user 3.99 sys 1.25,sat,real 0.00 user 0.00 sys 0.00
281,unsat,real 5.90 user 5.85 sys 0.04,unsat,real 0.03 user 0.02 sys 0.00
282,sat,real 3.55 user 2.84 sys 0.71,sat,real 0.00 user 0.00 sys 0.00
283,unsat,real 0.08 user 0.07 sys 0.00,unsat,real 0.00 user 0.00 sys 0.00
284,sat,real 1.38 user 1.37 sys 0.01,sat,real 0.26 user 0.23 sys 0.02
285,sat,real 5.03 user 3.13 sys 1.90,sat,real 0.00 user 0.00 sys 0.00
286,unsat,real 0.01 user 0.01 sys 0.00,unsat,real 0.00 user 0.00 sys 0.00
287,sat,real 2.98 user 2.38 sys 0.60,sat,real 0.19 user 0.18 sys 0.01
288,sat,real 0.37 user 0.28 sys 0.08,sat,real 0.00 user 0.00 sys 0.00
289,timeout,real 300.02 user 258.27 sys 41.76,sat,real 0.01 user 0.00 sys 0.00
290,sat,real 3.06 user 2.08 sys 0.97,sat,real 0.00 user 0.00 sys 0.00
291,sat,real 3.90 user 3.24 sys 0.66,sat,real 0.00 user 0.00 sys 0.00
292,sat,real 0.50 user 0.42 sys 0.08,sat,real 0.02 user 0.02 sys 0.00
293,sat,real 0.06 user 0.05 sys 0.01,sat,real 0.00 user 0.00 sys 0.00
294,sat,real 58.26 user 48.98 sys 9.27,sat,real 0.00 user 0.00 sys 0.00
295,sat,real 3.47 user 2.76 sys 0.71,sat,real 0.02 user 0.01 sys 0.00
296,sat,real 34.42 user 28.69 sys 5.71,sat,real 0.00 user 0.00 sys 0.00
297,sat,real 0.15 user 0.15 sys 0.00,sat,real 0.03 user 0.03 sys 0.00
298,sat,real 6.39 user 5.50 sys 0.89,sat,real 0.02 user 0.02 sys 0.00
299,sat,real 15.23 user 12.90 sys 2.31,sat,real 0.00 user 0.00 sys 0.00
300,sat,real 0.63 user 0.53 sys 0.09,sat,real 0.01 user 0.01 sys 0.00
301,unsat,real 0.69 user 0.67 sys 0.01,unsat,real 0.66 user 0.60 sys 0.05
302,unsat,real 0.19 user 0.16 sys 0.02,unsat,real 0.00 user 0.00 sys 0.00
303,unsat,real 0.65 user 0.64 sys 0.01,unsat,real 0.12 user 0.11 sys 0.01
304,timeout,real 300.11 user 256.88 sys 43.19,sat,real 0.86 user 0.79 sys 0.06
305,unsat,real 0.05 user 0.05 sys 0.00,unsat,real 0.01 user 0.01 sys 0.00
306,sat,real 3.67 user 3.00 sys 0.66,sat,real 0.02 user 0.01 sys 0.00
307,sat,real 14.97 user 11.45 sys 3.51,sat,real 0.00 user 0.00 sys 0.00
308,sat,real 20.83 user 16.21 sys 4.61,sat,real 0.00 user 0.00 sys 0.00
309,unsat,real 0.09 user 0.08 sys 0.00,unsat,real 0.00 user 0.00 sys 0.00
310,unsat,real 0.23 user 0.21 sys 0.02,unsat,real 0.00 user 0.00 sys 0.00
311,unsat,real 19.00 user 16.40 sys 2.58,unsat,real 0.05 user 0.04 sys 0.00
312,sat,real 28.37 user 26.39 sys 1.97,sat,real 0.00 user 0.00 sys 0.00
313,timeout,real 300.02 user 288.06 sys 11.92,unsat,real 0.23 user 0.20 sys 0.02
314,unsat,real 0.08 user 0.07 sys 0.01,unsat,real 0.00 user 0.00 sys 0.00
315,timeout,real 300.11 user 277.40 sys 22.69,sat,real 0.00 user 0.00 sys 0.00
316,timeout,real 300.00 user 235.62 sys 64.33,sat,real 0.00 user 0.00 sys 0.00
317,sat,real 4.74 user 4.21 sys 0.52,sat,real 0.03 user 0.03 sys 0.00
318,sat,real 0.60 user 0.58 sys 0.01,sat,real 0.58 user 0.51 sys 0.06
319,sat,real 1.43 user 1.15 sys 0.28,sat,real 0.00 user 0.00 sys 0.00
320,unsat,real 15.39 user 14.72 sys 0.66,unsat,real 0.42 user 0.37 sys 0.05
321,sat,real 0.07 user 0.05 sys 0.02,sat,real 0.00 user 0.00 sys 0.00
322,sat,real 4.59 user 3.96 sys 0.62,sat,real 0.04 user 0.03 sys 0.00
323,unsat,real 0.06 user 0.05 sys 0.00,unsat,real 0.00 user 0.00 sys 0.00
324,sat,real 6.59 user 4.77 sys 1.81,sat,real 0.00 user 0.00 sys 0.00
325,unsat,real 0.02 user 0.01 sys 0.00,unsat,real 0.00 user 0.00 sys 0.00
326,unsat,real 0.10 user 0.09 sys 0.01,unsat,real 0.00 user 0.00 sys 0.00
327,sat,real 22.00 user 18.69 sys 3.30,sat,real 0.00 user 0.00 sys 0.00
328,sat,real 1.86 user 1.45 sys 0.40,sat,real 0.01 user 0.01 sys 0.00
329,sat,real 5.21 user 4.13 sys 1.07,sat,real 0.02 user 0.02 sys 0.00
330,sat,real 2.53 user 2.00 sys 0.52,sat,real 0.12 user 0.11 sys 0.01
331,unsat,real 0.08 user 0.07 sys 0.00,unsat,real 0.06 user 0.06 sys 0.00
332,unsat,real 0.03 user 0.03 sys 0.00,unsat,real 0.00 user 0.00 sys 0.00
333,sat,real 0.02 user 0.01 sys 0.00,sat,real 0.00 user 0.00 sys 0.00
334,sat,real 14.41 user 11.78 sys 2.62,sat,real 0.01 user 0.00 sys 0.00
335,sat,real 23.61 user 19.06 sys 4.53,sat,real 0.00 user 0.00 sys 0.00
336,unsat,real 0.02 user 0.01 sys 0.00,unsat,real 0.00 user 0.00 sys 0.00
337,timeout,real 300.12 user 255.12 sys 44.98,sat,real 0.00 user 0.00 sys 0.00
338,unsat,real 1.13 user 0.97 sys 0.15,unsat,real 0.17 user 0.16 sys 0.01
339,sat,real 40.58 user 32.65 sys 7.92,sat,real 0.04 user 0.03 sys 0.00
340,sat,real 1.10 user 0.84 sys 0.26,sat,real 0.00 user 0.00 sys 0.00
341,unsat,real 43.31 user 38.01 sys 5.28,unsat,real 0.52 user 0.49 sys 0.02
342,sat,real 1.44 user 0.96 sys 0.47,sat,real 0.00 user 0.00 sys 0.00
343,sat,real 0.23 user 0.23 sys 0.00,sat,real 0.09 user 0.08 sys 0.01
344,sat,real 8.14 user 7.00 sys 1.14,sat,real 0.36 user 0.33 sys 0.02
345,unsat,real 0.09 user 0.08 sys 0.01,unsat,real 0.05 user 0.05 sys 0.00
346,timeout,real 300.03 user 295.24 sys 4.76,sat,real 0.00 user 0.00 sys 0.00
347,sat,real 2.78 user 2.12 sys 0.65,sat,real 0.01 user 0.01 sys 0.00
348,sat,real 1.20 user 1.00 sys 0.19,sat,real 0.00 user 0.00 sys 0.00
349,sat,real 5.78 user 4.44 sys 1.34,sat,real 0.09 user 0.08 sys 0.00
350,sat,real 5.60 user 4.27 sys 1.32,sat,real 0.03 user 0.02 sys 0.00
351,sat,real 0.05 user 0.04 sys 0.00,sat,real 0.01 user 0.00 sys 0.00
352,unsat,real 0.06 user 0.05 sys 0.00,unsat,real 0.00 user 0.00 sys 0.00
353,sat,real 21.55 user 19.75 sys 1.79,sat,real 1.03 user 0.98 sys 0.04
354,sat,real 1.01 user 0.75 sys 0.25,sat,real 0.00 user 0.00 sys 0.00
355,unsat,real 0.03 user 0.02 sys 0.00,unsat,real 0.02 user 0.02 sys 0.00
356,sat,real 2.94 user 2.65 sys 0.28,sat,real 0.00 user 0.00 sys 0.00
357,sat,real 0.63 user 0.47 sys 0.15,sat,real 0.00 user 0.00 sys 0.00
358,sat,real 5.39 user 4.89 sys 0.49,sat,real 0.01 user 0.00 sys 0.00
359,sat,real 0.07 user 0.04 sys 0.02,sat,real 0.02 user 0.01 sys 0.00
360,sat,real 8.54 user 7.10 sys 1.43,sat,real 0.04 user 0.03 sys 0.00
361,sat,real 0.44 user 0.44 sys 0.00,sat,real 0.00 user 0.00 sys 0.00
362,sat,real 125.39 user 111.01 sys 14.36,sat,real 0.01 user 0.00 sys 0.00
363,sat,real 2.39 user 2.05 sys 0.34,sat,real 0.10 user 0.08 sys 0.01
364,sat,real 9.57 user 7.25 sys 2.32,sat,real 0.00 user 0.00 sys 0.00
365,sat,real 10.36 user 8.67 sys 1.69,sat,real 0.25 user 0.22 sys 0.02
366,sat,real 1.81 user 1.46 sys 0.34,sat,real 0.00 user 0.00 sys 0.00
367,unsat,real 0.19 user 0.17 sys 0.01,unsat,real 0.00 user 0.00 sys 0.00
368,timeout,real 300.13 user 277.32 sys 22.82,sat,real 0.00 user 0.00 sys 0.00
369,sat,real 3.49 user 2.63 sys 0.85,sat,real 0.00 user 0.00 sys 0.00
370,sat,real 3.97 user 3.06 sys 0.90,sat,real 0.15 user 0.13 sys 0.02
371,sat,real 24.84 user 18.06 sys 6.78,sat,real 0.00 user 0.00 sys 0.00
372,sat,real 1.11 user 0.88 sys 0.22,sat,real 0.00 user 0.00 sys 0.00
373,sat,real 1.49 user 1.19 sys 0.30,sat,real 0.00 user 0.00 sys 0.00
374,timeout,real 300.00 user 230.48 sys 69.47,sat,real 0.06 user 0.05 sys 0.00
375,sat,real 4.17 user 3.68 sys 0.49,sat,real 0.00 user 0.00 sys 0.00
376,timeout,real 300.14 user 253.27 sys 46.85,sat,real 0.00 user 0.00 sys 0.00
377,sat,real 6.94 user 6.20 sys 0.73,sat,real 0.02 user 0.02 sys 0.00
378,sat,real 43.64 user 32.90 sys 10.73,sat,real 0.03 user 0.02 sys 0.00
379,sat,real 27.52 user 26.45 sys 1.06,sat,real 1.18 user 1.07 sys 0.10
380,unsat,real 0.06 user 0.05 sys 0.01,unsat,real 0.00 user 0.00 sys 0.00
381,sat,real 0.19 user 0.15 sys 0.04,sat,real 0.00 user 0.00 sys 0.00
382,sat,real 0.48 user 0.30 sys 0.17,sat,real 0.00 user 0.00 sys 0.00
383,sat,real 0.79 user 0.51 sys 0.27,sat,real 0.06 user 0.06 sys 0.00
384,sat,real 0.11 user 0.08 sys 0.02,sat,real 0.00 user 0.00 sys 0.00
385,timeout,real 300.00 user 228.69 sys 71.26,sat,real 0.10 user 0.08 sys 0.01
386,unsat,real 0.09 user 0.08 sys 0.01,unsat,real 2.20 user 2.00 sys 0.19
387,sat,real 0.30 user 0.24 sys 0.06,sat,real 0.01 user 0.00 sys 0.00
388,unsat,real 3.83 user 3.59 sys 0.24,unsat,real 0.14 user 0.13 sys 0.01
389,sat,real 2.89 user 2.49 sys 0.39,sat,real 0.01 user 0.00 sys 0.00
390,sat,real 5.01 user 3.71 sys 1.29,sat,real 0.00 user 0.00 sys 0.00
391,unsat,real 0.01 user 0.01 sys 0.00,unsat,real 0.00 user 0.00 sys 0.00
392,sat,real 2.49 user 2.01 sys 0.47,sat,real 0.03 user 0.03 sys 0.00
393,timeout,real 300.19 user 263.12 sys 37.08,sat,real 0.14 user 0.12 sys 0.01
394,unsat,real 0.14 user 0.10 sys 0.01,unsat,real 0.16 user 0.14 sys 0.02
395,sat,real 1.08 user 0.87 sys 0.21,sat,real 0.00 user 0.00 sys 0.00
396,sat,real 1.37 user 0.95 sys 0.42,sat,real 0.25 user 0.22 sys 0.02
397,sat,real 12.17 user 10.48 sys 1.69,sat,real 0.00 user 0.00 sys 0.00
398,sat,real 2.61 user 1.90 sys 0.70,sat,real 0.00 user 0.00 sys 0.00
399,sat,real 10.31 user 8.09 sys 2.21,sat,real 0.06 user 0.05 sys 0.01
400,sat,real 4.02 user 3.05 sys 0.97,sat,real 0.16 user 0.14 sys 0.01
401,unsat,real 0.02 user 0.02 sys 0.00,unsat,real 0.00 user 0.00 sys 0.00
402,sat,real 19.89 user 15.62 sys 4.26,sat,real 0.00 user 0.00 sys 0.00
403,sat,real 2.01 user 1.66 sys 0.35,sat,real 0.00 user 0.00 sys 0.00
404,sat,real 1.34 user 1.17 sys 0.16,sat,real 0.02 user 0.02 sys 0.00
405,sat,real 27.84 user 25.16 sys 2.67,sat,real 0.00 user 0.00 sys 0.00
406,sat,real 25.66 user 22.20 sys 3.45,sat,real 0.00 user 0.00 sys 0.00
407,unsat,real 0.04 user 0.03 sys 0.00,unsat,real 0.00 user 0.00 sys 0.00
408,timeout,real 300.00 user 229.36 sys 70.60,sat,real 0.01 user 0.01 sys 0.00
409,sat,real 1.51 user 1.05 sys 0.45,sat,real 0.00 user 0.00 sys 0.00
410,unsat,real 0.22 user 0.21 sys 0.01,unsat,real 0.00 user 0.00 sys 0.00
411,sat,real 0.62 user 0.53 sys 0.08,sat,real 0.01 user 0.01 sys 0.00
412,sat,real 0.62 user 0.48 sys 0.13,sat,real 0.00 user 0.00 sys 0.00
413,sat,real 11.14 user 9.35 sys 1.79,sat,real 0.06 user 0.05 sys 0.00
414,timeout,real 300.11 user 240.76 sys 59.32,sat,real 0.00 user 0.00 sys 0.00
415,sat,real 0.62 user 0.45 sys 0.16,sat,real 0.00 user 0.00 sys 0.00
416,unsat,real 0.02 user 0.01 sys 0.00,unsat,real 0.00 user 0.00 sys 0.00
417,timeout,real 300.00 user 243.99 sys 55.98,sat,real 0.01 user 0.00 sys 0.00
418,sat,real 1.93 user 1.35 sys 0.57,sat,real 0.00 user 0.00 sys 0.00
419,sat,real 23.90 user 20.60 sys 3.29,sat,real 0.03 user 0.02 sys 0.00
420,sat,real 12.67 user 11.10 sys 1.56,sat,real 0.00 user 0.00 sys 0.00
421,sat,real 100.94 user 88.13 sys 12.78,sat,real 0.12 user 0.10 sys 0.01
422,sat,real 0.55 user 0.41 sys 0.13,sat,real 0.00 user 0.00 sys 0.00
423,sat,real 7.92 user 6.48 sys 1.43,sat,real 0.48 user 0.42 sys 0.05
424,sat,real 7.69 user 5.34 sys 2.34,sat,real 0.36 user 0.32 sys 0.03
425,unsat,real 0.08 user 0.07 sys 0.00,unsat,real 0.00 user 0.00 sys 0.00
426,sat,real 8.69 user 7.25 sys 1.43,sat,real 0.01 user 0.00 sys 0.00
427,sat,real 37.65 user 35.89 sys 1.75,sat,real 0.57 user 0.50 sys 0.07
428,sat,real 7.66 user 6.36 sys 1.29,sat,real 0.03 user 0.02 sys 0.00
429,sat,real 1.43 user 1.31 sys 0.11,sat,real 0.01 user 0.01 sys 0.00
430,sat,real 47.75 user 41.72 sys 6.02,sat,real 0.01 user 0.00 sys 0.00
431,sat,real 8.93 user 6.55 sys 2.37,sat,real 0.01 user 0.00 sys 0.00
432,sat,real 59.56 user 52.53 sys 7.01,sat,real 0.01 user 0.00 sys 0.00
433,sat,real 2.38 user 1.94 sys 0.44,sat,real 0.00 user 0.00 sys 0.00
434,timeout,real 300.21 user 281.42 sys 18.77,sat,real 0.00 user 0.00 sys 0.00
435,sat,real 0.87 user 0.62 sys 0.24,sat,real 0.08 user 0.07 sys 0.00
436,sat,real 0.03 user 0.02 sys 0.00,sat,real 0.00 user 0.00 sys 0.00
437,sat,real 67.85 user 56.12 sys 11.71,sat,real 0.07 user 0.05 sys 0.00
438,sat,real 137.09 user 133.48 sys 3.61,sat,real 0.01 user 0.00 sys 0.00
439,sat,real 10.64 user 8.99 sys 1.65,sat,real 0.01 user 0.00 sys 0.00
440,unsat,real 0.52 user 0.48 sys 0.04,unsat,real 0.46 user 0.40 sys 0.06
441,timeout,real 300.05 user 279.11 sys 20.94,sat,real 0.00 user 0.00 sys 0.00
442,sat,real 0.48 user 0.37 sys 0.10,sat,real 0.00 user 0.00 sys 0.00
443,sat,real 7.62 user 5.70 sys 1.91,sat,real 0.01 user 0.00 sys 0.00
444,sat,real 0.02 user 0.02 sys 0.00,sat,real 0.00 user 0.00 sys 0.00
445,sat,real 2.48 user 2.14 sys 0.34,sat,real 0.06 user 0.06 sys 0.00
446,unsat,real 0.10 user 0.09 sys 0.01,unsat,real 0.00 user 0.00 sys 0.00
447,sat,real 0.31 user 0.27 sys 0.03,sat,real 0.00 user 0.00 sys 0.00
448,sat,real 0.49 user 0.30 sys 0.19,sat,real 0.00 user 0.00 sys 0.00
449,unsat,real 0.00 user 0.00 sys 0.00,unsat,real 0.00 user 0.00 sys 0.00
450,unsat,real 0.02 user 0.02 sys 0.00,unsat,real 0.00 user 0.00 sys 0.00
451,unsat,real 0.04 user 0.03 sys 0.00,unsat,real 0.00 user 0.00 sys 0.00
452,sat,real 3.22 user 2.71 sys 0.50,sat,real 0.00 user 0.00 sys 0.00
453,unsat,real 0.10 user 0.08 sys 0.01,unsat,real 0.00 user 0.00 sys 0.00
454,sat,real 8.26 user 7.62 sys 0.63,sat,real 0.01 user 0.00 sys 0.00
455,sat,real 1.07 user 0.79 sys 0.27,sat,real 0.01 user 0.01 sys 0.00
456,sat,real 41.73 user 39.21 sys 2.50,sat,real 0.08 user 0.07 sys 0.00
457,sat,real 10.67 user 8.58 sys 2.09,sat,real 0.03 user 0.02 sys 0.00
458,unsat,real 0.16 user 0.14 sys 0.01,unsat,real 0.27 user 0.24 sys 0.03
459,sat,real 1.52 user 1.15 sys 0.37,sat,real 0.02 user 0.01 sys 0.00
460,sat,real 0.04 user 0.03 sys 0.00,sat,real 0.00 user 0.00 sys 0.00
461,sat,real 5.30 user 4.20 sys 1.10,sat,real 0.00 user 0.00 sys 0.00
462,sat,real 133.59 user 118.19 sys 15.38,sat,real 0.03 user 0.02 sys 0.00
463,timeout,real 300.02 user 239.60 sys 60.42,sat,real 0.03 user 0.02 sys 0.00
464,sat,real 0.25 user 0.19 sys 0.06,sat,real 0.00 user 0.00 sys 0.00
465,timeout,real 300.12 user 281.26 sys 18.84,sat,real 0.01 user 0.00 sys 0.00
466,sat,real 0.04 user 0.03 sys 0.00,sat,real 0.00 user 0.00 sys 0.00
467,sat,real 191.46 user 191.25 sys 0.19,sat,real 4.92 user 4.60 sys 0.31
468,sat,real 4.37 user 3.60 sys 0.77,sat,real 0.08 user 0.07 sys 0.01
469,sat,real 21.78 user 18.30 sys 3.47,sat,real 0.01 user 0.00 sys 0.00
470,sat,real 0.33 user 0.22 sys 0.11,sat,real 0.00 user 0.00 sys 0.00
471,sat,real 0.08 user 0.06 sys 0.02,sat,real 0.04 user 0.03 sys 0.00
472,sat,real 0.81 user 0.54 sys 0.26,sat,real 0.00 user 0.00 sys 0.00
473,sat,real 266.36 user 253.82 sys 12.54,sat,real 0.00 user 0.00 sys 0.00
474,unsat,real 0.00 user 0.00 sys 0.00,unsat,real 0.00 user 0.00 sys 0.00
475,sat,real 49.99 user 44.81 sys 5.18,sat,real 0.16 user 0.14 sys 0.02
476,sat,real 1.11 user 0.98 sys 0.12,sat,real 0.02 user 0.02 sys 0.00
477,sat,real 12.06 user 11.89 sys 0.17,sat,real 0.00 user 0.00 sys 0.00
478,sat,real 1.99 user 1.77 sys 0.21,sat,real 0.03 user 0.03 sys 0.00
479,sat,real 2.27 user 2.00 sys 0.26,sat,real 0.19 user 0.17 sys 0.01
480,sat,real 3.42 user 2.92 sys 0.49,sat,real 0.00 user 0.00 sys 0.00
481,sat,real 2.86 user 2.62 sys 0.24,sat,real 0.00 user 0.00 sys 0.00
482,sat,real 1.28 user 0.97 sys 0.30,sat,real 0.00 user 0.00 sys 0.00
483,sat,real 39.61 user 34.74 sys 4.86,sat,real 0.35 user 0.32 sys 0.02
484,unsat,real 0.02 user 0.02 sys 0.00,unsat,real 0.00 user 0.00 sys 0.00
485,sat,real 17.82 user 15.11 sys 2.71,sat,real 0.07 user 0.06 sys 0.00
486,unsat,real 0.00 user 0.00 sys 0.00,unsat,real 0.00 user 0.00 sys 0.00
487,timeout,real 300.00 user 237.34 sys 62.62,sat,real 0.01 user 0.00 sys 0.00
488,sat,real 3.88 user 2.70 sys 1.17,sat,real 0.11 user 0.09 sys 0.01
489,unsat,real 0.07 user 0.06 sys 0.00,unsat,real 0.00 user 0.00 sys 0.00
490,unsat,real 0.04 user 0.03 sys 0.00,unsat,real 0.00 user 0.00 sys 0.00
491,sat,real 9.48 user 7.86 sys 1.62,sat,real 0.00 user 0.00 sys 0.00
492,sat,real 0.84 user 0.69 sys 0.14,sat,real 0.00 user 0.00 sys 0.00
493,sat,real 46.55 user 44.66 sys 1.87,sat,real 0.00 user 0.00 sys 0.00
494,sat,real 4.30 user 3.70 sys 0.59,sat,real 0.04 user 0.03 sys 0.00
495,sat,real 10.99 user 9.52 sys 1.46,sat,real 0.48 user 0.44 sys 0.03
496,sat,real 4.07 user 2.90 sys 1.16,sat,real 0.00 user 0.00 sys 0.00
497,sat,real 0.35 user 0.29 sys 0.06,sat,real 0.00 user 0.00 sys 0.00
498,unsat,real 0.18 user 0.16 sys 0.01,unsat,real 0.00 user 0.00 sys 0.00
499,sat,real 29.12 user 21.97 sys 7.14,sat,real 0.00 user 0.00 sys 0.00
500,sat,real 2.62 user 1.98 sys 0.63,sat,real 0.00 user 0.00 sys 0.00
501,sat,real 51.66 user 41.59 sys 10.06,sat,real 0.16 user 0.15 sys 0.01
502,sat,real 0.69 user 0.49 sys 0.19,sat,real 0.00 user 0.00 sys 0.00
503,timeout,real 300.00 user 246.62 sys 53.31,sat,real 0.08 user 0.07 sys 0.00
504,sat,real 7.23 user 5.91 sys 1.32,sat,real 0.00 user 0.00 sys 0.00
505,unsat,real 0.01 user 0.00 sys 0.00,unsat,real 0.00 user 0.00 sys 0.00
506,sat,real 0.02 user 0.02 sys 0.00,sat,real 0.00 user 0.00 sys 0.00
507,sat,real 40.77 user 35.10 sys 5.65,sat,real 0.00 user 0.00 sys 0.00
508,sat,real 0.47 user 0.39 sys 0.08,sat,real 0.00 user 0.00 sys 0.00
509,sat,real 0.14 user 0.11 sys 0.03,sat,real 0.00 user 0.00 sys 0.00
510,unsat,real 30.26 user 26.70 sys 3.56,unsat,real 0.00 user 0.00 sys 0.00
511,sat,real 1.15 user 0.92 sys 0.22,sat,real 0.00 user 0.00 sys 0.00
512,timeout,real 300.10 user 225.57 sys 74.52,sat,real 0.00 user 0.00 sys 0.00
513,sat,real 4.96 user 4.43 sys 0.52,sat,real 0.13 user 0.12 sys 0.00
514,sat,real 1.53 user 1.15 sys 0.38,sat,real 0.00 user 0.00 sys 0.00
515,sat,real 4.24 user 3.60 sys 0.63,sat,real 0.01 user 0.00 sys 0.00
516,sat,real 42.51 user 40.63 sys 1.87,sat,real 0.03 user 0.03 sys 0.00
517,sat,real 182.35 user 167.99 sys 14.34,sat,real 0.17 user 0.16 sys 0.01
518,unsat,real 0.05 user 0.04 sys 0.00,unsat,real 0.01 user 0.01 sys 0.00
519,sat,real 12.31 user 10.29 sys 2.02,sat,real 0.00 user 0.00 sys 0.00
520,sat,real 0.19 user 0.15 sys 0.03,sat,real 0.00 user 0.00 sys 0.00
521,sat,real 0.05 user 0.04 sys 0.00,sat,real 0.03 user 0.03 sys 0.00
522,sat,real 1.12 user 0.90 sys 0.21,sat,real 0.00 user 0.00 sys 0.00
523,unsat,real 0.03 user 0.02 sys 0.00,unsat,real 0.58 user 0.53 sys 0.05
524,timeout,real 300.17 user 252.13 sys 48.05,sat,real 4.95 user 4.58 sys 0.37
525,sat,real 0.07 user 0.05 sys 0.01,sat,real 0.00 user 0.00 sys 0.00
526,unsat,real 0.00 user 0.00 sys 0.00,unsat,real 0.00 user 0.00 sys 0.00
527,unsat,real 0.05 user 0.04 sys 0.00,unsat,real 0.00 user 0.00 sys 0.00
528,sat,real 0.49 user 0.41 sys 0.07,sat,real 0.00 user 0.00 sys 0.00
529,sat,real 2.52 user 1.89 sys 0.63,sat,real 0.08 user 0.08 sys 0.00
530,sat,real 7.29 user 5.76 sys 1.53,sat,real 0.07 user 0.06 sys 0.01
531,sat,real 1.04 user 0.65 sys 0.38,sat,real 0.00 user 0.00 sys 0.00
532,sat,real 1.57 user 1.23 sys 0.33,sat,real 0.01 user 0.00 sys 0.00
533,unsat,real 0.05 user 0.04 sys 0.00,unsat,real 0.00 user 0.00 sys 0.00
534,unsat,real 0.16 user 0.13 sys 0.03,unsat,real 0.00 user 0.00 sys 0.00
535,unsat,real 0.02 user 0.01 sys 0.00,unsat,real 0.00 user 0.00 sys 0.00
536,unsat,real 0.05 user 0.04 sys 0.00,unsat,real 0.00 user 0.00 sys 0.00
537,sat,real 56.28 user 53.71 sys 2.56,sat,real 0.00 user 0.00 sys 0.00
538,unsat,real 0.04 user 0.04 sys 0.00,unsat,real 0.00 user 0.00 sys 0.00
539,sat,real 1.05 user 0.69 sys 0.36,sat,real 0.00 user 0.00 sys 0.00
540,sat,real 0.66 user 0.50 sys 0.15,sat,real 0.00 user 0.00 sys 0.00
541,sat,real 37.62 user 33.71 sys 3.90,sat,real 0.00 user 0.00 sys 0.00
542,unsat,real 0.11 user 0.08 sys 0.02,unsat,real 0.00 user 0.00 sys 0.00
543,sat,real 1.15 user 0.82 sys 0.32,sat,real 0.00 user 0.00 sys 0.00
544,sat,real 0.10 user 0.10 sys 0.00,sat,real 0.00 user 0.00 sys 0.00
545,timeout,real 300.12 user 267.89 sys 32.20,sat,real 0.02 user 0.01 sys 0.00
546,sat,real 29.22 user 24.35 sys 4.86,sat,real 0.01 user 0.01 sys 0.00
547,sat,real 3.02 user 2.57 sys 0.45,sat,real 3.56 user 3.24 sys 0.31
548,sat,real 0.04 user 0.03 sys 0.00,sat,real 0.01 user 0.00 sys 0.00
549,sat,real 8.26 user 6.84 sys 1.41,sat,real 0.01 user 0.01 sys 0.00
550,timeout,real 300.11 user 263.06 sys 37.03,sat,real 0.00 user 0.00 sys 0.00
551,sat,real 19.98 user 17.25 sys 2.72,sat,real 0.07 user 0.05 sys 0.01
552,unsat,real 0.44 user 0.42 sys 0.01,unsat,real 0.30 user 0.27 sys 0.03
553,timeout,real 300.12 user 282.99 sys 17.10,sat,real 0.47 user 0.42 sys 0.04
554,unsat,real 0.37 user 0.33 sys 0.03,unsat,real 0.22 user 0.21 sys 0.01
555,sat,real 150.50 user 135.06 sys 15.40,sat,real 0.35 user 0.30 sys 0.04
556,sat,real 8.09 user 7.18 sys 0.90,sat,real 0.00 user 0.00 sys 0.00
557,sat,real 3.09 user 2.45 sys 0.63,sat,real 0.00 user 0.00 sys 0.00
558,unsat,real 0.01 user 0.01 sys 0.00,unsat,real 0.02 user 0.02 sys 0.00
559,unsat,real 0.09 user 0.08 sys 0.01,unsat,real 0.00 user 0.00 sys 0.00
560,sat,real 1.03 user 0.75 sys 0.27,sat,real 0.01 user 0.00 sys 0.00
561,sat,real 3.44 user 2.86 sys 0.57,sat,real 0.00 user 0.00 sys 0.00
562,sat,real 15.70 user 13.60 sys 2.10,sat,real 0.00 user 0.00 sys 0.00
563,sat,real 248.74 user 240.38 sys 8.35,sat,real 0.06 user 0.05 sys 0.00
564,timeout,real 300.13 user 274.32 sys 25.82,sat,real 0.00 user 0.00 sys 0.00
565,unsat,real 0.08 user 0.07 sys 0.01,unsat,real 0.00 user 0.00 sys 0.00
566,sat,real 1.52 user 1.33 sys 0.18,sat,real 0.06 user 0.06 sys 0.00
567,sat,real 4.02 user 3.37 sys 0.64,sat,real 0.04 user 0.03 sys 0.00
568,sat,real 0.25 user 0.20 sys 0.04,sat,real 0.00 user 0.00 sys 0.00
569,unsat,real 0.07 user 0.06 sys 0.00,unsat,real 0.00 user 0.00 sys 0.00
570,unsat,real 1.11 user 1.09 sys 0.01,unsat,real 0.04 user 0.03 sys 0.00
571,unsat,real 0.02 user 0.01 sys 0.00,unsat,real 0.00 user 0.00 sys 0.00
572,sat,real 0.17 user 0.14 sys 0.03,sat,real 0.01 user 0.01 sys 0.00
573,sat,real 0.40 user 0.32 sys 0.07,sat,real 0.03 user 0.03 sys 0.00
574,timeout,real 300.00 user 286.51 sys 13.46,sat,real 0.14 user 0.13 sys 0.01
575,unsat,real 0.06 user 0.06 sys 0.00,unsat,real 0.00 user 0.00 sys 0.00
576,unsat,real 0.03 user 0.02 sys 0.00,unsat,real 0.00 user 0.00 sys 0.00
577,sat,real 0.13 user 0.12 sys 0.01,sat,real 0.04 user 0.03 sys 0.00
578,sat,real 0.44 user 0.35 sys 0.09,sat,real 0.00 user 0.00 sys 0.00
579,sat,real 10.38 user 6.84 sys 3.53,sat,real 0.10 user 0.09 sys 0.01
580,sat,real 16.43 user 13.35 sys 3.07,sat,real 0.00 user 0.00 sys 0.00
581,unsat,real 14.81 user 14.20 sys 0.60,unsat,real 0.00 user 0.00 sys 0.00
582,sat,real 6.41 user 5.88 sys 0.53,sat,real 0.05 user 0.04 sys 0.01
583,sat,real 0.90 user 0.89 sys 0.00,sat,real 0.00 user 0.00 sys 0.00
584,sat,real 5.59 user 4.69 sys 0.89,sat,real 0.07 user 0.06 sys 0.00
585,sat,real 17.99 user 15.21 sys 2.77,sat,real 0.35 user 0.33 sys 0.02
586,sat,real 0.95 user 0.78 sys 0.16,sat,real 0.01 user 0.01 sys 0.00
587,unsat,real 0.03 user 0.03 sys 0.00,unsat,real 0.00 user 0.00 sys 0.00
588,sat,real 3.74 user 3.28 sys 0.46,sat,real 0.00 user 0.00 sys 0.00
589,sat,real 6.52 user 4.76 sys 1.76,sat,real 0.00 user 0.00 sys 0.00
590,sat,real 0.27 user 0.22 sys 0.04,sat,real 0.00 user 0.00 sys 0.00
591,sat,real 3.22 user 2.98 sys 0.23,sat,real 0.00 user 0.00 sys 0.00
592,unsat,real 1.87 user 1.53 sys 0.33,unsat,real 0.04 user 0.03 sys 0.01
593,sat,real 7.92 user 6.21 sys 1.70,sat,real 0.00 user 0.00 sys 0.00
594,timeout,real 300.13 user 265.28 sys 34.83,sat,real 0.17 user 0.16 sys 0.01
595,timeout,real 300.01 user 255.84 sys 44.13,sat,real 0.00 user 0.00 sys 0.00
596,sat,real 2.74 user 2.48 sys 0.26,sat,real 0.00 user 0.00 sys 0.00
597,timeout,real 300.00 user 262.99 sys 36.98,sat,real 0.83 user 0.74 sys 0.08
598,sat,real 0.31 user 0.22 sys 0.08,sat,real 0.01 user 0.00 sys 0.00
599,sat,real 5.06 user 4.47 sys 0.58,sat,real 0.00 user 0.00 sys 0.00
600,unsat,real 0.06 user 0.06 sys 0.00,unsat,real 0.00 user 0.00 sys 0.00
601,unsat,real 0.05 user 0.04 sys 0.00,unsat,real 2.10 user 1.92 sys 0.17
602,sat,real 2.82 user 2.39 sys 0.42,sat,real 0.00 user 0.00 sys 0.00
603,timeout,real 300.13 user 281.18 sys 18.92,sat,real 0.66 user 0.59 sys 0.06
604,sat,real 0.03 user 0.02 sys 0.00,sat,real 0.02 user 0.02 sys 0.00
605,unsat,real 0.03 user 0.02 sys 0.00,unsat,real 0.00 user 0.00 sys 0.00
606,sat,real 59.50 user 57.53 sys 1.95,sat,real 0.25 user 0.22 sys 0.03
607,sat,real 1.13 user 0.95 sys 0.18,sat,real 0.00 user 0.00 sys 0.00
608,unsat,real 0.35 user 0.27 sys 0.08,unsat,real 0.00 user 0.00 sys 0.00
609,sat,real 6.22 user 4.89 sys 1.32,sat,real 0.08 user 0.07 sys 0.00
610,sat,real 8.56 user 7.39 sys 1.16,sat,real 0.00 user 0.00 sys 0.00
611,sat,real 54.42 user 47.72 sys 6.68,sat,real 0.03 user 0.02 sys 0.00
612,unsat,real 0.07 user 0.06 sys 0.00,unsat,real 0.00 user 0.00 sys 0.00
613,unsat,real 0.02 user 0.02 sys 0.00,unsat,real 0.00 user 0.00 sys 0.00
614,sat,real 15.92 user 14.65 sys 1.26,sat,real 0.01 user 0.00 sys 0.00
615,unsat,real 0.20 user 0.17 sys 0.03,unsat,real 0.00 user 0.00 sys 0.00
616,sat,real 0.24 user 0.19 sys 0.04,sat,real 0.02 user 0.02 sys 0.00
617,sat,real 0.01 user 0.01 sys 0.00,sat,real 0.00 user 0.00 sys 0.00
618,unsat,real 0.02 user 0.02 sys 0.00,unsat,real 0.00 user 0.00 sys 0.00
619,sat,real 6.42 user 5.51 sys 0.90,sat,real 0.00 user 0.00 sys 0.00
620,sat,real 10.49 user 9.26 sys 1.23,sat,real 0.35 user 0.32 sys 0.03
621,sat,real 66.43 user 65.07 sys 1.34,sat,real 0.00 user 0.00 sys 0.00
622,sat,real 2.05 user 1.72 sys 0.32,sat,real 0.00 user 0.00 sys 0.00
623,timeout,real 300.12 user 248.74 sys 51.35,sat,real 0.04 user 0.03 sys 0.00
624,sat,real 10.31 user 9.23 sys 1.07,sat,real 0.00 user 0.00 sys 0.00
625,unsat,real 0.04 user 0.03 sys 0.00,unsat,real 0.04 user 0.03 sys 0.00
626,sat,real 18.28 user 17.01 sys 1.26,sat,real 0.56 user 0.48 sys 0.07
627,sat,real 3.61 user 3.47 sys 0.14,sat,real 0.00 user 0.00 sys 0.00
628,unsat,real 0.01 user 0.01 sys 0.00,unsat,real 0.00 user 0.00 sys 0.00
629,timeout,real 300.21 user 292.58 sys 7.62,sat,real 0.00 user 0.00 sys 0.00
630,sat,real 15.32 user 12.28 sys 3.03,sat,real 0.03 user 0.03 sys 0.00
631,sat,real 3.73 user 3.32 sys 0.40,sat,real 0.00 user 0.00 sys 0.00
632,sat,real 117.61 user 110.80 sys 6.79,sat,real 1.14 user 1.08 sys 0.05
633,sat,real 2.74 user 1.82 sys 0.92,sat,real 0.00 user 0.00 sys 0.00
634,unsat,real 0.16 user 0.14 sys 0.01,unsat,real 0.00 user 0.00 sys 0.00
635,sat,real 4.78 user 3.94 sys 0.83,sat,real 0.00 user 0.00 sys 0.00
636,unsat,real 0.14 user 0.12 sys 0.01,unsat,real 0.00 user 0.00 sys 0.00
637,sat,real 1.06 user 0.86 sys 0.20,sat,real 0.09 user 0.08 sys 0.00
638,sat,real 1.54 user 1.52 sys 0.01,sat,real 0.00 user 0.00 sys 0.00
639,timeout,real 300.23 user 278.27 sys 21.94,sat,real 0.85 user 0.77 sys 0.07
640,sat,real 50.98 user 47.14 sys 3.83,sat,real 0.00 user 0.00 sys 0.00
641,sat,real 3.84 user 2.81 sys 1.02,sat,real 0.17 user 0.15 sys 0.01
642,sat,real 30.59 user 23.83 sys 6.75,sat,real 0.00 user 0.00 sys 0.00
643,sat,real 1.25 user 1.11 sys 0.13,sat,real 0.02 user 0.01 sys 0.00
644,unsat,real 0.07 user 0.06 sys 0.00,unsat,real 0.00 user 0.00 sys 0.00
645,sat,real 2.13 user 1.77 sys 0.36,sat,real 0.01 user 0.01 sys 0.00
646,sat,real 0.01 user 0.01 sys 0.00,sat,real 0.00 user 0.00 sys 0.00
647,sat,real 25.21 user 23.20 sys 2.00,sat,real 0.75 user 0.67 sys 0.07
648,unsat,real 0.07 user 0.06 sys 0.00,unsat,real 0.00 user 0.00 sys 0.00
649,unsat,real 0.19 user 0.14 sys 0.04,unsat,real 0.04 user 0.03 sys 0.00
650,timeout,real 300.03 user 283.95 sys 16.06,sat,real 4.77 user 4.42 sys 0.35
651,timeout,real 300.00 user 220.18 sys 79.78,sat,real 0.00 user 0.00 sys 0.00
652,sat,real 0.04 user 0.04 sys 0.00,sat,real 0.03 user 0.03 sys 0.00
653,sat,real 2.70 user 2.06 sys 0.64,sat,real 0.00 user 0.00 sys 0.00
654,sat,real 9.52 user 7.38 sys 2.13,sat,real 0.00 user 0.00 sys 0.00
655,sat,real 7.98 user 6.96 sys 1.01,sat,real 0.01 user 0.00 sys 0.00
656,sat,real 0.43 user 0.33 sys 0.09,sat,real 0.01 user 0.00 sys 0.00
657,sat,real 0.27 user 0.18 sys 0.08,sat,real 0.00 user 0.00 sys 0.00
658,sat,real 38.23 user 33.22 sys 5.00,sat,real 0.01 user 0.00 sys 0.00
659,timeout,real 300.10 user 284.67 sys 15.40,sat,real 0.00 user 0.00 sys 0.00
660,sat,real 3.93 user 3.10 sys 0.82,sat,real 0.00 user 0.00 sys 0.00
661,timeout,real 300.00 user 224.49 sys 75.47,sat,real 0.00 user 0.00 sys 0.00
662,unsat,real 0.25 user 0.23 sys 0.01,unsat,real 0.00 user 0.00 sys 0.00
663,timeout,real 300.16 user 284.50 sys 15.65,sat,real 0.07 user 0.06 sys 0.00
664,sat,real 24.20 user 21.51 sys 2.68,sat,real 0.01 user 0.01 sys 0.00
665,sat,real 0.43 user 0.43 sys 0.00,sat,real 0.09 user 0.08 sys 0.00
666,sat,real 36.34 user 34.19 sys 2.13,sat,real 0.00 user 0.00 sys 0.00
667,timeout,real 300.00 user 242.85 sys 57.10,sat,real 0.00 user 0.00 sys 0.00
668,sat,real 5.74 user 4.67 sys 1.06,sat,real 0.24 user 0.22 sys 0.01
669,sat,real 15.15 user 13.00 sys 2.14,sat,real 0.00 user 0.00 sys 0.00
670,sat,real 0.55 user 0.39 sys 0.16,sat,real 0.00 user 0.00 sys 0.00
671,sat,real 1.04 user 0.71 sys 0.32,sat,real 0.59 user 0.53 sys 0.05
672,sat,real 1.60 user 1.16 sys 0.43,sat,real 0.01 user 0.00 sys 0.00
673,unsat,real 0.11 user 0.10 sys 0.00,unsat,real 0.04 user 0.03 sys 0.00
674,unsat,real 0.02 user 0.01 sys 0.00,unsat,real 0.00 user 0.00 sys 0.00
675,sat,real 6.77 user 6.08 sys 0.68,sat,real 0.81 user 0.72 sys 0.08
676,sat,real 2.84 user 2.51 sys 0.32,sat,real 0.06 user 0.05 sys 0.00
677,sat,real 87.01 user 74.12 sys 12.86,sat,real 0.00 user 0.00 sys 0.00
678,unsat,real 0.46 user 0.42 sys 0.03,unsat,real 0.38 user 0.34 sys 0.04
679,sat,real 5.22 user 4.13 sys 1.08,sat,real 0.01 user 0.01 sys 0.00
680,sat,real 9.53 user 9.46 sys 0.06,sat,real 0.42 user 0.38 sys 0.04
681,sat,real 0.32 user 0.24 sys 0.08,sat,real 0.00 user 0.00 sys 0.00
682,sat,real 0.11 user 0.10 sys 0.01,sat,real 0.01 user 0.01 sys 0.00
683,sat,real 2.31 user 1.68 sys 0.63,sat,real 0.00 user 0.00 sys 0.00
684,timeout,real 300.20 user 275.69 sys 24.49,sat,real 0.59 user 0.53 sys 0.05
685,unsat,real 0.00 user 0.00 sys 0.00,unsat,real 0.00 user 0.00 sys 0.00
686,sat,real 0.42 user 0.33 sys 0.09,sat,real 0.01 user 0.01 sys 0.00
687,unsat,real 0.06 user 0.05 sys 0.00,unsat,real 0.00 user 0.00 sys 0.00
688,sat,real 16.26 user 13.11 sys 3.14,sat,real 0.00 user 0.00 sys 0.00
689,sat,real 0.49 user 0.39 sys 0.09,sat,real 0.01 user 0.00 sys 0.00
690,sat,real 52.70 user 47.26 sys 5.43,sat,real 0.00 user 0.00 sys 0.00
691,unsat,real 0.00 user 0.00 sys 0.00,unsat,real 0.00 user 0.00 sys 0.00
692,sat,real 2.93 user 2.22 sys 0.71,sat,real 0.03 user 0.03 sys 0.00
693,sat,real 5.73 user 4.42 sys 1.31,sat,real 0.00 user 0.00 sys 0.00
694,timeout,real 300.12 user 291.31 sys 8.77,sat,real 0.49 user 0.44 sys 0.03
695,timeout,real 300.00 user 232.66 sys 67.29,sat,real 0.16 user 0.14 sys 0.01
696,sat,real 0.01 user 0.01 sys 0.00,sat,real 0.01 user 0.00 sys 0.00
697,sat,real 135.84 user 135.62 sys 0.20,sat,real 9.36 user 9.13 sys 0.22
698,sat,real 18.27 user 15.47 sys 2.79,sat,real 0.00 user 0.00 sys 0.00
699,sat,real 17.31 user 16.26 sys 1.05,sat,real 0.00 user 0.00 sys 0.00
700,unsat,real 0.06 user 0.05 sys 0.01,unsat,real 0.00 user 0.00 sys 0.00
701,sat,real 15.30 user 12.21 sys 3.09,sat,real 0.00 user 0.00 sys 0.00
702,unsat,real 0.62 user 0.51 sys 0.11,unsat,real 0.23 user 0.20 sys 0.02
703,sat,real 17.71 user 15.83 sys 1.88,sat,real 0.00 user 0.00 sys 0.00
704,sat,real 179.58 user 174.76 sys 4.80,sat,real 0.00 user 0.00 sys 0.00
705,sat,real 25.40 user 21.05 sys 4.34,sat,real 0.00 user 0.00 sys 0.00
706,sat,real 1.24 user 1.22 sys 0.01,sat,real 0.03 user 0.02 sys 0.00
707,unsat,real 0.00 user 0.00 sys 0.00,unsat,real 0.00 user 0.00 sys 0.00
708,sat,real 13.53 user 12.34 sys 1.19,sat,real 0.00 user 0.00 sys 0.00
709,sat,real 20.00 user 18.16 sys 1.83,sat,real 0.01 user 0.01 sys 0.00
710,unsat,real 14.67 user 14.06 sys 0.60,unsat,real 0.00 user 0.00 sys 0.00
711,sat,real 1.16 user 0.90 sys 0.25,sat,real 0.03 user 0.03 sys 0.00
712,unsat,real 0.10 user 0.09 sys 0.01,unsat,real 0.13 user 0.12 sys 0.00
713,sat,real 9.62 user 8.19 sys 1.42,sat,real 0.00 user 0.00 sys 0.00
714,timeout,real 300.00 user 249.33 sys 50.51,sat,real 0.00 user 0.00 sys 0.00
715,sat,real 0.02 user 0.02 sys 0.00,sat,real 0.05 user 0.04 sys 0.00
716,sat,real 7.20 user 6.53 sys 0.66,sat,real 0.15 user 0.13 sys 0.02
717,sat,real 4.50 user 3.25 sys 1.24,sat,real 0.00 user 0.00 sys 0.00
718,unsat,real 0.06 user 0.04 sys 0.01,unsat,real 0.00 user 0.00 sys 0.00
719,sat,real 8.08 user 6.55 sys 1.52,sat,real 0.19 user 0.17 sys 0.02
720,unsat,real 0.01 user 0.01 sys 0.00,unsat,real 0.00 user 0.00 sys 0.00
721,sat,real 0.01 user 0.01 sys 0.00,sat,real 0.02 user 0.01 sys 0.00
722,sat,real 2.65 user 2.26 sys 0.38,sat,real 0.00 user 0.00 sys 0.00
723,sat,real 1.00 user 0.73 sys 0.26,sat,real 0.00 user 0.00 sys 0.00
724,sat,real 28.36 user 26.84 sys 1.51,sat,real 0.00 user 0.00 sys 0.00
725,sat,real 5.40 user 4.46 sys 0.93,sat,real 0.03 user 0.03 sys 0.00
726,unsat,real 0.01 user 0.01 sys 0.00,unsat,real 0.00 user 0.00 sys 0.00
727,sat,real 1.12 user 0.86 sys 0.26,sat,real 0.00 user 0.00 sys 0.00
728,unsat,real 0.05 user 0.05 sys 0.00,unsat,real 0.00 user 0.00 sys 0.00
729,sat,real 0.81 user 0.63 sys 0.17,sat,real 0.00 user 0.00 sys 0.00
730,timeout,real 300.11 user 261.62 sys 38.48,sat,real 0.00 user 0.00 sys 0.00
731,sat,real 7.02 user 4.98 sys 2.03,sat,real 0.00 user 0.00 sys 0.00
732,sat,real 0.34 user 0.27 sys 0.06,sat,real 0.00 user 0.00 sys 0.00
733,sat,real 4.42 user 3.63 sys 0.78,sat,real 0.09 user 0.08 sys 0.01
734,sat,real 0.20 user 0.16 sys 0.03,sat,real 0.00 user 0.00 sys 0.00
735,timeout,real 300.00 user 230.52 sys 69.44,sat,real 0.09 user 0.07 sys 0.01
736,sat,real 2.21 user 1.83 sys 0.37,sat,real 0.00 user 0.00 sys 0.00
737,sat,real 1.11 user 0.91 sys 0.19,sat,real 0.02 user 0.01 sys 0.00
738,timeout,real 300.13 user 282.13 sys 17.98,sat,real 0.15 user 0.13 sys 0.01
739,sat,real 0.30 user 0.19 sys 0.10,sat,real 0.00 user 0.00 sys 0.00
740,sat,real 0.01 user 0.01 sys 0.00,sat,real 0.02 user 0.02 sys 0.00
741,sat,real 11.45 user 10.39 sys 1.05,sat,real 0.00 user 0.00 sys 0.00
742,sat,real 5.57 user 4.32 sys 1.24,sat,real 0.00 user 0.00 sys 0.00
743,sat,real 7.40 user 6.69 sys 0.70,sat,real 0.05 user 0.04 sys 0.00
744,sat,real 0.01 user 0.00 sys 0.00,sat,real 0.00 user 0.00 sys 0.00
745,timeout,real 300.11 user 262.60 sys 37.45,sat,real 0.91 user 0.84 sys 0.07
746,sat,real 0.31 user 0.26 sys 0.05,sat,real 0.00 user 0.00 sys 0.00
747,timeout,real 300.10 user 219.99 sys 80.09,sat,real 0.00 user 0.00 sys 0.00
748,timeout,real 300.00 user 220.97 sys 78.98,sat,real 0.00 user 0.00 sys 0.00
749,sat,real 0.08 user 0.07 sys 0.00,sat,real 0.00 user 0.00 sys 0.00
750,sat,real 0.01 user 0.01 sys 0.00,sat,real 0.00 user 0.00 sys 0.00
751,sat,real 275.58 user 273.58 sys 1.97,sat,real 0.64 user 0.57 sys 0.06
752,sat,real 2.04 user 1.62 sys 0.41,sat,real 0.19 user 0.18 sys 0.01
753,sat,real 1.88 user 1.62 sys 0.25,sat,real 1.71 user 1.62 sys 0.08
754,unsat,real 0.16 user 0.15 sys 0.01,unsat,real 0.00 user 0.00 sys 0.00
755,sat,real 39.07 user 31.19 sys 7.88,sat,real 0.00 user 0.00 sys 0.00
756,sat,real 0.77 user 0.48 sys 0.28,sat,real 0.07 user 0.06 sys 0.01
757,sat,real 1.02 user 0.79 sys 0.22,sat,real 0.00 user 0.00 sys 0.00
758,sat,real 48.69 user 40.26 sys 8.41,sat,real 0.03 user 0.02 sys 0.00
759,sat,real 4.41 user 3.94 sys 0.46,sat,real 0.00 user 0.00 sys 0.00
760,sat,real 41.05 user 38.39 sys 2.66,sat,real 0.24 user 0.21 sys 0.02
761,unsat,real 4.09 user 3.86 sys 0.23,unsat,real 0.00 user 0.00 sys 0.00
762,unsat,real 0.01 user 0.01 sys 0.00,unsat,real 0.00 user 0.00 sys 0.00
763,sat,real 1.73 user 1.34 sys 0.39,sat,real 0.13 user 0.12 sys 0.01
764,sat,real 10.79 user 8.75 sys 2.03,sat,real 0.11 user 0.10 sys 0.01
765,unsat,real 0.08 user 0.08 sys 0.00,unsat,real 0.00 user 0.00 sys 0.00
766,sat,real 5.69 user 4.70 sys 0.99,sat,real 0.00 user 0.00 sys 0.00
767,sat,real 0.74 user 0.50 sys 0.23,sat,real 0.00 user 0.00 sys 0.00
768,sat,real 2.31 user 2.03 sys 0.27,sat,real 0.03 user 0.02 sys 0.00
769,sat,real 0.66 user 0.55 sys 0.10,sat,real 0.01 user 0.01 sys 0.00
770,sat,real 0.04 user 0.03 sys 0.00,sat,real 0.03 user 0.02 sys 0.00
771,unsat,real 1.90 user 1.87 sys 0.02,unsat,real 0.16 user 0.15 sys 0.01
772,sat,real 1.32 user 1.08 sys 0.23,sat,real 0.00 user 0.00 sys 0.00
773,sat,real 9.54 user 8.25 sys 1.28,sat,real 0.00 user 0.00 sys 0.00
774,sat,real 0.69 user 0.54 sys 0.15,sat,real 0.00 user 0.00 sys 0.00
775,sat,real 2.76 user 2.15 sys 0.60,sat,real 0.00 user 0.00 sys 0.00
776,sat,real 10.05 user 9.34 sys 0.70,sat,real 0.01 user 0.00 sys 0.00
777,timeout,real 300.11 user 243.61 sys 56.49,sat,real 0.15 user 0.13 sys 0.01
778,sat,real 28.02 user 23.12 sys 4.89,sat,real 0.37 user 0.35 sys 0.01
779,unsat,real 31.32 user 27.59 sys 3.71,unsat,real 0.00 user 0.00 sys 0.00
780,sat,real 9.82 user 9.42 sys 0.40,sat,real 0.00 user 0.00 sys 0.00
781,sat,real 13.85 user 11.82 sys 2.02,sat,real 0.00 user 0.00 sys 0.00
782,sat,real 47.64 user 39.64 sys 7.98,sat,real 0.05 user 0.04 sys 0.00
783,sat,real 0.97 user 0.87 sys 0.09,sat,real 0.00 user 0.00 sys 0.00
784,sat,real 87.35 user 74.41 sys 12.91,sat,real 0.30 user 0.27 sys 0.02
785,unsat,real 0.06 user 0.05 sys 0.00,unsat,real 0.00 user 0.00 sys 0.00
786,sat,real 1.21 user 1.19 sys 0.01,sat,real 0.16 user 0.14 sys 0.01
787,sat,real 10.39 user 8.37 sys 2.01,sat,real 0.00 user 0.00 sys 0.00
788,unsat,real 33.90 user 28.29 sys 5.60,unsat,real 0.00 user 0.00 sys 0.00
789,unsat,real 1.43 user 1.35 sys 0.07,unsat,real 0.11 user 0.10 sys 0.00
790,sat,real 0.95 user 0.94 sys 0.00,sat,real 0.20 user 0.18 sys 0.01
791,sat,real 1.49 user 1.23 sys 0.26,sat,real 0.02 user 0.02 sys 0.00
792,sat,real 4.24 user 3.16 sys 1.07,sat,real 0.00 user 0.00 sys 0.00
793,timeout,real 300.00 user 245.34 sys 54.62,sat,real 0.00 user 0.00 sys 0.00
794,sat,real 2.92 user 2.44 sys 0.48,sat,real 0.15 user 0.13 sys 0.01
795,sat,real 2.04 user 1.57 sys 0.47,sat,real 0.00 user 0.00 sys 0.00
796,sat,real 3.16 user 2.44 sys 0.71,sat,real 0.00 user 0.00 sys 0.00
797,unsat,real 0.09 user 0.07 sys 0.01,unsat,real 0.00 user 0.00 sys 0.00
798,unsat,real 0.02 user 0.01 sys 0.00,unsat,real 0.00 user 0.00 sys 0.00
799,sat,real 0.23 user 0.19 sys 0.03,sat,real 0.01 user 0.00 sys 0.00
800,sat,real 0.05 user 0.05 sys 0.00,sat,real 0.09 user 0.08 sys 0.00
801,unsat,real 1.14 user 0.95 sys 0.18,unsat,real 0.01 user 0.00 sys 0.00
802,unsat,real 15.19 user 14.55 sys 0.63,unsat,real 0.00 user 0.00 sys 0.00
803,unsat,real 14.89 user 14.30 sys 0.58,unsat,real 0.55 user 0.48 sys 0.06
804,sat,real 1.92 user 1.70 sys 0.22,sat,real 0.00 user 0.00 sys 0.00
805,sat,real 0.24 user 0.13 sys 0.10,sat,real 0.00 user 0.00 sys 0.00
806,unsat,real 0.02 user 0.02 sys 0.00,unsat,real 0.01 user 0.00 sys 0.00
807,sat,real 0.21 user 0.16 sys 0.04,sat,real 0.00 user 0.00 sys 0.00
808,sat,real 27.75 user 23.70 sys 4.04,sat,real 0.07 user 0.06 sys 0.01
809,sat,real 4.41 user 3.71 sys 0.69,sat,real 0.00 user 0.00 sys 0.00
810,timeout,real 300.04 user 290.07 sys 9.93,sat,real 0.54 user 0.49 sys 0.04
811,unsat,real 0.04 user 0.04 sys 0.00,unsat,real 0.14 user 0.12 sys 0.02
812,sat,real 0.19 user 0.11 sys 0.07,sat,real 0.00 user 0.00 sys 0.00
813,sat,real 1.13 user 0.88 sys 0.24,sat,real 0.08 user 0.06 sys 0.01
814,unsat,real 0.16 user 0.15 sys 0.01,unsat,real 0.00 user 0.00 sys 0.00
815,sat,real 1.99 user 1.70 sys 0.29,sat,real 0.00 user 0.00 sys 0.00
816,unsat,real 0.03 user 0.03 sys 0.00,unsat,real 0.00 user 0.00 sys 0.00
817,sat,real 52.50 user 50.60 sys 1.88,sat,real 0.00 user 0.00 sys 0.00
818,sat,real 4.83 user 4.29 sys 0.54,sat,real 0.00 user 0.00 sys 0.00
819,sat,real 7.14 user 4.95 sys 2.18,sat,real 0.08 user 0.07 sys 0.01
820,sat,real 19.23 user 16.61 sys 2.61,sat,real 0.00 user 0.00 sys 0.00
821,unsat,real 0.01 user 0.01 sys 0.00,unsat,real 0.01 user 0.01 sys 0.00
822,sat,real 0.09 user 0.07 sys 0.01,sat,real 0.00 user 0.00 sys 0.00
823,timeout,real 300.03 user 295.46 sys 4.53,sat,real 0.00 user 0.00 sys 0.00
824,sat,real 31.44 user 27.17 sys 4.25,sat,real 0.00 user 0.00 sys 0.00
825,timeout,real 300.11 user 240.62 sys 59.47,sat,real 0.74 user 0.66 sys 0.07
826,sat,real 1.24 user 0.98 sys 0.25,sat,real 0.00 user 0.00 sys 0.00
827,unsat,real 1.22 user 1.01 sys 0.21,unsat,real 0.06 user 0.04 sys 0.01
828,sat,real 5.84 user 4.92 sys 0.91,sat,real 0.00 user 0.00 sys 0.00
829,sat,real 3.35 user 3.31 sys 0.04,sat,real 0.69 user 0.65 sys 0.03
830,sat,real 0.99 user 0.87 sys 0.12,sat,real 0.01 user 0.01 sys 0.00
831,sat,real 0.01 user 0.01 sys 0.00,sat,real 0.02 user 0.01 sys 0.00
832,sat,real 2.35 user 2.17 sys 0.18,sat,real 0.00 user 0.00 sys 0.00
833,sat,real 2.26 user 1.98 sys 0.28,sat,real 0.00 user 0.00 sys 0.00
834,timeout,real 300.00 user 230.39 sys 69.55,sat,real 0.00 user 0.00 sys 0.00
835,sat,real 0.30 user 0.21 sys 0.09,sat,real 0.00 user 0.00 sys 0.00
836,sat,real 1.50 user 1.42 sys 0.07,sat,real 0.00 user 0.00 sys 0.00
837,timeout,real 300.01 user 236.44 sys 63.53,sat,real 0.09 user 0.07 sys 0.00
838,sat,real 8.24 user 7.06 sys 1.18,sat,real 0.11 user 0.09 sys 0.01
839,sat,real 1.49 user 1.25 sys 0.24,sat,real 0.00 user 0.00 sys 0.00
840,unsat,real 0.05 user 0.04 sys 0.00,unsat,real 0.01 user 0.01 sys 0.00
841,sat,real 17.42 user 12.77 sys 4.65,sat,real 0.00 user 0.00 sys 0.00
842,unsat,real 0.00 user 0.00 sys 0.00,unsat,real 0.00 user 0.00 sys 0.00
843,sat,real 23.84 user 20.31 sys 3.52,sat,real 0.00 user 0.00 sys 0.00
844,sat,real 0.68 user 0.46 sys 0.22,sat,real 0.00 user 0.00 sys 0.00
845,sat,real 8.63 user 7.53 sys 1.09,sat,real 0.00 user 0.00 sys 0.00
846,sat,real 4.02 user 3.31 sys 0.70,sat,real 0.00 user 0.00 sys 0.00
847,sat,real 12.19 user 10.77 sys 1.41,sat,real 0.00 user 0.00 sys 0.00
848,unsat,real 0.04 user 0.03 sys 0.00,unsat,real 0.00 user 0.00 sys 0.00
849,unsat,real 0.12 user 0.11 sys 0.01,unsat,real 0.00 user 0.00 sys 0.00
850,sat,real 0.06 user 0.05 sys 0.00,sat,real 0.02 user 0.02 sys 0.00
851,unsat,real 0.00 user 0.00 sys 0.00,unsat,real 0.00 user 0.00 sys 0.00
852,sat,real 3.04 user 2.30 sys 0.74,sat,real 0.00 user 0.00 sys 0.00
853,sat,real 5.93 user 5.30 sys 0.62,sat,real 0.12 user 0.11 sys 0.01
854,sat,real 3.73 user 2.80 sys 0.93,sat,real 0.00 user 0.00 sys 0.00
855,timeout,real 300.12 user 251.80 sys 48.30,sat,real 0.20 user 0.18 sys 0.01
856,sat,real 1.43 user 1.10 sys 0.33,sat,real 0.00 user 0.00 sys 0.00
857,sat,real 11.13 user 8.60 sys 2.51,sat,real 0.17 user 0.16 sys 0.01
858,sat,real 0.54 user 0.48 sys 0.06,sat,real 0.00 user 0.00 sys 0.00
859,timeout,real 300.11 user 248.14 sys 51.95,sat,real 0.73 user 0.65 sys 0.07
860,sat,real 26.06 user 19.03 sys 7.02,sat,real 0.05 user 0.04 sys 0.00
861,timeout,real 300.11 user 244.77 sys 55.32,unsat,real 0.00 user 0.00 sys 0.00
862,sat,real 37.05 user 35.29 sys 1.75,sat,real 0.00 user 0.00 sys 0.00
863,sat,real 0.08 user 0.05 sys 0.03,sat,real 0.00 user 0.00 sys 0.00
864,sat,real 11.93 user 10.77 sys 1.16,sat,real 0.07 user 0.06 sys 0.00
865,unsat,real 2.48 user 2.44 sys 0.03,unsat,real 0.31 user 0.28 sys 0.02
866,sat,real 1.37 user 1.21 sys 0.15,sat,real 0.00 user 0.00 sys 0.00
867,sat,real 32.13 user 29.99 sys 2.13,sat,real 0.07 user 0.06 sys 0.01
868,sat,real 2.07 user 1.70 sys 0.36,sat,real 0.00 user 0.00 sys 0.00
869,sat,real 0.03 user 0.02 sys 0.00,sat,real 0.03 user 0.02 sys 0.00
870,sat,real 49.86 user 36.70 sys 13.14,sat,real 0.00 user 0.00 sys 0.00
871,unsat,real 0.10 user 0.09 sys 0.00,unsat,real 0.00 user 0.00 sys 0.00
872,sat,real 6.82 user 6.12 sys 0.69,sat,real 0.02 user 0.01 sys 0.00
873,unsat,real 0.04 user 0.03 sys 0.00,unsat,real 0.00 user 0.00 sys 0.00
874,sat,real 2.26 user 1.63 sys 0.62,sat,real 0.00 user 0.00 sys 0.00
875,timeout,real 300.11 user 265.43 sys 34.66,sat,real 0.00 user 0.00 sys 0.00
876,unsat,real 0.06 user 0.04 sys 0.01,unsat,real 0.00 user 0.00 sys 0.00
877,timeout,real 300.11 user 295.99 sys 4.09,unsat,real 0.65 user 0.60 sys 0.04
878,sat,real 29.43 user 25.01 sys 4.41,sat,real 0.01 user 0.01 sys 0.00
879,unsat,real 4.82 user 4.27 sys 0.55,unsat,real 0.50 user 0.45 sys 0.05
880,sat,real 2.82 user 2.40 sys 0.41,sat,real 0.04 user 0.03 sys 0.00
881,sat,real 3.91 user 3.32 sys 0.58,sat,real 0.81 user 0.70 sys 0.10
882,sat,real 4.17 user 3.32 sys 0.84,sat,real 0.00 user 0.00 sys 0.00
883,unsat,real 0.07 user 0.06 sys 0.01,unsat,real 0.00 user 0.00 sys 0.00
884,unsat,real 0.18 user 0.16 sys 0.01,unsat,real 0.05 user 0.04 sys 0.00
885,unsat,real 0.07 user 0.06 sys 0.00,unsat,real 0.00 user 0.00 sys 0.00
886,sat,real 0.09 user 0.09 sys 0.00,sat,real 0.00 user 0.00 sys 0.00
887,unsat,real 0.01 user 0.01 sys 0.00,unsat,real 0.00 user 0.00 sys 0.00
888,sat,real 23.42 user 16.59 sys 6.82,sat,real 0.00 user 0.00 sys 0.00
889,sat,real 0.87 user 0.84 sys 0.03,sat,real 0.00 user 0.00 sys 0.00
890,timeout,real 300.00 user 228.93 sys 71.02,sat,real 0.02 user 0.01 sys 0.00
891,sat,real 0.80 user 0.67 sys 0.12,sat,real 0.13 user 0.11 sys 0.01
892,sat,real 4.90 user 4.38 sys 0.52,sat,real 0.01 user 0.01 sys 0.00
893,sat,real 0.41 user 0.40 sys 0.01,sat,real 0.02 user 0.01 sys 0.00
894,timeout,real 300.03 user 298.05 sys 1.95,sat,real 2.88 user 2.63 sys 0.24
895,sat,real 2.93 user 2.60 sys 0.32,sat,real 0.00 user 0.00 sys 0.00
896,sat,real 1.66 user 1.31 sys 0.34,sat,real 0.00 user 0.00 sys 0.00
897,unsat,real 0.03 user 0.02 sys 0.00,unsat,real 0.00 user 0.00 sys 0.00
898,sat,real 0.12 user 0.11 sys 0.00,sat,real 0.03 user 0.02 sys 0.00
899,sat,real 19.70 user 17.76 sys 1.94,sat,real 0.75 user 0.68 sys 0.07
900,sat,real 1.37 user 1.22 sys 0.14,sat,real 0.02 user 0.01 sys 0.00
901,sat,real 36.45 user 30.21 sys 6.23,sat,real 0.01 user 0.00 sys 0.00
902,sat,real 1.21 user 0.89 sys 0.32,sat,real 0.00 user 0.00 sys 0.00
903,sat,real 0.76 user 0.62 sys 0.13,sat,real 0.00 user 0.00 sys 0.00
904,sat,real 4.16 user 3.21 sys 0.94,sat,real 0.01 user 0.00 sys 0.00
905,timeout,real 300.16 user 290.84 sys 9.30,sat,real 0.00 user 0.00 sys 0.00
906,unsat,real 0.10 user 0.09 sys 0.01,unsat,real 0.00 user 0.00 sys 0.00
907,unsat,real 0.35 user 0.29 sys 0.05,unsat,real 0.00 user 0.00 sys 0.00
908,sat,real 25.26 user 20.70 sys 4.55,sat,real 0.11 user 0.10 sys 0.01
909,sat,real 0.57 user 0.48 sys 0.08,sat,real 0.00 user 0.00 sys 0.00
910,sat,real 1.35 user 1.26 sys 0.09,sat,real 0.01 user 0.01 sys 0.00
911,unsat,real 0.02 user 0.02 sys 0.00,unsat,real 0.00 user 0.00 sys 0.00
912,unsat,real 0.06 user 0.05 sys 0.00,unsat,real 0.00 user 0.00 sys 0.00
913,sat,real 55.73 user 53.17 sys 2.55,sat,real 4.06 user 3.84 sys 0.21
914,sat,real 0.05 user 0.03 sys 0.01,sat,real 0.00 user 0.00 sys 0.00
915,sat,real 9.46 user 8.87 sys 0.59,sat,real 2.40 user 2.18 sys 0.21
916,sat,real 3.86 user 3.32 sys 0.54,sat,real 0.09 user 0.07 sys 0.01
917,sat,real 20.44 user 17.70 sys 2.73,sat,real 0.00 user 0.00 sys 0.00
918,sat,real 0.11 user 0.09 sys 0.02,sat,real 0.04 user 0.03 sys 0.00
919,timeout,real 300.10 user 281.15 sys 18.92,sat,real 0.00 user 0.00 sys 0.00
920,sat,real 24.28 user 21.71 sys 2.56,sat,real 0.00 user 0.00 sys 0.00
921,unsat,real 0.14 user 0.12 sys 0.02,unsat,real 0.00 user 0.00 sys 0.00
922,sat,real 2.24 user 1.55 sys 0.69,sat,real 0.00 user 0.00 sys 0.00
923,timeout,real 300.11 user 246.02 sys 54.06,sat,real 0.00 user 0.00 sys 0.00
924,sat,real 0.04 user 0.04 sys 0.00,sat,real 0.00 user 0.00 sys 0.00
925,sat,real 0.05 user 0.03 sys 0.01,sat,real 0.00 user 0.00 sys 0.00
926,timeout,real 300.04 user 287.37 sys 12.64,sat,real 4.12 user 3.78 sys 0.33
927,unsat,real 0.03 user 0.02 sys 0.00,unsat,real 0.00 user 0.00 sys 0.00
928,sat,real 0.13 user 0.12 sys 0.01,sat,real 0.11 user 0.10 sys 0.01
929,sat,real 2.96 user 2.46 sys 0.49,sat,real 0.00 user 0.00 sys 0.00
930,timeout,real 300.13 user 272.75 sys 27.36,sat,real 0.67 user 0.60 sys 0.06
931,sat,real 0.21 user 0.18 sys 0.02,sat,real 0.00 user 0.00 sys 0.00
932,sat,real 8.12 user 6.97 sys 1.14,sat,real 0.00 user 0.00 sys 0.00
933,sat,real 1.39 user 1.25 sys 0.14,sat,real 0.02 user 0.01 sys 0.00
934,sat,real 22.58 user 19.95 sys 2.61,sat,real 0.03 user 0.02 sys 0.00
935,sat,real 0.02 user 0.02 sys 0.00,sat,real 0.01 user 0.01 sys 0.00
936,sat,real 1.83 user 1.56 sys 0.27,sat,real 0.02 user 0.02 sys 0.00
937,sat,real 10.62 user 8.36 sys 2.25,sat,real 0.03 user 0.03 sys 0.00
938,sat,real 31.88 user 24.31 sys 7.56,sat,real 0.00 user 0.00 sys 0.00
939,timeout,real 300.11 user 244.38 sys 55.70,sat,real 0.00 user 0.00 sys 0.00
940,timeout,real 300.00 user 260.48 sys 39.46,sat,real 0.01 user 0.00 sys 0.00
941,sat,real 22.01 user 21.47 sys 0.54,sat,real 0.00 user 0.00 sys 0.00
942,sat,real 1.81 user 1.50 sys 0.31,sat,real 0.01 user 0.00 sys 0.00
943,unsat,real 0.05 user 0.03 sys 0.00,unsat,real 0.00 user 0.00 sys 0.00
944,sat,real 3.23 user 2.65 sys 0.57,sat,real 0.00 user 0.00 sys 0.00
945,sat,real 0.21 user 0.17 sys 0.04,sat,real 0.00 user 0.00 sys 0.00
946,unsat,real 2.56 user 1.90 sys 0.65,unsat,real 0.03 user 0.03 sys 0.00
947,sat,real 1.07 user 1.06 sys 0.01,sat,real 0.17 user 0.15 sys 0.01
948,sat,real 1.73 user 1.67 sys 0.06,sat,real 0.86 user 0.78 sys 0.08
949,sat,real 0.46 user 0.37 sys 0.08,sat,real 0.00 user 0.00 sys 0.00
950,sat,real 0.51 user 0.33 sys 0.18,sat,real 0.00 user 0.00 sys 0.00
951,sat,real 2.20 user 1.45 sys 0.74,sat,real 0.07 user 0.06 sys 0.01
952,sat,real 0.62 user 0.53 sys 0.08,sat,real 0.00 user 0.00 sys 0.00
953,sat,real 6.69 user 4.96 sys 1.72,sat,real 0.07 user 0.06 sys 0.01
954,unsat,real 0.25 user 0.22 sys 0.02,unsat,real 0.00 user 0.00 sys 0.00
955,timeout,real 300.00 user 244.01 sys 55.95,sat,real 0.10 user 0.08 sys 0.01
956,sat,real 6.50 user 5.36 sys 1.12,sat,real 0.00 user 0.00 sys 0.00
957,sat,real 0.58 user 0.49 sys 0.08,sat,real 0.00 user 0.00 sys 0.00
958,unsat,real 0.02 user 0.02 sys 0.00,unsat,real 0.00 user 0.00 sys 0.00
959,unsat,real 0.06 user 0.05 sys 0.00,unsat,real 0.04 user 0.03 sys 0.00
960,sat,real 33.82 user 31.21 sys 2.60,sat,real 0.13 user 0.11 sys 0.01
961,unsat,real 0.02 user 0.02 sys 0.00,unsat,real 0.00 user 0.00 sys 0.00
962,sat,real 21.96 user 16.63 sys 5.32,sat,real 0.00 user 0.00 sys 0.00
963,sat,real 84.83 user 75.79 sys 9.02,sat,real 0.07 user 0.06 sys 0.00
964,sat,real 27.17 user 23.60 sys 3.56,sat,real 0.00 user 0.00 sys 0.00
965,sat,real 8.85 user 7.39 sys 1.45,sat,real 0.00 user 0.00 sys 0.00
966,sat,real 4.62 user 3.40 sys 1.22,sat,real 0.00 user 0.00 sys 0.00
967,timeout,real 300.02 user 282.59 sys 17.44,unsat,real 0.10 user 0.09 sys 0.01
968,sat,real 3.05 user 2.61 sys 0.43,sat,real 0.00 user 0.00 sys 0.00
969,sat,real 29.35 user 28.24 sys 1.10,sat,real 0.40 user 0.37 sys 0.03
970,sat,real 4.38 user 3.43 sys 0.94,sat,real 0.01 user 0.00 sys 0.00
971,timeout,real 300.00 user 264.77 sys 35.19,sat,real 0.09 user 0.08 sys 0.01
972,sat,real 46.62 user 41.63 sys 4.98,sat,real 0.00 user 0.00 sys 0.00
973,sat,real 1.28 user 0.99 sys 0.29,sat,real 0.00 user 0.00 sys 0.00
974,sat,real 0.56 user 0.55 sys 0.00,sat,real 0.16 user 0.14 sys 0.01
975,sat,real 1.94 user 1.31 sys 0.63,sat,real 0.00 user 0.00 sys 0.00
976,sat,real 9.31 user 8.22 sys 1.08,sat,real 0.07 user 0.06 sys 0.01
977,unsat,real 4.83 user 3.86 sys 0.96,unsat,real 0.07 user 0.06 sys 0.01
978,sat,real 6.98 user 6.44 sys 0.53,sat,real 0.00 user 0.00 sys 0.00
979,unsat,real 0.03 user 0.02 sys 0.00,unsat,real 0.00 user 0.00 sys 0.00
980,sat,real 0.07 user 0.04 sys 0.02,sat,real 0.00 user 0.00 sys 0.00
981,sat,real 15.43 user 11.97 sys 3.45,sat,real 0.00 user 0.00 sys 0.00
982,unsat,real 0.17 user 0.15 sys 0.01,unsat,real 0.00 user 0.00 sys 0.00
983,unsat,real 0.00 user 0.00 sys 0.00,unsat,real 0.00 user 0.00 sys 0.00
984,timeout,real 300.00 user 224.26 sys 75.69,sat,real 0.00 user 0.00 sys 0.00
985,sat,real 0.66 user 0.56 sys 0.09,sat,real 0.03 user 0.03 sys 0.00
986,sat,real 75.01 user 69.30 sys 5.69,sat,real 0.01 user 0.00 sys 0.00
987,sat,real 0.88 user 0.64 sys 0.23,sat,real 0.00 user 0.00 sys 0.00
988,sat,real 1.56 user 1.29 sys 0.27,sat,real 0.00 user 0.00 sys 0.00
989,sat,real 6.17 user 6.13 sys 0.04,sat,real 0.70 user 0.65 sys 0.05
990,sat,real 0.37 user 0.24 sys 0.12,sat,real 0.00 user 0.00 sys 0.00
991,sat,real 3.72 user 2.98 sys 0.74,sat,real 0.00 user 0.00 sys 0.00
992,sat,real 0.26 user 0.22 sys 0.04,sat,real 0.02 user 0.01 sys 0.00
993,sat,real 9.15 user 7.19 sys 1.95,sat,real 0.00 user 0.00 sys 0.00
994,unsat,real 0.00 user 0.00 sys 0.00,unsat,real 0.00 user 0.00 sys 0.00
995,sat,real 48.40 user 43.14 sys 5.24,sat,real 0.27 user 0.23 sys 0.03
996,sat,real 0.61 user 0.57 sys 0.03,sat,real 0.70 user 0.64 sys 0.06
997,sat,real 0.90 user 0.64 sys 0.25,sat,real 0.02 user 0.01 sys 0.00
998,sat,real 2.04 user 1.55 sys 0.48,sat,real 0.00 user 0.00 sys 0.00
999,sat,real 4.96 user 4.41 sys 0.54,sat,real 0.00 user 0.00 sys 0.00
1000,sat,real 0.16 user 0.13 sys 0.03,sat,real 0.00 user 0.00 sys 0.00
1001,sat,real 1.09 user 1.07 sys 0.01,sat,real 0.21 user 0.18 sys 0.02
1002,unsat,real 0.00 user 0.00 sys 0.00,unsat,real 0.00 user 0.00 sys 0.00
1003,sat,real 1.39 user 1.04 sys 0.35,sat,real 0.00 user 0.00 sys 0.00
1004,sat,real 0.37 user 0.28 sys 0.08,sat,real 0.00 user 0.00 sys 0.00
1005,unsat,real 0.03 user 0.02 sys 0.00,unsat,real 0.00 user 0.00 sys 0.00
1006,sat,real 0.75 user 0.54 sys 0.21,sat,real 0.00 user 0.00 sys 0.00
1007,unsat,real 0.00 user 0.00 sys 0.00,unsat,real 0.00 user 0.00 sys 0.00
1008,sat,real 1.36 user 1.09 sys 0.27,sat,real 0.00 user 0.00 sys 0.00
1009,sat,real 31.37 user 24.82 sys 6.53,sat,real 0.00 user 0.00 sys 0.00
1010,sat,real 0.62 user 0.53 sys 0.08,sat,real 0.00 user 0.00 sys 0.00
1011,sat,real 8.07 user 6.15 sys 1.91,sat,real 0.01 user 0.01 sys 0.00
1012,timeout,real 300.12 user 260.62 sys 39.46,sat,real 0.12 user 0.10 sys 0.01
1013,sat,real 13.26 user 12.56 sys 0.69,sat,real 0.91 user 0.80 sys 0.10
1014,sat,real 31.22 user 25.07 sys 6.13,sat,real 0.03 user 0.02 sys 0.00
1015,sat,real 4.43 user 3.45 sys 0.97,sat,real 0.07 user 0.05 sys 0.01
1016,unsat,real 0.00 user 0.00 sys 0.00,unsat,real 0.00 user 0.00 sys 0.00
1017,sat,real 1.63 user 1.06 sys 0.56,sat,real 0.00 user 0.00 sys 0.00
1018,sat,real 17.04 user 14.43 sys 2.60,sat,real 0.35 user 0.31 sys 0.04
1019,sat,real 154.35 user 153.40 sys 0.92,sat,real 0.00 user 0.00 sys 0.00
1020,sat,real 3.90 user 3.28 sys 0.62,sat,real 0.00 user 0.00 sys 0.00
1021,sat,real 1.35 user 1.16 sys 0.18,sat,real 0.00 user 0.00 sys 0.00
1022,timeout,real 300.04 user 297.47 sys 2.54,sat,real 0.28 user 0.26 sys 0.01
1023,unsat,real 0.02 user 0.02 sys 0.00,unsat,real 0.00 user 0.00 sys 0.00
1024,timeout,real 300.11 user 277.57 sys 22.51,sat,real 0.59 user 0.53 sys 0.05
1025,timeout,real 300.00 user 279.06 sys 20.92,sat,real 0.00 user 0.00 sys 0.00
1026,timeout,real 300.02 user 243.45 sys 56.56,sat,real 0.00 user 0.00 sys 0.00
1027,unsat,real 0.05 user 0.03 sys 0.00,unsat,real 0.00 user 0.00 sys 0.00
1028,sat,real 2.30 user 1.99 sys 0.31,sat,real 0.00 user 0.00 sys 0.00
1029,sat,real 1.02 user 1.01 sys 0.00,sat,real 0.27 user 0.24 sys 0.02
1030,unsat,real 0.00 user 0.00 sys 0.00,unsat,real 0.00 user 0.00 sys 0.00
1031,sat,real 2.21 user 1.97 sys 0.24,sat,real 0.00 user 0.00 sys 0.00
1032,sat,real 16.61 user 12.26 sys 4.33,sat,real 0.00 user 0.00 sys 0.00
1033,unsat,real 16.31 user 14.31 sys 1.99,unsat,real 0.03 user 0.02 sys 0.00
1034,sat,real 65.22 user 52.02 sys 13.17,sat,real 0.18 user 0.16 sys 0.01
1035,sat,real 119.17 user 112.59 sys 6.54,sat,real 0.13 user 0.12 sys 0.00
1036,sat,real 0.63 user 0.46 sys 0.16,sat,real 0.00 user 0.00 sys 0.00
1037,sat,real 16.35 user 14.94 sys 1.40,sat,real 0.01 user 0.01 sys 0.00
1038,sat,real 210.62 user 202.89 sys 7.69,sat,real 6.54 user 6.00 sys 0.53
1039,sat,real 1.12 user 0.83 sys 0.28,sat,real 0.00 user 0.00 sys 0.00
1040,timeout,real 300.00 user 228.60 sys 71.34,sat,real 0.00 user 0.00 sys 0.00
1041,timeout,real 300.01 user 284.85 sys 15.12,sat,real 0.01 user 0.01 sys 0.00
1042,sat,real 0.53 user 0.36 sys 0.15,sat,real 0.06 user 0.05 sys 0.00
1043,sat,real 8.97 user 7.84 sys 1.11,sat,real 0.00 user 0.00 sys 0.00
1044,sat,real 4.76 user 4.12 sys 0.63,sat,real 0.09 user 0.08 sys 0.00
1045,unsat,real 0.00 user 0.00 sys 0.00,unsat,real 0.00 user 0.00 sys 0.00
1046,sat,real 8.96 user 7.48 sys 1.47,sat,real 0.29 user 0.26 sys 0.02
1047,sat,real 1.27 user 1.14 sys 0.12,sat,real 0.00 user 0.00 sys 0.00
1048,sat,real 80.62 user 77.53 sys 3.07,sat,real 0.13 user 0.11 sys 0.01
1049,unsat,real 0.06 user 0.04 sys 0.01,unsat,real 0.00 user 0.00 sys 0.00
1050,sat,real 23.51 user 21.90 sys 1.60,sat,real 0.00 user 0.00 sys 0.00
1051,unsat,real 0.00 user 0.00 sys 0.00,unsat,real 0.00 user 0.00 sys 0.00
1052,sat,real 2.22 user 1.76 sys 0.45,sat,real 0.04 user 0.04 sys 0.00
1053,unsat,real 11.68 user 10.62 sys 1.06,unsat,real 0.00 user 0.00 sys 0.00
1054,sat,real 1.03 user 0.76 sys 0.26,sat,real 0.00 user 0.00 sys 0.00
1055,sat,real 0.46 user 0.38 sys 0.07,sat,real 0.00 user 0.00 sys 0.00
1056,sat,real 1.19 user 0.89 sys 0.29,sat,real 0.01 user 0.01 sys 0.00
1057,unsat,real 6.76 user 6.06 sys 0.69,unsat,real 0.01 user 0.00 sys 0.00
1058,sat,real 0.10 user 0.05 sys 0.04,sat,real 0.00 user 0.00 sys 0.00
1059,timeout,real 300.00 user 239.22 sys 60.72,sat,real 0.00 user 0.00 sys 0.00
1060,sat,real 7.76 user 6.85 sys 0.91,sat,real 0.10 user 0.09 sys 0.01
1061,unsat,real 0.14 user 0.13 sys 0.01,unsat,real 0.00 user 0.00 sys 0.00
1062,sat,real 23.42 user 20.26 sys 3.15,sat,real 0.00 user 0.00 sys 0.00
1063,sat,real 16.33 user 14.43 sys 1.89,sat,real 0.07 user 0.06 sys 0.00
1064,sat,real 0.50 user 0.37 sys 0.12,sat,real 0.00 user 0.00 sys 0.00
1065,unsat,real 0.01 user 0.01 sys 0.00,unsat,real 0.00 user 0.00 sys 0.00
1066,sat,real 1.40 user 0.93 sys 0.46,sat,real 0.00 user 0.00 sys 0.00
1067,sat,real 0.55 user 0.40 sys 0.15,sat,real 0.07 user 0.06 sys 0.01
1068,sat,real 2.42 user 1.95 sys 0.46,sat,real 0.07 user 0.06 sys 0.00
1069,sat,real 6.64 user 5.55 sys 1.09,sat,real 0.01 user 0.00 sys 0.00
1070,sat,real 0.09 user 0.09 sys 0.00,sat,real 0.04 user 0.03 sys 0.00
1071,sat,real 74.95 user 69.73 sys 5.19,sat,real 0.50 user 0.45 sys 0.04
1072,sat,real 1.39 user 1.07 sys 0.32,sat,real 0.01 user 0.01 sys 0.00
1073,sat,real 1.08 user 0.70 sys 0.37,sat,real 0.04 user 0.03 sys 0.00
1074,sat,real 9.62 user 8.11 sys 1.50,sat,real 0.18 user 0.17 sys 0.01
1075,unsat,real 7.56 user 6.38 sys 1.17,unsat,real 0.10 user 0.09 sys 0.01
1076,sat,real 17.12 user 13.10 sys 4.01,sat,real 0.01 user 0.00 sys 0.00
1077,sat,real 7.90 user 6.98 sys 0.91,sat,real 0.03 user 0.02 sys 0.00
1078,timeout,real 300.11 user 235.71 sys 64.37,sat,real 0.00 user 0.00 sys 0.00
1079,sat,real 101.67 user 95.21 sys 6.44,sat,real 3.53 user 3.28 sys 0.24
1080,sat,real 20.69 user 19.14 sys 1.54,sat,real 0.00 user 0.00 sys 0.00
1081,timeout,real 300.00 user 240.41 sys 59.54,sat,real 0.00 user 0.00 sys 0.00
1082,unsat,real 1.59 user 1.50 sys 0.08,unsat,real 0.03 user 0.02 sys 0.00
1083,unsat,real 0.05 user 0.05 sys 0.00,unsat,real 0.00 user 0.00 sys 0.00
1084,timeout,real 300.00 user 246.13 sys 53.82,sat,real 0.14 user 0.13 sys 0.01
1085,timeout,real 300.10 user 238.48 sys 61.60,sat,real 0.00 user 0.00 sys 0.00
1086,sat,real 0.01 user 0.01 sys 0.00,sat,real 0.00 user 0.00 sys 0.00
1087,sat,real 1.99 user 1.70 sys 0.28,sat,real 0.00 user 0.00 sys 0.00
1088,unsat,real 0.07 user 0.05 sys 0.01,unsat,real 0.00 user 0.00 sys 0.00
1089,sat,real 25.79 user 19.15 sys 6.63,sat,real 0.00 user 0.00 sys 0.00
1090,sat,real 1.32 user 1.30 sys 0.01,sat,real 0.01 user 0.00 sys 0.00
1091,sat,real 1.13 user 0.84 sys 0.29,sat,real 0.00 user 0.00 sys 0.00
1092,sat,real 0.87 user 0.67 sys 0.20,sat,real 0.01 user 0.00 sys 0.00
1093,sat,real 2.45 user 2.28 sys 0.17,sat,real 0.04 user 0.04 sys 0.00
1094,unsat,real 0.01 user 0.01 sys 0.00,unsat,real 0.00 user 0.00 sys 0.00
1095,sat,real 5.02 user 4.27 sys 0.74,sat,real 0.12 user 0.11 sys 0.00
1096,sat,real 0.88 user 0.64 sys 0.24,sat,real 0.00 user 0.00 sys 0.00
1097,sat,real 0.90 user 0.66 sys 0.24,sat,real 0.05 user 0.04 sys 0.00
1098,sat,real 0.88 user 0.72 sys 0.16,sat,real 0.00 user 0.00 sys 0.00
1099,sat,real 2.14 user 2.12 sys 0.01,sat,real 0.10 user 0.09 sys 0.01
1100,timeout,real 300.00 user 231.87 sys 68.07,sat,real 0.10 user 0.09 sys 0.01
1101,sat,real 11.61 user 10.32 sys 1.28,sat,real 0.00 user 0.00 sys 0.00
1102,unsat,real 0.00 user 0.00 sys 0.00,unsat,real 0.00 user 0.00 sys 0.00
1103,sat,real 5.59 user 5.56 sys 0.03,sat,real 0.00 user 0.00 sys 0.00
1104,sat,real 1.58 user 1.31 sys 0.26,sat,real 0.00 user 0.00 sys 0.00
1105,unsat,real 0.04 user 0.03 sys 0.00,unsat,real 0.00 user 0.00 sys 0.00
1106,sat,real 3.68 user 2.77 sys 0.90,sat,real 0.00 user 0.00 sys 0.00
1107,sat,real 13.22 user 12.55 sys 0.66,sat,real 0.00 user 0.00 sys 0.00
1108,sat,real 8.33 user 7.11 sys 1.22,sat,real 0.02 user 0.02 sys 0.00
1109,unsat,real 0.03 user 0.03 sys 0.00,unsat,real 0.00 user 0.00 sys 0.00
1110,sat,real 3.71 user 3.53 sys 0.17,sat,real 0.00 user 0.00 sys 0.00
1111,sat,real 297.57 user 280.95 sys 16.61,sat,real 0.03 user 0.02 sys 0.00
1112,unsat,real 0.08 user 0.07 sys 0.00,unsat,real 0.00 user 0.00 sys 0.00
1113,unsat,real 0.00 user 0.00 sys 0.00,unsat,real 0.00 user 0.00 sys 0.00
1114,unsat,real 0.04 user 0.04 sys 0.00,unsat,real 0.00 user 0.00 sys 0.00
1115,sat,real 1.81 user 1.19 sys 0.61,sat,real 0.00 user 0.00 sys 0.00
1116,sat,real 13.75 user 11.54 sys 2.21,sat,real 0.01 user 0.00 sys 0.00
1117,sat,real 13.53 user 12.02 sys 1.50,sat,real 0.02 user 0.01 sys 0.00
1118,sat,real 1.04 user 1.03 sys 0.01,sat,real 0.27 user 0.24 sys 0.02
1119,unsat,real 0.05 user 0.05 sys 0.00,unsat,real 0.00 user 0.00 sys 0.00
1120,unsat,real 0.00 user 0.00 sys 0.00,unsat,real 0.00 user 0.00 sys 0.00
1121,timeout,real 300.12 user 288.67 sys 11.44,sat,real 0.02 user 0.00 sys 0.00
1122,sat,real 0.74 user 0.63 sys 0.10,sat,real 0.00 user 0.00 sys 0.00
1123,sat,real 2.30 user 1.53 sys 0.76,sat,real 0.07 user 0.06 sys 0.00
1124,sat,real 0.67 user 0.52 sys 0.14,sat,real 0.00 user 0.00 sys 0.00
1125,sat,real 3.73 user 3.27 sys 0.45,sat,real 0.12 user 0.11 sys 0.01
1126,timeout,real 300.10 user 277.50 sys 22.57,sat,real 0.01 user 0.01 sys 0.00
1127,sat,real 74.64 user 72.38 sys 2.24,sat,real 0.00 user 0.00 sys 0.00
1128,timeout,real 300.01 user 253.54 sys 46.43,sat,real 0.00 user 0.00 sys 0.00
1129,unsat,real 0.01 user 0.01 sys 0.00,unsat,real 0.56 user 0.51 sys 0.05
1130,sat,real 0.30 user 0.28 sys 0.02,sat,real 0.03 user 0.02 sys 0.00
1131,sat,real 3.30 user 2.27 sys 1.02,sat,real 0.00 user 0.00 sys 0.00
1132,timeout,real 300.12 user 284.60 sys 15.50,sat,real 0.00 user 0.00 sys 0.00
1133,sat,real 25.96 user 23.45 sys 2.50,sat,real 4.17 user 3.81 sys 0.35
1134,sat,real 54.87 user 50.21 sys 4.64,sat,real 0.23 user 0.21 sys 0.02
1135,sat,real 56.73 user 53.31 sys 3.40,sat,real 0.01 user 0.01 sys 0.00
1136,sat,real 2.07 user 1.60 sys 0.47,sat,real 0.00 user 0.00 sys 0.00
1137,sat,real 24.35 user 18.17 sys 6.16,sat,real 0.00 user 0.00 sys 0.00
1138,sat,real 7.16 user 6.32 sys 0.84,sat,real 0.02 user 0.02 sys 0.00
1139,unsat,real 0.45 user 0.31 sys 0.14,unsat,real 0.00 user 0.00 sys 0.00
1140,sat,real 4.18 user 3.63 sys 0.55,sat,real 0.00 user 0.00 sys 0.00
1141,unsat,real 0.09 user 0.08 sys 0.00,unsat,real 0.00 user 0.00 sys 0.00
1142,sat,real 27.63 user 23.94 sys 3.68,sat,real 0.04 user 0.04 sys 0.00
1143,sat,real 0.31 user 0.25 sys 0.06,sat,real 0.00 user 0.00 sys 0.00
1144,unsat,real 0.03 user 0.03 sys 0.00,unsat,real 0.00 user 0.00 sys 0.00
1145,unsat,real 0.54 user 0.48 sys 0.05,unsat,real 0.02 user 0.01 sys 0.00
1146,sat,real 2.56 user 2.26 sys 0.30,sat,real 0.01 user 0.00 sys 0.00
1147,sat,real 1.85 user 1.39 sys 0.45,sat,real 0.00 user 0.00 sys 0.00
1148,sat,real 0.58 user 0.45 sys 0.12,sat,real 0.00 user 0.00 sys 0.00
1149,sat,real 33.51 user 28.29 sys 5.20,sat,real 0.02 user 0.02 sys 0.00
1150,timeout,real 300.00 user 250.98 sys 48.98,sat,real 0.00 user 0.00 sys 0.00
1151,timeout,real 300.14 user 294.79 sys 5.28,sat,real 3.79 user 3.61 sys 0.18
1152,sat,real 0.03 user 0.02 sys 0.00,sat,real 0.02 user 0.02 sys 0.00
1153,sat,real 7.08 user 6.34 sys 0.73,sat,real 0.00 user 0.00 sys 0.00
1154,sat,real 24.80 user 18.93 sys 5.86,sat,real 0.01 user 0.01 sys 0.00
1155,timeout,real 300.11 user 288.29 sys 11.79,sat,real 0.65 user 0.58 sys 0.07
1156,sat,real 39.93 user 33.52 sys 6.39,sat,real 0.00 user 0.00 sys 0.00
1157,timeout,real 300.00 user 222.55 sys 77.39,sat,real 0.31 user 0.28 sys 0.03
1158,timeout,real 300.00 user 216.22 sys 83.73,sat,real 0.00 user 0.00 sys 0.00
1159,sat,real 3.89 user 2.98 sys 0.90,sat,real 0.31 user 0.29 sys 0.01
1160,unsat,real 0.02 user 0.00 sys 0.00,unsat,real 0.00 user 0.00 sys 0.00
1161,unsat,real 0.16 user 0.13 sys 0.02,unsat,real 0.02 user 0.01 sys 0.00
1162,sat,real 21.34 user 20.56 sys 0.77,sat,real 0.01 user 0.00 sys 0.00
1163,sat,real 1.62 user 1.29 sys 0.33,sat,real 0.00 user 0.00 sys 0.00
1164,sat,real 2.50 user 2.46 sys 0.04,sat,real 0.01 user 0.01 sys 0.00
1165,sat,real 0.73 user 0.60 sys 0.12,sat,real 0.01 user 0.00 sys 0.00
1166,sat,real 1.18 user 0.88 sys 0.29,sat,real 0.00 user 0.00 sys 0.00
1167,sat,real 0.45 user 0.38 sys 0.06,sat,real 0.00 user 0.00 sys 0.00
1168,timeout,real 300.11 user 259.24 sys 40.85,sat,real 0.00 user 0.00 sys 0.00
1169,unsat,real 0.21 user 0.18 sys 0.02,unsat,real 0.00 user 0.00 sys 0.00
1170,sat,real 18.51 user 16.25 sys 2.26,sat,real 1.33 user 1.25 sys 0.08
1171,unsat,real 17.92 user 15.77 sys 2.15,unsat,real 0.00 user 0.00 sys 0.00
1172,sat,real 22.84 user 20.46 sys 2.36,sat,real 0.16 user 0.14 sys 0.01
1173,sat,real 7.00 user 6.63 sys 0.36,sat,real 0.12 user 0.11 sys 0.01
1174,timeout,real 300.00 user 231.47 sys 68.48,sat,real 0.00 user 0.00 sys 0.00
1175,sat,real 0.03 user 0.02 sys 0.00,sat,real 0.00 user 0.00 sys 0.00
1176,sat,real 29.61 user 23.04 sys 6.56,sat,real 0.02 user 0.01 sys 0.00
1177,sat,real 59.11 user 49.89 sys 9.20,sat,real 0.00 user 0.00 sys 0.00
1178,sat,real 0.32 user 0.23 sys 0.08,sat,real 0.00 user 0.00 sys 0.00
1179,unsat,real 0.54 user 0.48 sys 0.05,unsat,real 0.00 user 0.00 sys 0.00
1180,unsat,real 1.27 user 1.16 sys 0.11,unsat,real 0.00 user 0.00 sys 0.00
1181,sat,real 111.74 user 106.88 sys 4.84,sat,real 0.00 user 0.00 sys 0.00
1182,sat,real 8.63 user 6.34 sys 2.28,sat,real 0.00 user 0.00 sys 0.00
1183,sat,real 2.06 user 1.63 sys 0.43,sat,real 0.00 user 0.00 sys 0.00
1184,unsat,real 0.07 user 0.06 sys 0.00,unsat,real 0.22 user 0.20 sys 0.02
1185,sat,real 3.85 user 3.13 sys 0.71,sat,real 0.03 user 0.02 sys 0.00
1186,sat,real 7.69 user 5.69 sys 2.00,sat,real 0.00 user 0.00 sys 0.00
1187,sat,real 14.19 user 10.23 sys 3.95,sat,real 0.00 user 0.00 sys 0.00
1188,sat,real 0.01 user 0.01 sys 0.00,sat,real 0.00 user 0.00 sys 0.00
1189,sat,real 69.91 user 65.40 sys 4.49,sat,real 5.17 user 4.69 sys 0.48
1190,unsat,real 5.28 user 4.95 sys 0.33,unsat,real 2.49 user 2.31 sys 0.17
1191,unsat,real 0.03 user 0.02 sys 0.00,unsat,real 0.00 user 0.00 sys 0.00
1192,unsat,real 0.00 user 0.00 sys 0.00,unsat,real 0.00 user 0.00 sys 0.00
1193,sat,real 46.50 user 40.06 sys 6.42,sat,real 0.00 user 0.00 sys 0.00
1194,sat,real 10.37 user 8.26 sys 2.10,sat,real 0.00 user 0.00 sys 0.00
1195,sat,real 12.65 user 12.48 sys 0.17,sat,real 1.90 user 1.76 sys 0.13
