an overview of the results of each solver

iteration,z3-crash,z3-sat,z3-time,mathsat-crash,mathsat-sat,mathsat-time
1,sat,real 12.09 user 12.01 sys 0.08,sat,real 0.64 user 0.57 sys 0.06
2,unsat,real 0.41 user 0.37 sys 0.03,unsat,real 0.00 user 0.00 sys 0.00
3,sat,real 2.72 user 2.14 sys 0.58,sat,real 0.05 user 0.04 sys 0.00
4,sat,real 15.78 user 14.31 sys 1.47,sat,real 0.00 user 0.00 sys 0.00
5,unsat,real 0.03 user 0.02 sys 0.00,unsat,real 0.00 user 0.00 sys 0.00
6,sat,real 3.27 user 2.67 sys 0.59,sat,real 0.00 user 0.00 sys 0.00
7,sat,real 0.05 user 0.04 sys 0.00,sat,real 0.01 user 0.01 sys 0.00
8,sat,real 13.56 user 11.95 sys 1.61,sat,real 0.25 user 0.23 sys 0.02
9,sat,real 0.01 user 0.00 sys 0.00,sat,real 0.00 user 0.00 sys 0.00
10,unsat,real 0.04 user 0.03 sys 0.00,unsat,real 0.00 user 0.00 sys 0.00
11,sat,real 0.40 user 0.31 sys 0.08,sat,real 0.00 user 0.00 sys 0.00
12,sat,real 1634.57 user 1413.14 sys 221.47,sat,real 0.01 user 0.01 sys 0.00
13,sat,real 11.55 user 11.38 sys 0.17,sat,real 0.00 user 0.00 sys 0.00
14,sat,real 12.00 user 10.39 sys 1.60,sat,real 0.03 user 0.02 sys 0.00
15,sat,real 0.09 user 0.08 sys 0.00,sat,real 0.02 user 0.01 sys 0.00
16,sat,real 18.09 user 12.93 sys 5.16,sat,real 0.00 user 0.00 sys 0.00
17,unsat,real 0.08 user 0.06 sys 0.01,unsat,real 0.00 user 0.00 sys 0.00
18,sat,real 2118.69 user 1894.14 sys 224.59,sat,real 0.11 user 0.09 sys 0.01
19,sat,real 8.22 user 5.98 sys 2.24,sat,real 0.01 user 0.01 sys 0.00
20,sat,real 0.67 user 0.55 sys 0.11,sat,real 0.00 user 0.00 sys 0.00
21,sat,real 5.70 user 4.81 sys 0.89,sat,real 0.09 user 0.08 sys 0.00
22,sat,real 2.80 user 2.51 sys 0.29,sat,real 0.00 user 0.00 sys 0.00
23,sat,real 12.14 user 11.19 sys 0.94,sat,real 0.08 user 0.06 sys 0.01
24,sat,real 12.02 user 10.50 sys 1.52,sat,real 0.00 user 0.00 sys 0.00
25,sat,real 5.13 user 4.08 sys 1.05,sat,real 0.01 user 0.01 sys 0.00
26,unsat,real 0.01 user 0.01 sys 0.00,unsat,real 0.00 user 0.00 sys 0.00
27,sat,real 1.94 user 1.55 sys 0.38,sat,real 0.00 user 0.00 sys 0.00
28,sat,real 5.46 user 4.34 sys 1.12,sat,real 0.02 user 0.01 sys 0.00
29,sat,real 5.23 user 4.64 sys 0.58,sat,real 0.00 user 0.00 sys 0.00
30,sat,real 8.14 user 5.66 sys 2.47,sat,real 0.00 user 0.00 sys 0.00
31,sat,real 11.18 user 10.25 sys 0.92,sat,real 0.66 user 0.61 sys 0.05
32,unsat,real 0.10 user 0.09 sys 0.01,unsat,real 0.00 user 0.00 sys 0.00
33,unsat,real 0.05 user 0.04 sys 0.00,unsat,real 0.00 user 0.00 sys 0.00
34,sat,real 1.45 user 1.18 sys 0.27,sat,real 0.00 user 0.00 sys 0.00
35,sat,real 0.30 user 0.22 sys 0.07,sat,real 0.05 user 0.04 sys 0.00
36,timeout,real 3600.02 user 2821.10 sys 778.63,sat,real 0.08 user 0.07 sys 0.00
37,unsat,real 0.05 user 0.04 sys 0.00,unsat,real 0.00 user 0.00 sys 0.00
38,sat,real 14.46 user 12.02 sys 2.44,sat,real 0.14 user 0.13 sys 0.01
39,sat,real 1.95 user 1.77 sys 0.17,sat,real 0.07 user 0.06 sys 0.00
40,sat,real 1.82 user 1.57 sys 0.24,sat,real 0.07 user 0.06 sys 0.01
41,unsat,real 17.63 user 16.89 sys 0.74,unsat,real 0.00 user 0.00 sys 0.00
42,sat,real 797.51 user 741.19 sys 56.35,sat,real 0.25 user 0.23 sys 0.01
43,timeout,real 3600.00 user 3385.67 sys 214.37,sat,real 0.07 user 0.06 sys 0.00
44,sat,real 45.59 user 38.12 sys 7.47,sat,real 0.00 user 0.00 sys 0.00
45,sat,real 1200.80 user 899.25 sys 301.52,sat,real 0.00 user 0.00 sys 0.00
46,sat,real 7.78 user 7.16 sys 0.62,sat,real 0.00 user 0.00 sys 0.00
47,sat,real 4.37 user 3.39 sys 0.98,sat,real 0.05 user 0.05 sys 0.00
48,sat,real 14.76 user 11.87 sys 2.89,sat,real 0.00 user 0.00 sys 0.00
49,unsat,real 0.02 user 0.01 sys 0.00,unsat,real 0.00 user 0.00 sys 0.00
50,sat,real 39.88 user 30.85 sys 9.03,sat,real 0.00 user 0.00 sys 0.00
51,sat,real 1.07 user 1.05 sys 0.01,sat,real 0.00 user 0.00 sys 0.00
52,sat,real 0.29 user 0.29 sys 0.00,sat,real 0.02 user 0.02 sys 0.00
53,unsat,real 0.16 user 0.14 sys 0.02,unsat,real 0.11 user 0.09 sys 0.01
54,sat,real 0.50 user 0.40 sys 0.10,sat,real 0.00 user 0.00 sys 0.00
55,unsat,real 0.01 user 0.01 sys 0.00,unsat,real 0.04 user 0.04 sys 0.00
56,timeout,real 3600.01 user 2781.44 sys 818.57,sat,real 0.18 user 0.16 sys 0.01
57,sat,real 13.17 user 11.21 sys 1.96,sat,real 0.01 user 0.01 sys 0.00
58,sat,real 132.29 user 102.93 sys 29.36,sat,real 0.58 user 0.52 sys 0.04
59,sat,real 0.11 user 0.08 sys 0.02,sat,real 0.00 user 0.00 sys 0.00
60,sat,real 0.24 user 0.21 sys 0.02,sat,real 0.02 user 0.01 sys 0.00
61,sat,real 0.12 user 0.08 sys 0.04,sat,real 0.00 user 0.00 sys 0.00
62,timeout,real 3600.01 user 2852.39 sys 747.68,sat,real 0.82 user 0.73 sys 0.08
63,sat,real 4.30 user 3.13 sys 1.17,sat,real 0.07 user 0.06 sys 0.00
64,sat,real 0.30 user 0.23 sys 0.07,sat,real 0.00 user 0.00 sys 0.00
65,sat,real 5.22 user 3.91 sys 1.31,sat,real 0.08 user 0.07 sys 0.00
66,unsat,real 0.01 user 0.00 sys 0.00,unsat,real 0.00 user 0.00 sys 0.00
67,sat,real 0.41 user 0.35 sys 0.06,sat,real 0.00 user 0.00 sys 0.00
68,sat,real 1.22 user 1.10 sys 0.12,sat,real 0.00 user 0.00 sys 0.00
69,sat,real 0.05 user 0.03 sys 0.01,sat,real 0.00 user 0.00 sys 0.00
70,sat,real 0.25 user 0.19 sys 0.06,sat,real 0.02 user 0.01 sys 0.00
71,unsat,real 0.00 user 0.00 sys 0.00,unsat,real 0.00 user 0.00 sys 0.00
72,sat,real 25.27 user 23.89 sys 1.37,sat,real 0.30 user 0.27 sys 0.02
73,sat,real 5.62 user 5.14 sys 0.47,sat,real 0.04 user 0.03 sys 0.00
74,unsat,real 0.12 user 0.12 sys 0.00,unsat,real 0.05 user 0.04 sys 0.01
75,sat,real 3.08 user 2.55 sys 0.52,sat,real 0.05 user 0.04 sys 0.01
76,sat,real 2.82 user 2.29 sys 0.52,sat,real 0.05 user 0.04 sys 0.00
77,timeout,real 3600.01 user 2997.91 sys 602.10,sat,real 0.00 user 0.00 sys 0.00
78,sat,real 2.21 user 1.94 sys 0.26,sat,real 0.04 user 0.04 sys 0.00
79,unsat,real 0.06 user 0.04 sys 0.00,unsat,real 0.00 user 0.00 sys 0.00
80,timeout,real 3600.01 user 2803.61 sys 796.38,sat,real 3.02 user 2.80 sys 0.22
81,sat,real 7.71 user 6.79 sys 0.91,sat,real 0.01 user 0.00 sys 0.00
82,sat,real 13.39 user 12.65 sys 0.73,sat,real 0.15 user 0.14 sys 0.01
83,sat,real 5.36 user 4.65 sys 0.71,sat,real 0.37 user 0.35 sys 0.02
84,timeout,real 3600.00 user 3408.50 sys 191.65,sat,real 0.00 user 0.00 sys 0.00
85,sat,real 2.86 user 2.11 sys 0.75,sat,real 0.00 user 0.00 sys 0.00
86,sat,real 8.97 user 8.37 sys 0.59,sat,real 0.00 user 0.00 sys 0.00
87,sat,real 6.02 user 5.15 sys 0.86,sat,real 0.00 user 0.00 sys 0.00
88,sat,real 0.53 user 0.50 sys 0.02,sat,real 0.01 user 0.01 sys 0.00
89,unsat,real 0.03 user 0.02 sys 0.00,unsat,real 0.00 user 0.00 sys 0.00
90,sat,real 7.39 user 5.99 sys 1.40,sat,real 0.17 user 0.15 sys 0.01
91,sat,real 3.01 user 2.72 sys 0.29,sat,real 0.02 user 0.01 sys 0.00
92,sat,real 28.14 user 26.47 sys 1.64,sat,real 0.03 user 0.02 sys 0.00
93,unsat,real 0.06 user 0.05 sys 0.00,unsat,real 0.00 user 0.00 sys 0.00
94,sat,real 0.14 user 0.14 sys 0.00,sat,real 0.00 user 0.00 sys 0.00
95,sat,real 3.34 user 3.31 sys 0.02,sat,real 0.54 user 0.48 sys 0.05
96,sat,real 38.16 user 35.63 sys 2.51,sat,real 0.00 user 0.00 sys 0.00
97,sat,real 0.02 user 0.02 sys 0.00,sat,real 0.00 user 0.00 sys 0.00
98,sat,real 1.12 user 0.91 sys 0.21,sat,real 0.04 user 0.03 sys 0.00
99,sat,real 0.01 user 0.01 sys 0.00,sat,real 0.00 user 0.00 sys 0.00
100,sat,real 3.35 user 2.96 sys 0.38,sat,real 0.02 user 0.01 sys 0.00
101,sat,real 22.68 user 18.78 sys 3.90,sat,real 0.12 user 0.11 sys 0.01
102,sat,real 63.23 user 49.78 sys 13.43,sat,real 0.08 user 0.07 sys 0.00
103,sat,real 22.13 user 19.86 sys 2.26,sat,real 0.00 user 0.00 sys 0.00
104,sat,real 0.79 user 0.78 sys 0.00,sat,real 0.31 user 0.28 sys 0.03
105,sat,real 60.25 user 53.23 sys 6.99,sat,real 0.00 user 0.00 sys 0.00
106,sat,real 33.29 user 29.31 sys 3.97,sat,real 0.03 user 0.02 sys 0.00
107,sat,real 7.56 user 6.83 sys 0.73,sat,real 0.00 user 0.00 sys 0.00
108,sat,real 5.65 user 4.60 sys 1.05,sat,real 0.06 user 0.06 sys 0.00
109,sat,real 2.19 user 1.54 sys 0.64,sat,real 0.07 user 0.06 sys 0.01
110,unsat,real 0.09 user 0.09 sys 0.00,unsat,real 0.00 user 0.00 sys 0.00
111,sat,real 0.45 user 0.36 sys 0.08,sat,real 0.01 user 0.00 sys 0.00
112,sat,real 0.34 user 0.33 sys 0.01,sat,real 0.00 user 0.00 sys 0.00
113,sat,real 1.46 user 1.28 sys 0.17,sat,real 0.02 user 0.02 sys 0.00
114,sat,real 2.66 user 2.06 sys 0.60,sat,real 0.00 user 0.00 sys 0.00
115,sat,real 8.19 user 6.79 sys 1.39,sat,real 0.01 user 0.00 sys 0.00
116,sat,real 4.27 user 3.17 sys 1.09,sat,real 0.00 user 0.00 sys 0.00
117,unsat,real 0.08 user 0.07 sys 0.00,unsat,real 0.00 user 0.00 sys 0.00
118,timeout,real 3600.01 user 3091.64 sys 508.42,sat,real 0.79 user 0.70 sys 0.08
119,unsat,real 0.16 user 0.14 sys 0.01,unsat,real 0.00 user 0.00 sys 0.00
120,sat,real 0.44 user 0.34 sys 0.10,sat,real 0.00 user 0.00 sys 0.00
121,unsat,real 0.03 user 0.02 sys 0.00,unsat,real 0.00 user 0.00 sys 0.00
122,sat,real 4.01 user 2.86 sys 1.14,sat,real 0.11 user 0.10 sys 0.01
123,unsat,real 0.06 user 0.05 sys 0.00,unsat,real 0.00 user 0.00 sys 0.00
124,sat,real 1078.41 user 965.35 sys 113.06,sat,real 0.16 user 0.15 sys 0.00
125,timeout,real 3600.01 user 2804.85 sys 795.22,sat,real 0.63 user 0.57 sys 0.06
126,unsat,real 0.18 user 0.15 sys 0.02,unsat,real 0.09 user 0.07 sys 0.01
127,sat,real 0.96 user 0.68 sys 0.27,sat,real 0.00 user 0.00 sys 0.00
128,timeout,real 3600.01 user 3518.17 sys 81.87,sat,real 0.50 user 0.44 sys 0.05
129,sat,real 3.69 user 2.96 sys 0.72,sat,real 0.00 user 0.00 sys 0.00
130,sat,real 11.61 user 9.00 sys 2.60,sat,real 0.00 user 0.00 sys 0.00
131,sat,real 15.15 user 13.12 sys 2.02,sat,real 0.11 user 0.09 sys 0.01
132,unsat,real 0.72 user 0.64 sys 0.07,unsat,real 0.00 user 0.00 sys 0.00
133,unsat,real 0.54 user 0.48 sys 0.05,unsat,real 0.00 user 0.00 sys 0.00
134,timeout,real 3600.01 user 2831.44 sys 768.56,sat,real 0.00 user 0.00 sys 0.00
135,sat,real 3.22 user 2.72 sys 0.49,sat,real 0.03 user 0.02 sys 0.00
136,unsat,real 0.15 user 0.13 sys 0.01,unsat,real 0.00 user 0.00 sys 0.00
137,sat,real 11.67 user 9.39 sys 2.27,sat,real 0.00 user 0.00 sys 0.00
138,timeout,real 3600.02 user 3238.31 sys 361.67,sat,real 0.71 user 0.64 sys 0.06
139,sat,real 14.89 user 11.14 sys 3.74,sat,real 0.02 user 0.02 sys 0.00
140,sat,real 0.99 user 0.65 sys 0.34,sat,real 0.00 user 0.00 sys 0.00
141,sat,real 1.28 user 1.02 sys 0.25,sat,real 0.00 user 0.00 sys 0.00
142,timeout,real 3600.01 user 2798.51 sys 801.49,sat,real 0.16 user 0.13 sys 0.02
143,sat,real 6.34 user 4.78 sys 1.55,sat,real 0.14 user 0.12 sys 0.01
144,sat,real 0.06 user 0.05 sys 0.01,sat,real 0.00 user 0.00 sys 0.00
145,sat,real 14.56 user 12.52 sys 2.04,sat,real 0.61 user 0.56 sys 0.04
146,unsat,real 0.10 user 0.08 sys 0.02,unsat,real 0.00 user 0.00 sys 0.00
147,sat,real 2.22 user 2.07 sys 0.14,sat,real 0.06 user 0.05 sys 0.00
148,unsat,real 18.33 user 16.58 sys 1.75,unsat,real 0.19 user 0.17 sys 0.02
149,sat,real 18.69 user 16.07 sys 2.61,sat,real 0.06 user 0.05 sys 0.00
150,sat,real 0.44 user 0.35 sys 0.08,sat,real 0.00 user 0.00 sys 0.00
151,unsat,real 0.26 user 0.23 sys 0.03,unsat,real 0.04 user 0.03 sys 0.00
152,timeout,real 3600.01 user 2766.49 sys 833.50,sat,real 0.00 user 0.00 sys 0.00
153,unsat,real 0.00 user 0.00 sys 0.00,unsat,real 0.00 user 0.00 sys 0.00
154,sat,real 3.10 user 2.64 sys 0.45,sat,real 0.00 user 0.00 sys 0.00
155,unsat,real 0.01 user 0.01 sys 0.00,unsat,real 0.00 user 0.00 sys 0.00
156,unsat,real 0.16 user 0.14 sys 0.02,unsat,real 0.00 user 0.00 sys 0.00
157,sat,real 2620.31 user 2527.69 sys 92.72,sat,real 0.00 user 0.00 sys 0.00
158,sat,real 0.10 user 0.10 sys 0.00,sat,real 0.00 user 0.00 sys 0.00
159,sat,real 2.19 user 1.38 sys 0.80,sat,real 0.00 user 0.00 sys 0.00
160,sat,real 4.90 user 3.79 sys 1.11,sat,real 0.02 user 0.01 sys 0.00
161,sat,real 36.36 user 29.74 sys 6.62,sat,real 0.12 user 0.11 sys 0.01
162,sat,real 15.19 user 10.47 sys 4.72,sat,real 0.00 user 0.00 sys 0.00
163,unsat,real 0.01 user 0.01 sys 0.00,unsat,real 0.00 user 0.00 sys 0.00
164,sat,real 1.01 user 0.92 sys 0.08,sat,real 0.00 user 0.00 sys 0.00
165,sat,real 8.94 user 6.73 sys 2.21,sat,real 0.07 user 0.06 sys 0.00
166,timeout,real 3600.00 user 3340.58 sys 259.56,sat,real 0.00 user 0.00 sys 0.00
167,sat,real 20.92 user 19.65 sys 1.26,sat,real 2.48 user 2.28 sys 0.20
168,unsat,real 0.04 user 0.04 sys 0.00,unsat,real 0.00 user 0.00 sys 0.00
169,unsat,real 0.03 user 0.03 sys 0.00,unsat,real 0.00 user 0.00 sys 0.00
170,sat,real 0.19 user 0.16 sys 0.03,sat,real 0.00 user 0.00 sys 0.00
171,sat,real 0.03 user 0.02 sys 0.00,sat,real 0.00 user 0.00 sys 0.00
172,sat,real 3.21 user 2.68 sys 0.53,sat,real 0.00 user 0.00 sys 0.00
173,unsat,real 0.06 user 0.05 sys 0.01,unsat,real 0.00 user 0.00 sys 0.00
174,sat,real 0.79 user 0.64 sys 0.13,sat,real 0.03 user 0.02 sys 0.00
175,unsat,real 0.01 user 0.00 sys 0.00,unsat,real 0.00 user 0.00 sys 0.00
176,sat,real 27.18 user 26.03 sys 1.15,sat,real 0.68 user 0.61 sys 0.06
177,sat,real 47.66 user 45.00 sys 2.65,sat,real 0.00 user 0.00 sys 0.00
178,unsat,real 0.04 user 0.03 sys 0.00,unsat,real 0.00 user 0.00 sys 0.00
179,sat,real 690.78 user 686.11 sys 4.71,sat,real 0.00 user 0.00 sys 0.00
180,sat,real 0.01 user 0.01 sys 0.00,sat,real 0.00 user 0.00 sys 0.00
181,sat,real 20.36 user 15.37 sys 4.97,sat,real 0.00 user 0.00 sys 0.00
182,sat,real 5.12 user 3.82 sys 1.30,sat,real 0.04 user 0.03 sys 0.01
183,sat,real 11.24 user 9.45 sys 1.79,sat,real 0.00 user 0.00 sys 0.00
184,sat,real 1.21 user 1.06 sys 0.15,sat,real 0.02 user 0.01 sys 0.00
185,sat,real 84.83 user 65.43 sys 19.37,sat,real 0.03 user 0.03 sys 0.00
186,sat,real 3.67 user 3.33 sys 0.33,sat,real 0.00 user 0.00 sys 0.00
187,unsat,real 0.04 user 0.04 sys 0.00,unsat,real 0.03 user 0.02 sys 0.00
188,timeout,real 3600.01 user 2774.10 sys 825.93,sat,real 0.19 user 0.17 sys 0.01
189,sat,real 2.68 user 2.44 sys 0.23,sat,real 0.00 user 0.00 sys 0.00
190,sat,real 99.58 user 94.27 sys 5.31,sat,real 0.00 user 0.00 sys 0.00
191,sat,real 0.40 user 0.32 sys 0.07,sat,real 0.00 user 0.00 sys 0.00
192,sat,real 7.26 user 6.22 sys 1.03,sat,real 0.00 user 0.00 sys 0.00
193,sat,real 5.62 user 3.97 sys 1.64,sat,real 0.00 user 0.00 sys 0.00
194,sat,real 6.37 user 5.26 sys 1.10,sat,real 0.00 user 0.00 sys 0.00
195,sat,real 39.91 user 33.29 sys 6.62,sat,real 0.00 user 0.00 sys 0.00
196,unsat,real 0.04 user 0.03 sys 0.00,unsat,real 0.00 user 0.00 sys 0.00
197,sat,real 422.72 user 418.95 sys 3.77,sat,real 0.00 user 0.00 sys 0.00
198,unsat,real 0.02 user 0.01 sys 0.00,unsat,real 0.00 user 0.00 sys 0.00
199,sat,real 5.91 user 5.23 sys 0.67,sat,real 0.02 user 0.02 sys 0.00
200,unsat,real 0.06 user 0.05 sys 0.00,unsat,real 0.00 user 0.00 sys 0.00
201,,real 3600.00 user 3407.73 sys 192.32,sat,real 0.00 user 0.00 sys 0.00
202,sat,real 1.06 user 0.88 sys 0.17,sat,real 0.01 user 0.01 sys 0.00
203,unsat,real 0.00 user 0.00 sys 0.00,unsat,real 0.00 user 0.00 sys 0.00
204,sat,real 0.26 user 0.25 sys 0.00,sat,real 0.04 user 0.03 sys 0.01
205,sat,real 229.75 user 224.32 sys 5.35,sat,real 0.00 user 0.00 sys 0.00
206,sat,real 0.40 user 0.25 sys 0.15,sat,real 0.01 user 0.00 sys 0.00
207,sat,real 2.04 user 1.62 sys 0.41,sat,real 0.02 user 0.02 sys 0.00
208,timeout,real 3600.01 user 2775.56 sys 824.45,sat,real 0.00 user 0.00 sys 0.00
209,sat,real 0.01 user 0.00 sys 0.00,sat,real 0.00 user 0.00 sys 0.00
210,sat,real 187.69 user 185.02 sys 2.68,sat,real 1.01 user 0.91 sys 0.09
211,sat,real 3.51 user 2.78 sys 0.73,sat,real 0.01 user 0.00 sys 0.00
212,sat,real 3.61 user 2.81 sys 0.79,sat,real 0.02 user 0.02 sys 0.00
213,sat,real 15.49 user 14.40 sys 1.08,sat,real 0.01 user 0.00 sys 0.00
214,sat,real 0.63 user 0.50 sys 0.12,sat,real 0.00 user 0.00 sys 0.00
215,sat,real 56.72 user 49.11 sys 7.59,sat,real 0.11 user 0.10 sys 0.01
216,sat,real 0.43 user 0.37 sys 0.06,sat,real 0.00 user 0.00 sys 0.00
217,sat,real 0.20 user 0.17 sys 0.02,sat,real 0.00 user 0.00 sys 0.00
218,sat,real 0.01 user 0.01 sys 0.00,sat,real 0.03 user 0.02 sys 0.00
219,sat,real 1582.43 user 1185.39 sys 397.06,sat,real 0.00 user 0.00 sys 0.00
220,sat,real 7.74 user 5.57 sys 2.17,sat,real 0.09 user 0.06 sys 0.00
221,unsat,real 0.04 user 0.04 sys 0.00,unsat,real 0.00 user 0.00 sys 0.00
222,sat,real 13.51 user 9.73 sys 3.78,sat,real 0.00 user 0.00 sys 0.00
223,sat,real 8.96 user 7.51 sys 1.44,sat,real 0.22 user 0.20 sys 0.01
224,sat,real 0.28 user 0.22 sys 0.05,sat,real 0.00 user 0.00 sys 0.00
225,sat,real 8.45 user 7.06 sys 1.39,sat,real 0.00 user 0.00 sys 0.00
226,sat,real 8.95 user 7.15 sys 1.80,sat,real 0.03 user 0.03 sys 0.00
227,unsat,real 0.08 user 0.07 sys 0.01,unsat,real 0.00 user 0.00 sys 0.00
228,sat,real 6.27 user 6.23 sys 0.04,sat,real 0.01 user 0.01 sys 0.00
229,unsat,real 0.00 user 0.00 sys 0.00,unsat,real 0.00 user 0.00 sys 0.00
230,sat,real 4.09 user 2.87 sys 1.21,sat,real 0.01 user 0.01 sys 0.00
231,unsat,real 15.66 user 14.96 sys 0.70,unsat,real 0.00 user 0.00 sys 0.00
232,sat,real 0.56 user 0.36 sys 0.20,sat,real 0.00 user 0.00 sys 0.00
233,sat,real 10.74 user 8.97 sys 1.77,sat,real 0.00 user 0.00 sys 0.00
234,unsat,real 0.06 user 0.05 sys 0.00,unsat,real 0.00 user 0.00 sys 0.00
235,sat,real 13.16 user 10.22 sys 2.93,sat,real 0.00 user 0.00 sys 0.00
236,sat,real 0.70 user 0.52 sys 0.17,sat,real 0.02 user 0.02 sys 0.00
237,sat,real 0.08 user 0.08 sys 0.00,sat,real 0.09 user 0.07 sys 0.01
238,sat,real 2.76 user 2.35 sys 0.40,sat,real 0.00 user 0.00 sys 0.00
239,sat,real 8.46 user 7.65 sys 0.81,sat,real 0.00 user 0.00 sys 0.00
240,unsat,real 0.11 user 0.10 sys 0.01,unsat,real 0.10 user 0.08 sys 0.01
241,unsat,real 0.07 user 0.06 sys 0.00,unsat,real 0.00 user 0.00 sys 0.00
242,unsat,real 0.01 user 0.00 sys 0.00,unsat,real 0.00 user 0.00 sys 0.00
243,sat,real 2.56 user 2.11 sys 0.45,sat,real 0.00 user 0.00 sys 0.00
244,unsat,real 0.06 user 0.05 sys 0.01,unsat,real 0.00 user 0.00 sys 0.00
245,timeout,real 3600.11 user 3565.48 sys 34.71,unsat,real 3.20 user 2.93 sys 0.26
246,sat,real 2.92 user 1.99 sys 0.93,sat,real 0.00 user 0.00 sys 0.00
247,sat,real 10.75 user 8.81 sys 1.92,sat,real 0.10 user 0.08 sys 0.01
248,sat,real 5.53 user 4.71 sys 0.82,sat,real 0.00 user 0.00 sys 0.00
249,sat,real 2.60 user 2.13 sys 0.46,sat,real 0.00 user 0.00 sys 0.00
250,sat,real 0.87 user 0.58 sys 0.28,sat,real 0.00 user 0.00 sys 0.00
251,sat,real 0.08 user 0.07 sys 0.00,sat,real 0.00 user 0.00 sys 0.00
252,unsat,real 0.14 user 0.12 sys 0.01,unsat,real 0.15 user 0.14 sys 0.01
253,sat,real 1.04 user 0.81 sys 0.22,sat,real 0.00 user 0.00 sys 0.00
254,sat,real 4.28 user 3.63 sys 0.65,sat,real 0.00 user 0.00 sys 0.00
255,sat,real 4.30 user 3.85 sys 0.44,sat,real 0.07 user 0.06 sys 0.00
256,sat,real 0.11 user 0.10 sys 0.00,sat,real 0.09 user 0.08 sys 0.00
257,sat,real 0.30 user 0.22 sys 0.08,sat,real 0.01 user 0.01 sys 0.00
258,sat,real 0.22 user 0.16 sys 0.06,sat,real 0.00 user 0.00 sys 0.00
259,unsat,real 0.38 user 0.29 sys 0.08,unsat,real 0.00 user 0.00 sys 0.00
260,sat,real 0.07 user 0.06 sys 0.01,sat,real 0.07 user 0.06 sys 0.00
261,sat,real 0.62 user 0.52 sys 0.09,sat,real 0.01 user 0.00 sys 0.00
262,timeout,real 3600.01 user 3093.21 sys 506.81,sat,real 0.00 user 0.00 sys 0.00
263,sat,real 28.53 user 24.83 sys 3.69,sat,real 0.22 user 0.21 sys 0.01
264,sat,real 0.85 user 0.75 sys 0.09,sat,real 0.00 user 0.00 sys 0.00
265,unsat,real 0.23 user 0.23 sys 0.00,unsat,real 0.12 user 0.10 sys 0.02
266,unsat,real 0.02 user 0.01 sys 0.00,unsat,real 0.00 user 0.00 sys 0.00
267,unsat,real 0.05 user 0.04 sys 0.00,unsat,real 0.00 user 0.00 sys 0.00
268,unsat,real 0.00 user 0.00 sys 0.00,unsat,real 0.00 user 0.00 sys 0.00
269,unsat,real 0.03 user 0.03 sys 0.00,unsat,real 0.02 user 0.01 sys 0.00
270,sat,real 1.93 user 1.47 sys 0.45,sat,real 0.00 user 0.00 sys 0.00
271,sat,real 21.66 user 18.76 sys 2.89,sat,real 0.02 user 0.01 sys 0.00
272,sat,real 0.59 user 0.47 sys 0.12,sat,real 0.00 user 0.00 sys 0.00
273,unsat,real 0.05 user 0.03 sys 0.01,unsat,real 0.05 user 0.04 sys 0.00
274,sat,real 6.34 user 5.70 sys 0.63,sat,real 0.11 user 0.09 sys 0.01
275,sat,real 19.88 user 16.99 sys 2.88,sat,real 0.00 user 0.00 sys 0.00
276,unsat,real 0.02 user 0.02 sys 0.00,unsat,real 0.00 user 0.00 sys 0.00
277,unsat,real 0.15 user 0.13 sys 0.01,unsat,real 0.16 user 0.14 sys 0.02
278,sat,real 0.47 user 0.36 sys 0.11,sat,real 0.00 user 0.00 sys 0.00
279,unsat,real 0.00 user 0.00 sys 0.00,unsat,real 0.00 user 0.00 sys 0.00
280,sat,real 4.30 user 4.24 sys 0.06,sat,real 0.82 user 0.72 sys 0.09
281,sat,real 0.36 user 0.24 sys 0.12,sat,real 0.01 user 0.01 sys 0.00
282,unsat,real 0.02 user 0.01 sys 0.00,unsat,real 0.00 user 0.00 sys 0.00
283,sat,real 0.12 user 0.07 sys 0.05,sat,real 0.00 user 0.00 sys 0.00
284,sat,real 6.98 user 5.71 sys 1.26,sat,real 0.26 user 0.23 sys 0.02
285,unsat,real 0.73 user 0.64 sys 0.08,unsat,real 0.17 user 0.15 sys 0.01
286,sat,real 1.58 user 1.31 sys 0.27,sat,real 0.03 user 0.03 sys 0.00
287,sat,real 0.48 user 0.31 sys 0.17,sat,real 0.01 user 0.01 sys 0.00
288,unsat,real 0.04 user 0.03 sys 0.00,unsat,real 0.00 user 0.00 sys 0.00
289,unsat,real 0.00 user 0.00 sys 0.00,unsat,real 0.00 user 0.00 sys 0.00
290,sat,real 0.04 user 0.03 sys 0.00,sat,real 0.00 user 0.00 sys 0.00
291,unsat,real 0.02 user 0.02 sys 0.00,unsat,real 0.00 user 0.00 sys 0.00
292,sat,real 0.50 user 0.41 sys 0.08,sat,real 0.00 user 0.00 sys 0.00
293,sat,real 1.19 user 1.18 sys 0.01,sat,real 0.00 user 0.00 sys 0.00
294,unsat,real 0.00 user 0.00 sys 0.00,unsat,real 0.00 user 0.00 sys 0.00
295,sat,real 22.09 user 18.29 sys 3.80,sat,real 0.01 user 0.00 sys 0.00
296,sat,real 5.80 user 5.76 sys 0.04,sat,real 0.00 user 0.00 sys 0.00
297,sat,real 1.73 user 1.61 sys 0.12,sat,real 0.00 user 0.00 sys 0.00
298,sat,real 4.29 user 3.78 sys 0.50,sat,real 0.00 user 0.00 sys 0.00
299,sat,real 6.53 user 5.59 sys 0.94,sat,real 0.28 user 0.26 sys 0.01
300,unsat,real 0.07 user 0.05 sys 0.01,unsat,real 0.00 user 0.00 sys 0.00
301,sat,real 0.63 user 0.47 sys 0.15,sat,real 0.00 user 0.00 sys 0.00
302,sat,real 3.00 user 2.46 sys 0.53,sat,real 0.01 user 0.01 sys 0.00
303,sat,real 6.38 user 5.70 sys 0.68,sat,real 0.03 user 0.02 sys 0.00
304,sat,real 0.22 user 0.17 sys 0.04,sat,real 0.00 user 0.00 sys 0.00
305,unsat,real 1.34 user 1.17 sys 0.17,unsat,real 0.21 user 0.19 sys 0.01
306,sat,real 0.04 user 0.04 sys 0.00,sat,real 0.21 user 0.20 sys 0.01
307,sat,real 5.65 user 4.04 sys 1.60,sat,real 0.14 user 0.13 sys 0.01
308,sat,real 0.33 user 0.25 sys 0.08,sat,real 0.01 user 0.01 sys 0.00
309,sat,real 0.01 user 0.01 sys 0.00,sat,real 0.02 user 0.01 sys 0.00
310,sat,real 22.12 user 18.77 sys 3.35,sat,real 0.18 user 0.15 sys 0.02
311,sat,real 0.50 user 0.38 sys 0.11,sat,real 0.00 user 0.00 sys 0.00
312,sat,real 1.39 user 0.99 sys 0.39,sat,real 0.12 user 0.10 sys 0.01
313,sat,real 0.19 user 0.15 sys 0.03,sat,real 0.00 user 0.00 sys 0.00
314,sat,real 0.44 user 0.37 sys 0.06,sat,real 0.00 user 0.00 sys 0.00
315,unsat,real 0.02 user 0.01 sys 0.00,unsat,real 0.00 user 0.00 sys 0.00
316,timeout,real 3600.05 user 2865.15 sys 734.81,sat,real 0.00 user 0.00 sys 0.00
317,sat,real 16.92 user 15.23 sys 1.69,sat,real 0.00 user 0.00 sys 0.00
318,sat,real 3.54 user 2.92 sys 0.61,sat,real 0.04 user 0.03 sys 0.00
319,sat,real 0.88 user 0.63 sys 0.25,sat,real 0.00 user 0.00 sys 0.00
320,sat,real 2.28 user 1.86 sys 0.41,sat,real 0.11 user 0.10 sys 0.01
321,sat,real 30.24 user 24.31 sys 5.91,sat,real 0.00 user 0.00 sys 0.00
322,sat,real 0.77 user 0.55 sys 0.21,sat,real 0.00 user 0.00 sys 0.00
323,sat,real 7.72 user 6.21 sys 1.50,sat,real 0.01 user 0.00 sys 0.00
324,sat,real 31.06 user 26.21 sys 4.82,sat,real 0.02 user 0.01 sys 0.00
325,sat,real 1.80 user 1.32 sys 0.48,sat,real 0.00 user 0.00 sys 0.00
326,unsat,real 0.08 user 0.07 sys 0.01,unsat,real 0.00 user 0.00 sys 0.00
327,sat,real 3256.01 user 2889.11 sys 366.91,sat,real 0.02 user 0.02 sys 0.00
328,sat,real 5.07 user 4.52 sys 0.54,sat,real 0.00 user 0.00 sys 0.00
329,sat,real 7.29 user 6.63 sys 0.66,sat,real 0.09 user 0.08 sys 0.01
330,unsat,real 0.01 user 0.01 sys 0.00,unsat,real 0.02 user 0.02 sys 0.00
331,unsat,real 0.41 user 0.37 sys 0.04,unsat,real 0.04 user 0.04 sys 0.00
332,unsat,real 0.10 user 0.09 sys 0.01,unsat,real 0.00 user 0.00 sys 0.00
333,sat,real 1.03 user 1.01 sys 0.01,sat,real 0.00 user 0.00 sys 0.00
334,sat,real 1.35 user 1.14 sys 0.20,sat,real 0.02 user 0.01 sys 0.00
335,sat,real 0.03 user 0.02 sys 0.00,sat,real 0.00 user 0.00 sys 0.00
336,sat,real 0.45 user 0.34 sys 0.10,sat,real 0.00 user 0.00 sys 0.00
337,timeout,real 3600.03 user 2752.36 sys 847.60,sat,real 0.00 user 0.00 sys 0.00
338,sat,real 15.66 user 14.03 sys 1.62,sat,real 0.00 user 0.00 sys 0.00
339,sat,real 2.97 user 2.49 sys 0.47,sat,real 0.00 user 0.00 sys 0.00
340,unsat,real 0.13 user 0.11 sys 0.01,unsat,real 0.04 user 0.03 sys 0.00
341,sat,real 15.68 user 13.69 sys 1.99,sat,real 0.07 user 0.06 sys 0.00
342,sat,real 1.09 user 0.97 sys 0.11,sat,real 0.00 user 0.00 sys 0.00
343,sat,real 18.67 user 13.01 sys 5.65,sat,real 0.00 user 0.00 sys 0.00
344,sat,real 77.55 user 56.01 sys 21.51,sat,real 0.01 user 0.00 sys 0.00
345,unsat,real 33.32 user 30.86 sys 2.44,unsat,real 0.80 user 0.77 sys 0.02
346,sat,real 6.36 user 5.39 sys 0.96,sat,real 0.00 user 0.00 sys 0.00
347,timeout,real 3600.01 user 2708.41 sys 891.41,sat,real 0.02 user 0.00 sys 0.00
348,sat,real 30.27 user 22.87 sys 7.40,sat,real 0.18 user 0.16 sys 0.01
349,,real 3600.02 user 3452.59 sys 147.37,sat,real 0.76 user 0.71 sys 0.04
350,sat,real 1.96 user 1.57 sys 0.39,sat,real 0.06 user 0.06 sys 0.00
351,sat,real 0.20 user 0.19 sys 0.00,sat,real 0.06 user 0.05 sys 0.00
352,sat,real 0.02 user 0.02 sys 0.00,sat,real 0.10 user 0.08 sys 0.01
353,sat,real 4.86 user 4.27 sys 0.58,sat,real 0.37 user 0.33 sys 0.03
354,sat,real 0.70 user 0.44 sys 0.26,sat,real 0.00 user 0.00 sys 0.00
355,sat,real 15.73 user 12.48 sys 3.25,sat,real 0.15 user 0.13 sys 0.01
356,sat,real 1.17 user 0.75 sys 0.42,sat,real 0.00 user 0.00 sys 0.00
357,sat,real 11.05 user 10.25 sys 0.79,sat,real 0.00 user 0.00 sys 0.00
358,sat,real 104.25 user 101.08 sys 3.15,sat,real 2.61 user 2.35 sys 0.25
359,sat,real 19.48 user 16.80 sys 2.67,sat,real 0.07 user 0.06 sys 0.01
360,sat,real 3.51 user 2.82 sys 0.69,sat,real 0.03 user 0.02 sys 0.00
361,sat,real 67.28 user 63.71 sys 3.55,sat,real 0.41 user 0.36 sys 0.04
362,unsat,real 0.03 user 0.02 sys 0.00,unsat,real 0.01 user 0.01 sys 0.00
363,sat,real 0.65 user 0.46 sys 0.18,sat,real 0.01 user 0.01 sys 0.00
364,sat,real 4.83 user 4.02 sys 0.80,sat,real 0.01 user 0.01 sys 0.00
365,sat,real 0.99 user 0.72 sys 0.27,sat,real 0.00 user 0.00 sys 0.00
366,sat,real 1.59 user 1.14 sys 0.45,sat,real 0.01 user 0.01 sys 0.00
367,sat,real 31.42 user 29.75 sys 1.65,sat,real 0.00 user 0.00 sys 0.00
368,unsat,real 0.02 user 0.02 sys 0.00,unsat,real 0.00 user 0.00 sys 0.00
369,unsat,real 3.08 user 3.03 sys 0.04,unsat,real 0.57 user 0.50 sys 0.06
370,sat,real 1.86 user 1.56 sys 0.29,sat,real 0.08 user 0.07 sys 0.01
371,sat,real 4.01 user 3.48 sys 0.53,sat,real 0.21 user 0.19 sys 0.01
372,sat,real 1.69 user 1.43 sys 0.25,sat,real 0.00 user 0.00 sys 0.00
373,sat,real 1.24 user 0.94 sys 0.29,sat,real 0.02 user 0.01 sys 0.00
374,sat,real 1.55 user 1.37 sys 0.18,sat,real 0.00 user 0.00 sys 0.00
375,sat,real 2.44 user 1.67 sys 0.77,sat,real 0.15 user 0.14 sys 0.01
376,unsat,real 0.14 user 0.12 sys 0.01,unsat,real 0.13 user 0.12 sys 0.01
377,sat,real 16.87 user 12.13 sys 4.73,sat,real 0.00 user 0.00 sys 0.00
378,sat,real 0.46 user 0.32 sys 0.14,sat,real 0.00 user 0.00 sys 0.00
379,sat,real 4.85 user 4.16 sys 0.68,sat,real 0.02 user 0.01 sys 0.00
380,sat,real 18.21 user 13.04 sys 5.16,sat,real 0.02 user 0.01 sys 0.00
381,sat,real 4.63 user 4.60 sys 0.02,sat,real 0.16 user 0.14 sys 0.01
382,sat,real 709.99 user 558.04 sys 151.90,sat,real 0.01 user 0.01 sys 0.00
383,sat,real 0.86 user 0.71 sys 0.14,sat,real 0.00 user 0.00 sys 0.00
384,sat,real 0.40 user 0.33 sys 0.06,sat,real 0.07 user 0.06 sys 0.01
385,sat,real 11.07 user 9.54 sys 1.52,sat,real 0.00 user 0.00 sys 0.00
386,sat,real 3.43 user 3.06 sys 0.36,sat,real 0.09 user 0.08 sys 0.01
387,sat,real 1.10 user 0.99 sys 0.10,sat,real 0.08 user 0.07 sys 0.00
388,sat,real 10.46 user 7.84 sys 2.62,sat,real 0.07 user 0.06 sys 0.01
389,sat,real 1.29 user 1.00 sys 0.29,sat,real 0.00 user 0.00 sys 0.00
390,sat,real 1.61 user 1.40 sys 0.20,sat,real 0.00 user 0.00 sys 0.00
391,sat,real 8.63 user 7.15 sys 1.47,sat,real 0.15 user 0.13 sys 0.02
392,sat,real 2.96 user 2.90 sys 0.05,sat,real 0.00 user 0.00 sys 0.00
393,sat,real 40.74 user 37.65 sys 3.09,sat,real 0.57 user 0.52 sys 0.04
394,sat,real 6.51 user 5.24 sys 1.26,sat,real 0.01 user 0.01 sys 0.00
395,sat,real 0.05 user 0.04 sys 0.00,sat,real 0.10 user 0.08 sys 0.01
396,timeout,real 3600.04 user 2786.15 sys 813.64,sat,real 0.00 user 0.00 sys 0.00
397,sat,real 12.01 user 10.59 sys 1.41,sat,real 0.07 user 0.06 sys 0.01
398,unsat,real 4.33 user 4.04 sys 0.28,unsat,real 0.00 user 0.00 sys 0.00
399,sat,real 3.42 user 2.89 sys 0.52,sat,real 0.00 user 0.00 sys 0.00
400,sat,real 23.91 user 22.72 sys 1.19,sat,real 0.00 user 0.00 sys 0.00
401,sat,real 9.73 user 8.35 sys 1.38,sat,real 0.05 user 0.04 sys 0.00
402,sat,real 0.68 user 0.49 sys 0.18,sat,real 0.00 user 0.00 sys 0.00
403,timeout,real 3600.01 user 2793.67 sys 805.72,sat,real 0.00 user 0.00 sys 0.00
404,sat,real 0.64 user 0.50 sys 0.14,sat,real 0.00 user 0.00 sys 0.00
405,sat,real 9.81 user 7.29 sys 2.52,sat,real 0.00 user 0.00 sys 0.00
406,sat,real 11.68 user 9.78 sys 1.90,sat,real 0.18 user 0.16 sys 0.01
407,timeout,real 3600.04 user 3180.85 sys 418.96,sat,real 0.01 user 0.01 sys 0.00
408,sat,real 3339.28 user 3123.23 sys 216.20,sat,real 0.14 user 0.12 sys 0.01
409,sat,real 4.18 user 3.63 sys 0.54,sat,real 0.01 user 0.00 sys 0.00
410,unsat,real 0.06 user 0.05 sys 0.00,unsat,real 0.00 user 0.00 sys 0.00
411,unsat,real 0.09 user 0.08 sys 0.00,unsat,real 0.00 user 0.00 sys 0.00
412,sat,real 9.96 user 8.72 sys 1.24,sat,real 0.02 user 0.01 sys 0.00
413,sat,real 6.17 user 5.06 sys 1.10,sat,real 0.00 user 0.00 sys 0.00
414,sat,real 2510.57 user 2163.21 sys 347.38,sat,real 0.07 user 0.06 sys 0.01
415,unsat,real 0.03 user 0.02 sys 0.00,unsat,real 0.00 user 0.00 sys 0.00
416,sat,real 1.10 user 1.02 sys 0.07,sat,real 0.00 user 0.00 sys 0.00
417,unsat,real 0.93 user 0.80 sys 0.12,unsat,real 0.11 user 0.10 sys 0.00
418,sat,real 20.28 user 15.62 sys 4.65,sat,real 0.00 user 0.00 sys 0.00
419,unsat,real 0.03 user 0.03 sys 0.00,unsat,real 0.00 user 0.00 sys 0.00
420,sat,real 19.20 user 17.64 sys 1.56,sat,real 0.33 user 0.30 sys 0.02
421,sat,real 0.00 user 0.00 sys 0.00,sat,real 0.00 user 0.00 sys 0.00
422,sat,real 30.81 user 28.69 sys 2.12,sat,real 0.00 user 0.00 sys 0.00
423,sat,real 38.97 user 36.98 sys 1.98,sat,real 0.64 user 0.59 sys 0.04
424,sat,real 1.58 user 1.56 sys 0.01,sat,real 0.14 user 0.13 sys 0.00
425,unsat,real 0.16 user 0.14 sys 0.02,unsat,real 0.00 user 0.00 sys 0.00
426,unsat,real 0.05 user 0.04 sys 0.00,unsat,real 0.00 user 0.00 sys 0.00
427,unsat,real 0.04 user 0.04 sys 0.00,unsat,real 0.00 user 0.00 sys 0.00
428,sat,real 4.08 user 3.06 sys 1.01,sat,real 0.00 user 0.00 sys 0.00
429,sat,real 1136.84 user 965.89 sys 171.01,sat,real 0.02 user 0.01 sys 0.00
430,sat,real 26.78 user 20.20 sys 6.56,sat,real 0.04 user 0.04 sys 0.00
431,unsat,real 0.00 user 0.00 sys 0.00,unsat,real 0.00 user 0.00 sys 0.00
432,timeout,real 3600.00 user 3420.95 sys 179.19,sat,real 0.10 user 0.09 sys 0.01
433,sat,real 0.13 user 0.08 sys 0.04,sat,real 0.00 user 0.00 sys 0.00
434,sat,real 1807.20 user 1572.55 sys 234.58,sat,real 0.00 user 0.00 sys 0.00
435,sat,real 166.75 user 155.12 sys 11.64,sat,real 0.16 user 0.15 sys 0.01
436,sat,real 16.75 user 13.87 sys 2.87,sat,real 0.41 user 0.38 sys 0.02
437,sat,real 5.24 user 4.88 sys 0.35,sat,real 0.00 user 0.00 sys 0.00
438,sat,real 260.63 user 256.30 sys 4.28,sat,real 2.34 user 2.14 sys 0.19
439,sat,real 0.21 user 0.18 sys 0.03,sat,real 0.02 user 0.01 sys 0.00
440,unsat,real 3.91 user 3.65 sys 0.25,unsat,real 0.00 user 0.00 sys 0.00
441,sat,real 40.31 user 36.72 sys 3.58,sat,real 0.00 user 0.00 sys 0.00
442,sat,real 4.66 user 3.72 sys 0.93,sat,real 0.04 user 0.03 sys 0.00
443,sat,real 0.03 user 0.02 sys 0.00,sat,real 0.01 user 0.01 sys 0.00
444,sat,real 5.20 user 4.35 sys 0.84,sat,real 0.02 user 0.02 sys 0.00
445,sat,real 8.21 user 7.42 sys 0.78,sat,real 0.01 user 0.01 sys 0.00
446,sat,real 0.37 user 0.26 sys 0.09,sat,real 0.01 user 0.01 sys 0.00
447,sat,real 29.03 user 25.94 sys 3.08,sat,real 0.76 user 0.70 sys 0.06
448,sat,real 0.01 user 0.01 sys 0.00,sat,real 0.00 user 0.00 sys 0.00
449,sat,real 2.27 user 1.53 sys 0.74,sat,real 0.10 user 0.08 sys 0.01
450,sat,real 1.31 user 0.91 sys 0.39,sat,real 0.00 user 0.00 sys 0.00
451,sat,real 7.09 user 5.61 sys 1.47,sat,real 0.00 user 0.00 sys 0.00
452,sat,real 0.87 user 0.61 sys 0.25,sat,real 0.00 user 0.00 sys 0.00
453,sat,real 41.59 user 40.30 sys 1.28,sat,real 0.64 user 0.57 sys 0.06
454,sat,real 0.01 user 0.00 sys 0.00,sat,real 0.00 user 0.00 sys 0.00
455,unsat,real 0.02 user 0.01 sys 0.00,unsat,real 0.00 user 0.00 sys 0.00
456,sat,real 0.05 user 0.04 sys 0.01,sat,real 0.03 user 0.03 sys 0.00
457,timeout,real 3600.03 user 3299.60 sys 300.52,sat,real 1.91 user 1.74 sys 0.16
458,timeout,real 3600.01 user 2718.10 sys 881.10,sat,real 0.53 user 0.48 sys 0.04
459,sat,real 0.63 user 0.53 sys 0.09,sat,real 0.01 user 0.00 sys 0.00
460,sat,real 0.06 user 0.04 sys 0.01,sat,real 0.02 user 0.02 sys 0.00
461,sat,real 2.24 user 1.71 sys 0.53,sat,real 0.01 user 0.00 sys 0.00
462,sat,real 0.35 user 0.26 sys 0.08,sat,real 0.07 user 0.06 sys 0.01
463,sat,real 4.50 user 3.35 sys 1.14,sat,real 0.01 user 0.00 sys 0.00
464,unsat,real 0.00 user 0.00 sys 0.00,unsat,real 0.00 user 0.00 sys 0.00
465,sat,real 64.38 user 61.87 sys 2.49,sat,real 0.00 user 0.00 sys 0.00
466,sat,real 1.16 user 0.89 sys 0.26,sat,real 0.00 user 0.00 sys 0.00
467,sat,real 57.35 user 53.39 sys 3.95,sat,real 0.01 user 0.00 sys 0.00
468,sat,real 5.18 user 4.30 sys 0.88,sat,real 0.50 user 0.44 sys 0.05
469,sat,real 1473.34 user 1195.45 sys 277.89,sat,real 0.02 user 0.01 sys 0.00
470,sat,real 0.28 user 0.21 sys 0.07,sat,real 0.00 user 0.00 sys 0.00
471,timeout,real 3600.01 user 2622.50 sys 977.24,sat,real 0.42 user 0.37 sys 0.04
472,sat,real 0.39 user 0.31 sys 0.07,sat,real 0.03 user 0.03 sys 0.00
473,unsat,real 3.70 user 3.21 sys 0.48,unsat,real 0.06 user 0.05 sys 0.00
474,sat,real 8.98 user 8.22 sys 0.75,sat,real 0.00 user 0.00 sys 0.00
475,sat,real 1.65 user 1.28 sys 0.36,unsat,real 0.00 user 0.00 sys 0.00
476,unsat,real 0.04 user 0.03 sys 0.00,unsat,real 0.00 user 0.00 sys 0.00
477,unsat,real 0.16 user 0.14 sys 0.01,unsat,real 0.00 user 0.00 sys 0.00
478,sat,real 23.64 user 19.37 sys 4.26,sat,real 0.00 user 0.00 sys 0.00
479,sat,real 6.31 user 6.27 sys 0.04,sat,real 0.49 user 0.42 sys 0.06
480,sat,real 63.59 user 59.49 sys 4.09,sat,real 3.48 user 3.33 sys 0.14
481,sat,real 11.55 user 8.84 sys 2.70,sat,real 0.00 user 0.00 sys 0.00
482,unsat,real 0.05 user 0.04 sys 0.00,unsat,real 0.00 user 0.00 sys 0.00
483,sat,real 0.01 user 0.00 sys 0.00,sat,real 0.01 user 0.01 sys 0.00
484,unsat,real 0.09 user 0.08 sys 0.01,unsat,real 0.00 user 0.00 sys 0.00
485,sat,real 3.48 user 2.97 sys 0.51,sat,real 0.13 user 0.12 sys 0.00
486,sat,real 109.81 user 107.90 sys 1.91,sat,real 0.00 user 0.00 sys 0.00
487,unsat,real 0.07 user 0.06 sys 0.00,unsat,real 0.00 user 0.00 sys 0.00
488,sat,real 1.18 user 0.85 sys 0.33,sat,real 0.00 user 0.00 sys 0.00
489,sat,real 2.94 user 2.20 sys 0.73,sat,real 0.00 user 0.00 sys 0.00
490,sat,real 1.47 user 1.21 sys 0.26,sat,real 0.02 user 0.01 sys 0.00
491,sat,real 238.13 user 215.53 sys 22.58,sat,real 0.07 user 0.06 sys 0.00
492,sat,real 0.31 user 0.31 sys 0.00,sat,real 0.02 user 0.02 sys 0.00
493,sat,real 8.86 user 7.31 sys 1.54,sat,real 0.00 user 0.00 sys 0.00
494,timeout,real 3600.02 user 2942.61 sys 657.51,sat,real 6.58 user 6.05 sys 0.52
495,sat,real 0.02 user 0.01 sys 0.00,sat,real 0.02 user 0.01 sys 0.00
496,sat,real 9.82 user 8.85 sys 0.96,sat,real 0.07 user 0.06 sys 0.00
497,sat,real 40.96 user 35.36 sys 5.58,sat,real 0.03 user 0.03 sys 0.00
498,sat,real 22.35 user 19.03 sys 3.31,sat,real 0.01 user 0.00 sys 0.00
499,unsat,real 0.14 user 0.12 sys 0.02,unsat,real 0.03 user 0.02 sys 0.00
500,sat,real 52.72 user 48.42 sys 4.28,sat,real 0.52 user 0.46 sys 0.05
501,sat,real 8.29 user 6.68 sys 1.60,sat,real 0.11 user 0.09 sys 0.01
502,unsat,real 0.02 user 0.01 sys 0.00,unsat,real 0.69 user 0.62 sys 0.06
503,sat,real 1.36 user 1.01 sys 0.34,sat,real 0.00 user 0.00 sys 0.00
504,sat,real 43.64 user 39.33 sys 4.29,sat,real 0.00 user 0.00 sys 0.00
505,sat,real 0.81 user 0.80 sys 0.01,sat,real 0.10 user 0.08 sys 0.01
506,sat,real 136.00 user 111.60 sys 24.38,sat,real 0.00 user 0.00 sys 0.00
507,sat,real 1.79 user 1.47 sys 0.31,sat,real 0.00 user 0.00 sys 0.00
508,sat,real 0.39 user 0.27 sys 0.12,sat,real 0.01 user 0.01 sys 0.00
509,unsat,real 0.02 user 0.02 sys 0.00,unsat,real 0.00 user 0.00 sys 0.00
510,sat,real 0.53 user 0.53 sys 0.00,sat,real 0.01 user 0.01 sys 0.00
511,unsat,real 0.09 user 0.08 sys 0.01,unsat,real 0.00 user 0.00 sys 0.00
512,sat,real 3.05 user 2.57 sys 0.48,sat,real 0.08 user 0.07 sys 0.00
513,sat,real 7.31 user 6.21 sys 1.09,sat,real 0.02 user 0.01 sys 0.00
514,sat,real 0.10 user 0.09 sys 0.00,sat,real 0.02 user 0.02 sys 0.00
515,sat,real 2.21 user 1.72 sys 0.49,sat,real 0.01 user 0.00 sys 0.00
516,timeout,real 3600.01 user 3251.43 sys 348.62,sat,real 1.31 user 1.19 sys 0.11
517,sat,real 4.72 user 3.92 sys 0.80,sat,real 0.07 user 0.06 sys 0.00
518,sat,real 11.41 user 9.41 sys 1.99,sat,real 0.00 user 0.00 sys 0.00
519,sat,real 76.77 user 75.17 sys 1.59,sat,real 0.00 user 0.00 sys 0.00
520,unsat,real 0.09 user 0.08 sys 0.01,unsat,real 0.00 user 0.00 sys 0.00
521,sat,real 5.74 user 4.04 sys 1.70,sat,real 0.03 user 0.03 sys 0.00
522,sat,real 1.42 user 1.08 sys 0.34,sat,real 0.00 user 0.00 sys 0.00
523,sat,real 3.17 user 2.63 sys 0.53,sat,real 0.02 user 0.02 sys 0.00
524,sat,real 9.00 user 8.27 sys 0.73,sat,real 0.69 user 0.64 sys 0.05
525,unsat,real 0.05 user 0.04 sys 0.00,unsat,real 0.00 user 0.00 sys 0.00
526,unsat,real 0.18 user 0.16 sys 0.01,unsat,real 0.00 user 0.00 sys 0.00
527,sat,real 7.21 user 5.66 sys 1.54,sat,real 0.01 user 0.01 sys 0.00
528,sat,real 40.59 user 31.06 sys 9.52,sat,real 0.00 user 0.00 sys 0.00
529,sat,real 0.20 user 0.13 sys 0.06,sat,real 0.00 user 0.00 sys 0.00
530,timeout,real 3600.01 user 2972.40 sys 627.67,sat,real 2.94 user 2.72 sys 0.21
531,timeout,real 3600.01 user 2632.25 sys 967.78,sat,real 0.00 user 0.00 sys 0.00
532,sat,real 0.15 user 0.15 sys 0.00,sat,real 0.01 user 0.01 sys 0.00
533,sat,real 8.26 user 6.51 sys 1.74,sat,real 0.02 user 0.02 sys 0.00
534,sat,real 183.29 user 177.87 sys 5.39,sat,real 0.09 user 0.07 sys 0.01
535,sat,real 2.67 user 2.28 sys 0.38,sat,real 0.01 user 0.01 sys 0.00
536,sat,real 187.88 user 177.69 sys 10.21,sat,real 0.05 user 0.04 sys 0.00
537,unsat,real 0.04 user 0.03 sys 0.00,unsat,real 0.00 user 0.00 sys 0.00
538,sat,real 103.45 user 78.03 sys 25.42,sat,real 0.08 user 0.06 sys 0.01
539,unsat,real 0.01 user 0.00 sys 0.00,unsat,real 0.00 user 0.00 sys 0.00
540,unsat,real 0.00 user 0.00 sys 0.00,unsat,real 0.00 user 0.00 sys 0.00
541,sat,real 4.46 user 3.88 sys 0.58,sat,real 0.00 user 0.00 sys 0.00
542,unsat,real 0.00 user 0.00 sys 0.00,unsat,real 0.00 user 0.00 sys 0.00
543,unsat,real 0.00 user 0.00 sys 0.00,unsat,real 0.00 user 0.00 sys 0.00
544,sat,real 16.26 user 15.21 sys 1.05,sat,real 0.02 user 0.01 sys 0.00
545,unsat,real 0.02 user 0.02 sys 0.00,unsat,real 0.00 user 0.00 sys 0.00
546,sat,real 88.56 user 80.32 sys 8.24,sat,real 0.00 user 0.00 sys 0.00
547,unsat,real 0.03 user 0.03 sys 0.00,unsat,real 0.00 user 0.00 sys 0.00
548,unsat,real 1.54 user 1.45 sys 0.08,unsat,real 0.00 user 0.00 sys 0.00
549,sat,real 9.51 user 7.40 sys 2.10,sat,real 0.04 user 0.04 sys 0.00
550,sat,real 2.27 user 1.90 sys 0.37,sat,real 0.01 user 0.01 sys 0.00
551,sat,real 29.63 user 28.50 sys 1.12,sat,real 0.01 user 0.01 sys 0.00
552,sat,real 2.53 user 1.76 sys 0.76,sat,real 0.01 user 0.00 sys 0.00
553,timeout,real 3600.01 user 2952.54 sys 647.51,sat,real 0.00 user 0.00 sys 0.00
554,unsat,real 8.18 user 7.34 sys 0.83,unsat,real 0.14 user 0.12 sys 0.01
555,sat,real 0.27 user 0.21 sys 0.06,sat,real 0.00 user 0.00 sys 0.00
556,sat,real 0.34 user 0.22 sys 0.11,sat,real 0.00 user 0.00 sys 0.00
557,sat,real 0.61 user 0.52 sys 0.09,sat,real 0.00 user 0.00 sys 0.00
558,sat,real 13.72 user 11.62 sys 2.10,sat,real 0.00 user 0.00 sys 0.00
559,sat,real 41.70 user 35.18 sys 6.51,sat,real 0.00 user 0.00 sys 0.00
560,timeout,real 3600.15 user 2977.49 sys 622.64,sat,real 0.00 user 0.00 sys 0.00
561,unsat,real 0.01 user 0.01 sys 0.00,unsat,real 0.02 user 0.02 sys 0.00
562,sat,real 3.23 user 2.19 sys 1.04,sat,real 0.00 user 0.00 sys 0.00
563,unsat,real 0.05 user 0.04 sys 0.00,unsat,real 0.00 user 0.00 sys 0.00
564,sat,real 1.14 user 1.13 sys 0.01,sat,real 0.00 user 0.00 sys 0.00
565,unsat,real 0.11 user 0.09 sys 0.01,unsat,real 0.00 user 0.00 sys 0.00
566,sat,real 0.10 user 0.09 sys 0.01,sat,real 0.00 user 0.00 sys 0.00
567,sat,real 27.75 user 25.57 sys 2.17,sat,real 0.00 user 0.00 sys 0.00
568,sat,real 5.47 user 4.35 sys 1.12,sat,real 0.03 user 0.03 sys 0.00
569,sat,real 4.40 user 3.44 sys 0.96,sat,real 0.02 user 0.01 sys 0.00
570,sat,real 2.00 user 1.98 sys 0.01,sat,real 0.17 user 0.13 sys 0.01
571,timeout,real 3600.07 user 3089.74 sys 510.34,sat,real 0.00 user 0.00 sys 0.00
572,unsat,real 4.19 user 3.89 sys 0.30,unsat,real 2.67 user 2.41 sys 0.25
573,sat,real 0.46 user 0.35 sys 0.11,sat,real 0.00 user 0.00 sys 0.00
574,sat,real 38.60 user 36.28 sys 2.30,sat,real 0.11 user 0.10 sys 0.01
575,sat,real 1.10 user 0.88 sys 0.22,sat,real 0.00 user 0.00 sys 0.00
576,sat,real 23.00 user 21.39 sys 1.60,sat,real 0.00 user 0.00 sys 0.00
577,unsat,real 44.98 user 42.88 sys 2.08,unsat,real 0.03 user 0.02 sys 0.00
578,sat,real 2.34 user 1.74 sys 0.59,sat,real 0.00 user 0.00 sys 0.00
579,unsat,real 1393.84 user 1189.76 sys 204.04,unsat,real 0.11 user 0.10 sys 0.01
580,sat,real 0.25 user 0.19 sys 0.05,sat,real 0.01 user 0.01 sys 0.00
581,sat,real 1.26 user 1.03 sys 0.22,sat,real 0.00 user 0.00 sys 0.00
582,unsat,real 0.02 user 0.02 sys 0.00,unsat,real 0.00 user 0.00 sys 0.00
583,unsat,real 0.06 user 0.05 sys 0.01,unsat,real 0.00 user 0.00 sys 0.00
584,sat,real 2.27 user 1.57 sys 0.70,sat,real 0.00 user 0.00 sys 0.00
585,sat,real 19.81 user 17.20 sys 2.59,sat,real 0.00 user 0.00 sys 0.00
586,sat,real 4.34 user 3.77 sys 0.56,sat,real 0.04 user 0.03 sys 0.00
587,unsat,real 0.10 user 0.09 sys 0.00,unsat,real 0.00 user 0.00 sys 0.00
588,sat,real 0.35 user 0.25 sys 0.10,sat,real 0.00 user 0.00 sys 0.00
589,sat,real 0.59 user 0.48 sys 0.11,sat,real 0.07 user 0.05 sys 0.01
590,sat,real 84.32 user 82.64 sys 1.65,sat,real 0.00 user 0.00 sys 0.00
591,sat,real 0.57 user 0.45 sys 0.12,sat,real 0.01 user 0.01 sys 0.00
592,sat,real 344.08 user 277.86 sys 66.16,sat,real 0.19 user 0.17 sys 0.02
593,sat,real 977.48 user 712.51 sys 264.94,sat,real 0.00 user 0.00 sys 0.00
594,sat,real 76.74 user 58.76 sys 17.95,sat,real 0.00 user 0.00 sys 0.00
595,sat,real 2.07 user 1.41 sys 0.65,sat,real 0.00 user 0.00 sys 0.00
596,sat,real 0.60 user 0.57 sys 0.03,sat,real 0.01 user 0.01 sys 0.00
597,sat,real 32.71 user 27.45 sys 5.24,sat,real 0.00 user 0.00 sys 0.00
598,timeout,real 3600.00 user 3252.00 sys 348.12,sat,real 0.00 user 0.00 sys 0.00
599,sat,real 144.57 user 127.14 sys 17.44,sat,real 0.00 user 0.00 sys 0.00
600,sat,real 9.90 user 9.08 sys 0.82,sat,real 0.09 user 0.08 sys 0.01
601,sat,real 13.08 user 9.60 sys 3.47,sat,real 0.00 user 0.00 sys 0.00
602,sat,real 146.48 user 141.47 sys 5.00,sat,real 7.04 user 6.48 sys 0.55
