results when a solver crashed or had inconsistencies

iteration,z3-crash,z3-sat,z3-time,mathsat-crash,mathsat-sat,mathsat-time
36,timeout,real 3600.02 user 2821.10 sys 778.63,sat,real 0.08 user 0.07 sys 0.00
43,timeout,real 3600.00 user 3385.67 sys 214.37,sat,real 0.07 user 0.06 sys 0.00
56,timeout,real 3600.01 user 2781.44 sys 818.57,sat,real 0.18 user 0.16 sys 0.01
62,timeout,real 3600.01 user 2852.39 sys 747.68,sat,real 0.82 user 0.73 sys 0.08
77,timeout,real 3600.01 user 2997.91 sys 602.10,sat,real 0.00 user 0.00 sys 0.00
80,timeout,real 3600.01 user 2803.61 sys 796.38,sat,real 3.02 user 2.80 sys 0.22
84,timeout,real 3600.00 user 3408.50 sys 191.65,sat,real 0.00 user 0.00 sys 0.00
118,timeout,real 3600.01 user 3091.64 sys 508.42,sat,real 0.79 user 0.70 sys 0.08
125,timeout,real 3600.01 user 2804.85 sys 795.22,sat,real 0.63 user 0.57 sys 0.06
128,timeout,real 3600.01 user 3518.17 sys 81.87,sat,real 0.50 user 0.44 sys 0.05
134,timeout,real 3600.01 user 2831.44 sys 768.56,sat,real 0.00 user 0.00 sys 0.00
138,timeout,real 3600.02 user 3238.31 sys 361.67,sat,real 0.71 user 0.64 sys 0.06
142,timeout,real 3600.01 user 2798.51 sys 801.49,sat,real 0.16 user 0.13 sys 0.02
152,timeout,real 3600.01 user 2766.49 sys 833.50,sat,real 0.00 user 0.00 sys 0.00
166,timeout,real 3600.00 user 3340.58 sys 259.56,sat,real 0.00 user 0.00 sys 0.00
188,timeout,real 3600.01 user 2774.10 sys 825.93,sat,real 0.19 user 0.17 sys 0.01
201,timeout,real 3600.00 user 3407.73 sys 192.32,sat,real 0.00 user 0.00 sys 0.00
208,timeout,real 3600.01 user 2775.56 sys 824.45,sat,real 0.00 user 0.00 sys 0.00
245,timeout,real 3600.11 user 3565.48 sys 34.71,unsat,real 3.20 user 2.93 sys 0.26
262,timeout,real 3600.01 user 3093.21 sys 506.81,sat,real 0.00 user 0.00 sys 0.00
316,timeout,real 3600.05 user 2865.15 sys 734.81,sat,real 0.00 user 0.00 sys 0.00
337,timeout,real 3600.03 user 2752.36 sys 847.60,sat,real 0.00 user 0.00 sys 0.00
347,timeout,real 3600.01 user 2708.41 sys 891.41,sat,real 0.02 user 0.00 sys 0.00
349,timeout,real 3600.02 user 3452.59 sys 147.37,sat,real 0.76 user 0.71 sys 0.04
396,timeout,real 3600.04 user 2786.15 sys 813.64,sat,real 0.00 user 0.00 sys 0.00
403,timeout,real 3600.01 user 2793.67 sys 805.72,sat,real 0.00 user 0.00 sys 0.00
407,timeout,real 3600.04 user 3180.85 sys 418.96,sat,real 0.01 user 0.01 sys 0.00
432,timeout,real 3600.00 user 3420.95 sys 179.19,sat,real 0.10 user 0.09 sys 0.01
457,timeout,real 3600.03 user 3299.60 sys 300.52,sat,real 1.91 user 1.74 sys 0.16
458,timeout,real 3600.01 user 2718.10 sys 881.10,sat,real 0.53 user 0.48 sys 0.04
471,timeout,real 3600.01 user 2622.50 sys 977.24,sat,real 0.42 user 0.37 sys 0.04
475,sat,real 1.65 user 1.28 sys 0.36,unsat,real 0.00 user 0.00 sys 0.00
494,timeout,real 3600.02 user 2942.61 sys 657.51,sat,real 6.58 user 6.05 sys 0.52
516,timeout,real 3600.01 user 3251.43 sys 348.62,sat,real 1.31 user 1.19 sys 0.11
530,timeout,real 3600.01 user 2972.40 sys 627.67,sat,real 2.94 user 2.72 sys 0.21
531,timeout,real 3600.01 user 2632.25 sys 967.78,sat,real 0.00 user 0.00 sys 0.00
553,timeout,real 3600.01 user 2952.54 sys 647.51,sat,real 0.00 user 0.00 sys 0.00
560,timeout,real 3600.15 user 2977.49 sys 622.64,sat,real 0.00 user 0.00 sys 0.00
571,timeout,real 3600.07 user 3089.74 sys 510.34,sat,real 0.00 user 0.00 sys 0.00
598,timeout,real 3600.00 user 3252.00 sys 348.12,sat,real 0.00 user 0.00 sys 0.00
603,timeout,real 3600.01 user 2753.29 sys 846.65,sat,real 0.00 user 0.00 sys 0.00
612,timeout,real 3600.01 user 2909.46 sys 690.50,sat,real 0.50 user 0.46 sys 0.04
635,timeout,real 3600.01 user 2792.26 sys 807.53,sat,real 0.00 user 0.00 sys 0.00
637,timeout,real 3600.11 user 2995.16 sys 604.21,sat,real 0.00 user 0.00 sys 0.00
663,timeout,real 3600.01 user 2834.19 sys 765.79,sat,real 0.00 user 0.00 sys 0.00
697,timeout,real 3600.01 user 3359.03 sys 240.59,sat,real 0.48 user 0.42 sys 0.06
701,timeout,real 3600.24 user 3469.58 sys 130.71,sat,real 0.63 user 0.57 sys 0.05
710,timeout,real 3600.01 user 3439.08 sys 161.00,sat,real 0.00 user 0.00 sys 0.00
712,timeout,real 3600.01 user 3538.69 sys 60.63,sat,real 0.05 user 0.04 sys 0.00
716,timeout,real 3600.02 user 3246.24 sys 353.83,sat,real 0.00 user 0.00 sys 0.00
726,timeout,real 3600.00 user 3522.47 sys 77.13,sat,real 0.57 user 0.53 sys 0.03
741,timeout,real 3600.04 user 2820.65 sys 779.18,sat,real 0.00 user 0.00 sys 0.00
749,timeout,real 3600.07 user 3386.23 sys 213.56,sat,real 0.17 user 0.14 sys 0.02
756,timeout,real 3600.00 user 3495.04 sys 105.12,sat,real 0.19 user 0.17 sys 0.01
760,timeout,real 3600.01 user 2796.21 sys 803.76,sat,real 0.08 user 0.07 sys 0.00
775,timeout,real 3600.03 user 3090.26 sys 509.84,sat,real 0.00 user 0.00 sys 0.00
785,timeout,real 3600.01 user 2649.36 sys 950.65,sat,real 0.00 user 0.00 sys 0.00
791,timeout,real 3600.01 user 2842.67 sys 757.36,sat,real 0.15 user 0.13 sys 0.01
797,timeout,real 3600.00 user 3514.14 sys 86.03,sat,real 0.10 user 0.08 sys 0.01
828,timeout,real 3600.01 user 3109.79 sys 490.08,sat,real 0.00 user 0.00 sys 0.00
839,timeout,real 3600.03 user 3251.45 sys 347.84,sat,real 0.55 user 0.49 sys 0.05
890,timeout,real 3600.01 user 2736.21 sys 863.54,sat,real 0.00 user 0.00 sys 0.00
893,timeout,real 3600.01 user 3177.31 sys 422.35,sat,real 0.59 user 0.53 sys 0.05
907,timeout,real 3600.01 user 2809.44 sys 789.66,sat,real 0.00 user 0.00 sys 0.00
921,timeout,real 3600.00 user 3291.05 sys 308.78,sat,real 0.00 user 0.00 sys 0.00
952,timeout,real 3600.01 user 2916.73 sys 683.26,sat,real 0.00 user 0.00 sys 0.00
954,timeout,real 3600.01 user 2842.33 sys 757.53,sat,real 0.17 user 0.14 sys 0.02
1011,timeout,real 3600.11 user 2968.16 sys 631.60,sat,real 1.33 user 1.20 sys 0.12
1013,timeout,real 3600.01 user 2747.76 sys 852.27,sat,real 0.00 user 0.00 sys 0.00
1023,timeout,real 3600.01 user 2800.14 sys 799.71,sat,real 0.00 user 0.00 sys 0.00
1030,timeout,real 3600.05 user 3038.27 sys 561.83,sat,real 0.01 user 0.00 sys 0.00
1035,timeout,real 3600.00 user 3496.98 sys 103.19,sat,real 0.00 user 0.00 sys 0.00
1083,timeout,real 3600.15 user 3397.27 sys 202.87,sat,real 0.81 user 0.73 sys 0.07
1097,timeout,real 3600.03 user 3463.07 sys 136.35,sat,real 0.01 user 0.00 sys 0.00
1138,timeout,real 3600.01 user 2903.43 sys 696.61,sat,real 0.48 user 0.44 sys 0.04
1165,sat,real 1.18 user 1.02 sys 0.16,unsat,real 0.00 user 0.00 sys 0.00
1182,timeout,real 3600.01 user 3516.68 sys 83.35,sat,real 0.49 user 0.43 sys 0.06
1189,timeout,real 3600.04 user 2902.12 sys 697.68,sat,real 0.50 user 0.44 sys 0.05
