results when a solver crashed or had inconsistencies

iteration,z3-crash,z3-sat,z3-time,mathsat-crash,mathsat-sat,mathsat-time
1,timeout,real 3600.01 user 3460.71 sys 139.36,sat,real 0.01 user 0.00 sys 0.00
2,timeout,real 3600.00 user 3424.82 sys 175.09,sat,real 0.00 user 0.00 sys 0.00
3,timeout,real 3600.05 user 3440.71 sys 158.90,sat,real 4.65 user 4.28 sys 0.36
4,timeout,real 3600.00 user 3447.16 sys 152.68,sat,real 0.01 user 0.01 sys 0.00
5,unsat,real 0.65 user 0.59 sys 0.05,unsat,real 0.00 user 0.00 sys 0.00
6,timeout,real 3600.01 user 3340.91 sys 258.94,sat,real 0.02 user 0.02 sys 0.00
7,timeout,real 3600.01 user 3490.97 sys 109.06,sat,real 0.00 user 0.00 sys 0.00
8,timeout,real 3600.06 user 3437.10 sys 162.81,sat,real 0.88 user 0.76 sys 0.11
9,timeout,real 3600.20 user 3394.95 sys 205.12,sat,real 0.10 user 0.08 sys 0.00
10,timeout,real 3600.01 user 3423.48 sys 176.60,sat,real 0.00 user 0.00 sys 0.00
11,unsat,real 0.86 user 0.80 sys 0.06,unsat,real 0.00 user 0.00 sys 0.00
12,timeout,real 3600.01 user 3346.71 sys 253.38,sat,real 0.00 user 0.00 sys 0.00
13,timeout,real 3600.00 user 3506.69 sys 93.38,sat,real 0.00 user 0.00 sys 0.00
14,timeout,real 3600.00 user 3455.20 sys 144.94,sat,real 0.00 user 0.00 sys 0.00
15,sat,real 2865.66 user 2749.71 sys 116.04,sat,real 0.00 user 0.00 sys 0.00
16,timeout,real 3600.01 user 3412.05 sys 187.95,sat,real 0.02 user 0.00 sys 0.00
17,unsat,real 53.27 user 50.31 sys 2.95,unsat,real 4.39 user 3.92 sys 0.43
18,timeout,real 3600.21 user 3452.89 sys 147.05,sat,real 0.16 user 0.14 sys 0.01
19,timeout,real 3600.09 user 3459.62 sys 140.53,sat,real 0.00 user 0.00 sys 0.00
20,timeout,real 3600.07 user 3336.99 sys 263.15,sat,real 0.01 user 0.00 sys 0.00
21,timeout,real 3600.01 user 3440.94 sys 159.12,sat,real 0.00 user 0.00 sys 0.00
22,timeout,real 3600.01 user 3103.39 sys 496.65,sat,real 0.02 user 0.01 sys 0.00
23,unsat,real 1.25 user 1.16 sys 0.08,unsat,real 0.00 user 0.00 sys 0.00
24,unsat,real 0.80 user 0.73 sys 0.07,unsat,real 0.00 user 0.00 sys 0.00
25,timeout,real 3600.01 user 3480.92 sys 119.18,sat,real 0.07 user 0.06 sys 0.01
26,unsat,real 67.34 user 64.02 sys 3.32,unsat,real 0.00 user 0.00 sys 0.00
27,timeout,real 3600.03 user 3489.63 sys 110.46,sat,real 0.04 user 0.03 sys 0.00
28,timeout,real 3600.03 user 3492.73 sys 107.38,sat,real 0.00 user 0.00 sys 0.00
29,timeout,real 3600.01 user 3450.95 sys 148.21,sat,real 0.00 user 0.00 sys 0.00
30,timeout,real 3600.01 user 3480.37 sys 119.62,sat,real 0.11 user 0.09 sys 0.01
31,unsat,real 15.20 user 14.27 sys 0.92,unsat,real 0.00 user 0.00 sys 0.00
32,timeout,real 3600.17 user 3470.58 sys 129.60,sat,real 0.14 user 0.12 sys 0.01
33,timeout,real 3600.01 user 3442.03 sys 158.03,sat,real 0.19 user 0.17 sys 0.01
34,timeout,real 3600.01 user 3385.42 sys 214.64,sat,real 0.23 user 0.20 sys 0.02
35,timeout,real 3600.03 user 3253.56 sys 346.21,sat,real 0.02 user 0.02 sys 0.00
36,unsat,real 0.66 user 0.61 sys 0.04,unsat,real 0.00 user 0.00 sys 0.00
37,unsat,real 91.27 user 85.00 sys 6.27,unsat,real 0.13 user 0.12 sys 0.01
38,timeout,real 3600.03 user 3526.38 sys 73.67,sat,real 0.25 user 0.24 sys 0.01
39,timeout,real 3600.09 user 3252.07 sys 347.50,sat,real 0.33 user 0.30 sys 0.02
40,timeout,real 3600.01 user 3442.50 sys 157.50,sat,real 0.04 user 0.04 sys 0.00
41,unsat,real 0.83 user 0.76 sys 0.06,unsat,real 0.21 user 0.19 sys 0.02
42,unsat,real 0.94 user 0.88 sys 0.06,unsat,real 0.00 user 0.00 sys 0.00
43,timeout,real 3600.00 user 3492.61 sys 107.18,sat,real 0.00 user 0.00 sys 0.00
44,timeout,real 3600.15 user 3386.74 sys 213.30,sat,real 2.97 user 2.71 sys 0.25
45,timeout,real 3600.01 user 3379.30 sys 220.79,sat,real 0.03 user 0.03 sys 0.00
46,timeout,real 3600.16 user 3345.85 sys 254.35,sat,real 0.20 user 0.18 sys 0.01
47,sat,real 2178.11 user 2043.91 sys 134.24,sat,real 0.11 user 0.09 sys 0.01
48,unsat,real 0.87 user 0.80 sys 0.07,unsat,real 0.00 user 0.00 sys 0.00
49,timeout,real 3600.00 user 3434.11 sys 165.89,sat,real 0.14 user 0.12 sys 0.01
50,timeout,real 3600.19 user 3432.93 sys 167.30,sat,real 0.01 user 0.00 sys 0.00
51,unsat,real 0.79 user 0.72 sys 0.07,unsat,real 0.00 user 0.00 sys 0.00
52,unsat,real 40.63 user 38.89 sys 1.72,unsat,real 0.00 user 0.00 sys 0.00
53,timeout,real 3600.00 user 3430.81 sys 169.27,sat,real 0.03 user 0.03 sys 0.00
54,timeout,real 3600.01 user 3433.79 sys 166.26,sat,real 0.53 user 0.48 sys 0.04
55,timeout,real 3600.01 user 3276.56 sys 323.50,sat,real 0.08 user 0.07 sys 0.00
56,timeout,real 3600.14 user 3497.03 sys 102.72,sat,real 0.02 user 0.02 sys 0.00
57,timeout,real 3600.01 user 3459.37 sys 140.62,sat,real 0.23 user 0.21 sys 0.02
58,timeout,real 3600.00 user 3428.46 sys 170.88,sat,real 0.05 user 0.04 sys 0.00
59,unsat,real 3.05 user 2.86 sys 0.19,unsat,real 0.00 user 0.00 sys 0.00
60,unsat,real 0.80 user 0.74 sys 0.05,unsat,real 0.00 user 0.00 sys 0.00
61,timeout,real 3600.00 user 3478.50 sys 121.42,sat,real 0.00 user 0.00 sys 0.00
62,sat,real 2936.13 user 2797.85 sys 138.34,sat,real 0.08 user 0.07 sys 0.00
63,timeout,real 3600.01 user 3430.51 sys 169.53,sat,real 0.00 user 0.00 sys 0.00
64,unsat,real 0.68 user 0.62 sys 0.05,unsat,real 0.00 user 0.00 sys 0.00
65,timeout,real 3600.11 user 3332.04 sys 268.04,sat,real 0.01 user 0.00 sys 0.00
66,timeout,real 3600.10 user 3486.88 sys 113.17,sat,real 0.43 user 0.39 sys 0.04
67,timeout,real 3600.03 user 3412.99 sys 187.09,sat,real 0.00 user 0.00 sys 0.00
68,timeout,real 3600.00 user 3503.45 sys 96.60,sat,real 0.15 user 0.13 sys 0.02
69,unsat,real 38.49 user 36.74 sys 1.74,unsat,real 0.00 user 0.00 sys 0.00
70,timeout,real 3600.00 user 3423.47 sys 176.42,sat,real 0.00 user 0.00 sys 0.00
71,timeout,real 3600.15 user 3563.38 sys 36.14,sat,real 8.81 user 8.20 sys 0.60
72,sat,real 3289.77 user 3131.13 sys 158.42,sat,real 0.16 user 0.15 sys 0.01
73,timeout,real 3600.00 user 3445.73 sys 153.13,sat,real 0.00 user 0.00 sys 0.00
74,timeout,real 3600.11 user 3340.92 sys 259.13,sat,real 0.01 user 0.01 sys 0.00
75,timeout,real 3600.00 user 3437.49 sys 162.61,sat,real 0.08 user 0.07 sys 0.01
76,timeout,real 3600.00 user 3507.91 sys 92.21,sat,real 1.09 user 1.00 sys 0.09
77,unsat,real 0.51 user 0.46 sys 0.04,unsat,real 0.00 user 0.00 sys 0.00
78,timeout,real 3600.13 user 3511.42 sys 88.15,sat,real 1.12 user 1.02 sys 0.09
79,unsat,real 0.98 user 0.89 sys 0.08,unsat,real 0.00 user 0.00 sys 0.00
80,timeout,real 3600.01 user 3447.87 sys 152.22,sat,real 0.30 user 0.29 sys 0.01
81,timeout,real 3600.01 user 3354.45 sys 244.78,sat,real 0.01 user 0.01 sys 0.00
82,timeout,real 3600.01 user 3520.84 sys 79.18,sat,real 0.00 user 0.00 sys 0.00
83,timeout,real 3600.01 user 3455.05 sys 145.02,sat,real 0.00 user 0.00 sys 0.00
84,unsat,real 0.43 user 0.39 sys 0.03,unsat,real 0.00 user 0.00 sys 0.00
85,unsat,real 21.32 user 20.38 sys 0.93,unsat,real 0.00 user 0.00 sys 0.00
86,timeout,real 3600.00 user 3448.72 sys 151.08,sat,real 0.21 user 0.19 sys 0.01
87,unsat,real 0.82 user 0.75 sys 0.06,unsat,real 0.00 user 0.00 sys 0.00
88,timeout,real 3600.01 user 3484.21 sys 115.89,sat,real 0.08 user 0.07 sys 0.00
89,unsat,real 0.64 user 0.59 sys 0.04,unsat,real 0.00 user 0.00 sys 0.00
90,timeout,real 3600.01 user 3493.78 sys 106.34,sat,real 0.00 user 0.00 sys 0.00
91,timeout,real 3600.13 user 3498.54 sys 101.14,sat,real 0.00 user 0.00 sys 0.00
92,unsat,real 0.65 user 0.59 sys 0.06,unsat,real 0.00 user 0.00 sys 0.00
93,timeout,real 3600.01 user 3488.28 sys 111.44,sat,real 0.10 user 0.09 sys 0.00
94,timeout,real 3600.00 user 3497.91 sys 102.15,sat,real 0.00 user 0.00 sys 0.00
95,timeout,real 3600.00 user 3488.09 sys 112.01,sat,real 0.08 user 0.07 sys 0.00
96,timeout,real 3600.00 user 3458.07 sys 142.02,sat,real 0.04 user 0.03 sys 0.00
97,timeout,real 3600.00 user 3462.10 sys 138.00,sat,real 0.00 user 0.00 sys 0.00
98,unsat,real 0.92 user 0.86 sys 0.06,unsat,real 0.00 user 0.00 sys 0.00
99,timeout,real 3600.46 user 3475.20 sys 125.45,sat,real 0.48 user 0.43 sys 0.05
100,unsat,real 629.45 user 602.92 sys 26.50,unsat,real 0.02 user 0.02 sys 0.00
101,timeout,real 3600.01 user 3350.45 sys 249.63,sat,real 0.15 user 0.14 sys 0.00
102,timeout,real 3600.04 user 3433.94 sys 166.10,sat,real 0.02 user 0.01 sys 0.00
103,timeout,real 3600.01 user 3514.53 sys 85.51,sat,real 0.00 user 0.00 sys 0.00
104,timeout,real 3600.00 user 3467.70 sys 132.40,sat,real 0.02 user 0.01 sys 0.00
105,timeout,real 3600.11 user 3349.45 sys 250.36,sat,real 0.20 user 0.18 sys 0.02
106,timeout,real 3600.01 user 3532.74 sys 67.36,sat,real 0.01 user 0.01 sys 0.00
107,timeout,real 3600.00 user 3419.10 sys 181.02,sat,real 0.00 user 0.00 sys 0.00
108,timeout,real 3600.13 user 3392.02 sys 208.25,sat,real 0.22 user 0.20 sys 0.02
109,timeout,real 3600.22 user 3333.92 sys 266.40,sat,real 0.03 user 0.03 sys 0.00
110,unsat,real 37.74 user 36.17 sys 1.56,unsat,real 0.00 user 0.00 sys 0.00
111,unsat,real 0.83 user 0.76 sys 0.06,unsat,real 0.00 user 0.00 sys 0.00
112,timeout,real 3600.01 user 3349.96 sys 250.05,sat,real 0.00 user 0.00 sys 0.00
113,unsat,real 0.76 user 0.70 sys 0.06,unsat,real 0.00 user 0.00 sys 0.00
114,unsat,real 0.95 user 0.89 sys 0.06,unsat,real 0.00 user 0.00 sys 0.00
115,sat,real 2614.12 user 2446.86 sys 167.32,sat,real 0.02 user 0.01 sys 0.00
116,timeout,real 3600.16 user 3486.75 sys 113.51,sat,real 0.01 user 0.00 sys 0.00
117,timeout,real 3600.02 user 3543.92 sys 56.17,sat,real 0.23 user 0.21 sys 0.02
118,timeout,real 3600.42 user 3468.84 sys 131.77,sat,real 0.05 user 0.04 sys 0.00
119,timeout,real 3600.34 user 3469.93 sys 130.52,sat,real 0.49 user 0.46 sys 0.02
120,unsat,real 0.40 user 0.36 sys 0.04,unsat,real 0.00 user 0.00 sys 0.00
121,timeout,real 3600.44 user 3524.67 sys 75.96,sat,real 1.13 user 1.07 sys 0.06
122,timeout,real 3600.01 user 3440.54 sys 159.47,sat,real 0.67 user 0.59 sys 0.07
123,timeout,real 3600.03 user 3529.29 sys 70.72,sat,real 0.00 user 0.00 sys 0.00
124,timeout,real 3600.01 user 3305.31 sys 294.78,sat,real 0.14 user 0.12 sys 0.01
125,timeout,real 3600.22 user 3466.54 sys 133.82,sat,real 0.01 user 0.00 sys 0.00
126,timeout,real 3600.02 user 3452.86 sys 147.24,sat,real 0.00 user 0.00 sys 0.00
127,sat,real 2883.72 user 2786.93 sys 96.89,sat,real 0.08 user 0.08 sys 0.00
128,timeout,real 3600.00 user 3433.06 sys 166.71,sat,real 0.05 user 0.04 sys 0.00
129,timeout,real 3600.01 user 3489.81 sys 110.28,sat,real 0.14 user 0.13 sys 0.01
